2017-10-21 13:25:40,215 root INFO Test execution started: test_page.add_action_to_test
2017-10-21 13:25:40,215 root INFO Browser: chrome-headless
2017-10-21 13:25:40,216 root INFO Environment: test
2017-10-21 13:25:40,216 root INFO Using data: 
    action: send keys
    url: http://localhost:8000

2017-10-21 13:25:40,221 root INFO Test does not have setup function
2017-10-21 13:25:41,238 selenium.webdriver.remote.remote_connection DEBUG POST http://127.0.0.1:60406/session {"capabilities": {"firstMatch": [{}], "alwaysMatch": {"browserName": "chrome", "platformName": "any"}}, "desiredCapabilities": {"browserName": "chrome", "version": "", "platform": "ANY", "chromeOptions": {"extensions": [], "args": ["headless", "--window-size=1600,1600"]}}}
2017-10-21 13:25:44,289 selenium.webdriver.remote.remote_connection DEBUG Finished Request
2017-10-21 13:25:44,289 selenium.webdriver.remote.remote_connection DEBUG POST http://127.0.0.1:60406/session/5f2a73aa268c5a14500deb587ae2b05b/window/current/maximize {"windowHandle": "current", "sessionId": "5f2a73aa268c5a14500deb587ae2b05b"}
2017-10-21 13:25:44,409 selenium.webdriver.remote.remote_connection DEBUG Finished Request
2017-10-21 13:25:44,409 selenium.webdriver.remote.remote_connection DEBUG POST http://127.0.0.1:60406/session/5f2a73aa268c5a14500deb587ae2b05b/element {"using": "id", "value": "testCasesTree", "sessionId": "5f2a73aa268c5a14500deb587ae2b05b"}
2017-10-21 13:25:44,442 selenium.webdriver.remote.remote_connection DEBUG Finished Request
2017-10-21 13:25:44,943 root DEBUG Element not found yet, remaining time: 14.46678113937378
2017-10-21 13:25:44,943 selenium.webdriver.remote.remote_connection DEBUG POST http://127.0.0.1:60406/session/5f2a73aa268c5a14500deb587ae2b05b/element {"using": "id", "value": "testCasesTree", "sessionId": "5f2a73aa268c5a14500deb587ae2b05b"}
2017-10-21 13:25:44,955 selenium.webdriver.remote.remote_connection DEBUG Finished Request
2017-10-21 13:25:45,455 root DEBUG Element not found yet, remaining time: 13.954304218292236
2017-10-21 13:25:45,456 selenium.webdriver.remote.remote_connection DEBUG POST http://127.0.0.1:60406/session/5f2a73aa268c5a14500deb587ae2b05b/element {"using": "id", "value": "testCasesTree", "sessionId": "5f2a73aa268c5a14500deb587ae2b05b"}
2017-10-21 13:25:45,466 selenium.webdriver.remote.remote_connection DEBUG Finished Request
2017-10-21 13:25:45,966 root DEBUG Element not found yet, remaining time: 13.44408106803894
2017-10-21 13:25:45,966 selenium.webdriver.remote.remote_connection DEBUG POST http://127.0.0.1:60406/session/5f2a73aa268c5a14500deb587ae2b05b/element {"using": "id", "value": "testCasesTree", "sessionId": "5f2a73aa268c5a14500deb587ae2b05b"}
2017-10-21 13:25:45,978 selenium.webdriver.remote.remote_connection DEBUG Finished Request
2017-10-21 13:25:46,478 root DEBUG Element not found yet, remaining time: 12.932009220123291
2017-10-21 13:25:46,479 selenium.webdriver.remote.remote_connection DEBUG POST http://127.0.0.1:60406/session/5f2a73aa268c5a14500deb587ae2b05b/element {"using": "id", "value": "testCasesTree", "sessionId": "5f2a73aa268c5a14500deb587ae2b05b"}
2017-10-21 13:25:46,489 selenium.webdriver.remote.remote_connection DEBUG Finished Request
2017-10-21 13:25:46,990 root DEBUG Element not found yet, remaining time: 12.421118259429932
2017-10-21 13:25:46,990 selenium.webdriver.remote.remote_connection DEBUG POST http://127.0.0.1:60406/session/5f2a73aa268c5a14500deb587ae2b05b/element {"using": "id", "value": "testCasesTree", "sessionId": "5f2a73aa268c5a14500deb587ae2b05b"}
2017-10-21 13:25:47,001 selenium.webdriver.remote.remote_connection DEBUG Finished Request
2017-10-21 13:25:47,502 root DEBUG Element not found yet, remaining time: 11.909181356430054
2017-10-21 13:25:47,502 selenium.webdriver.remote.remote_connection DEBUG POST http://127.0.0.1:60406/session/5f2a73aa268c5a14500deb587ae2b05b/element {"using": "id", "value": "testCasesTree", "sessionId": "5f2a73aa268c5a14500deb587ae2b05b"}
2017-10-21 13:25:47,513 selenium.webdriver.remote.remote_connection DEBUG Finished Request
2017-10-21 13:25:48,013 root DEBUG Element not found yet, remaining time: 11.398223400115967
2017-10-21 13:25:48,014 selenium.webdriver.remote.remote_connection DEBUG POST http://127.0.0.1:60406/session/5f2a73aa268c5a14500deb587ae2b05b/element {"using": "id", "value": "testCasesTree", "sessionId": "5f2a73aa268c5a14500deb587ae2b05b"}
2017-10-21 13:25:48,023 selenium.webdriver.remote.remote_connection DEBUG Finished Request
2017-10-21 13:25:48,524 root DEBUG Element not found yet, remaining time: 10.888189554214478
2017-10-21 13:25:48,524 selenium.webdriver.remote.remote_connection DEBUG POST http://127.0.0.1:60406/session/5f2a73aa268c5a14500deb587ae2b05b/element {"using": "id", "value": "testCasesTree", "sessionId": "5f2a73aa268c5a14500deb587ae2b05b"}
2017-10-21 13:25:48,534 selenium.webdriver.remote.remote_connection DEBUG Finished Request
2017-10-21 13:25:49,034 root DEBUG Element not found yet, remaining time: 10.378127574920654
2017-10-21 13:25:49,035 selenium.webdriver.remote.remote_connection DEBUG POST http://127.0.0.1:60406/session/5f2a73aa268c5a14500deb587ae2b05b/element {"using": "id", "value": "testCasesTree", "sessionId": "5f2a73aa268c5a14500deb587ae2b05b"}
2017-10-21 13:25:49,045 selenium.webdriver.remote.remote_connection DEBUG Finished Request
2017-10-21 13:25:49,547 root DEBUG Element not found yet, remaining time: 9.866092443466187
2017-10-21 13:25:49,547 selenium.webdriver.remote.remote_connection DEBUG POST http://127.0.0.1:60406/session/5f2a73aa268c5a14500deb587ae2b05b/element {"using": "id", "value": "testCasesTree", "sessionId": "5f2a73aa268c5a14500deb587ae2b05b"}
2017-10-21 13:25:49,558 selenium.webdriver.remote.remote_connection DEBUG Finished Request
2017-10-21 13:25:50,058 root DEBUG Element not found yet, remaining time: 9.35481858253479
2017-10-21 13:25:50,059 selenium.webdriver.remote.remote_connection DEBUG POST http://127.0.0.1:60406/session/5f2a73aa268c5a14500deb587ae2b05b/element {"using": "id", "value": "testCasesTree", "sessionId": "5f2a73aa268c5a14500deb587ae2b05b"}
2017-10-21 13:25:50,070 selenium.webdriver.remote.remote_connection DEBUG Finished Request
2017-10-21 13:25:50,570 root DEBUG Element not found yet, remaining time: 8.843493461608887
2017-10-21 13:25:50,571 selenium.webdriver.remote.remote_connection DEBUG POST http://127.0.0.1:60406/session/5f2a73aa268c5a14500deb587ae2b05b/element {"using": "id", "value": "testCasesTree", "sessionId": "5f2a73aa268c5a14500deb587ae2b05b"}
2017-10-21 13:25:50,582 selenium.webdriver.remote.remote_connection DEBUG Finished Request
2017-10-21 13:25:51,082 root DEBUG Element not found yet, remaining time: 8.331751346588135
2017-10-21 13:25:51,083 selenium.webdriver.remote.remote_connection DEBUG POST http://127.0.0.1:60406/session/5f2a73aa268c5a14500deb587ae2b05b/element {"using": "id", "value": "testCasesTree", "sessionId": "5f2a73aa268c5a14500deb587ae2b05b"}
2017-10-21 13:25:51,094 selenium.webdriver.remote.remote_connection DEBUG Finished Request
2017-10-21 13:25:51,595 root DEBUG Element not found yet, remaining time: 7.819552421569824
2017-10-21 13:25:51,595 selenium.webdriver.remote.remote_connection DEBUG POST http://127.0.0.1:60406/session/5f2a73aa268c5a14500deb587ae2b05b/element {"using": "id", "value": "testCasesTree", "sessionId": "5f2a73aa268c5a14500deb587ae2b05b"}
2017-10-21 13:25:51,606 selenium.webdriver.remote.remote_connection DEBUG Finished Request
2017-10-21 13:25:52,106 root DEBUG Element not found yet, remaining time: 7.308643341064453
2017-10-21 13:25:52,107 selenium.webdriver.remote.remote_connection DEBUG POST http://127.0.0.1:60406/session/5f2a73aa268c5a14500deb587ae2b05b/element {"using": "id", "value": "testCasesTree", "sessionId": "5f2a73aa268c5a14500deb587ae2b05b"}
2017-10-21 13:25:52,117 selenium.webdriver.remote.remote_connection DEBUG Finished Request
2017-10-21 13:25:52,618 root DEBUG Element not found yet, remaining time: 6.797579288482666
2017-10-21 13:25:52,618 selenium.webdriver.remote.remote_connection DEBUG POST http://127.0.0.1:60406/session/5f2a73aa268c5a14500deb587ae2b05b/element {"using": "id", "value": "testCasesTree", "sessionId": "5f2a73aa268c5a14500deb587ae2b05b"}
2017-10-21 13:25:52,629 selenium.webdriver.remote.remote_connection DEBUG Finished Request
2017-10-21 13:25:53,130 root DEBUG Element not found yet, remaining time: 6.285877227783203
2017-10-21 13:25:53,130 selenium.webdriver.remote.remote_connection DEBUG POST http://127.0.0.1:60406/session/5f2a73aa268c5a14500deb587ae2b05b/element {"using": "id", "value": "testCasesTree", "sessionId": "5f2a73aa268c5a14500deb587ae2b05b"}
2017-10-21 13:25:53,148 selenium.webdriver.remote.remote_connection DEBUG Finished Request
2017-10-21 13:25:53,648 root DEBUG Element not found yet, remaining time: 5.7675392627716064
2017-10-21 13:25:53,649 selenium.webdriver.remote.remote_connection DEBUG POST http://127.0.0.1:60406/session/5f2a73aa268c5a14500deb587ae2b05b/element {"using": "id", "value": "testCasesTree", "sessionId": "5f2a73aa268c5a14500deb587ae2b05b"}
2017-10-21 13:25:53,660 selenium.webdriver.remote.remote_connection DEBUG Finished Request
2017-10-21 13:25:54,160 root DEBUG Element not found yet, remaining time: 5.2559733390808105
2017-10-21 13:25:54,161 selenium.webdriver.remote.remote_connection DEBUG POST http://127.0.0.1:60406/session/5f2a73aa268c5a14500deb587ae2b05b/element {"using": "id", "value": "testCasesTree", "sessionId": "5f2a73aa268c5a14500deb587ae2b05b"}
2017-10-21 13:25:54,171 selenium.webdriver.remote.remote_connection DEBUG Finished Request
2017-10-21 13:25:54,671 root DEBUG Element not found yet, remaining time: 4.74576210975647
2017-10-21 13:25:54,671 selenium.webdriver.remote.remote_connection DEBUG POST http://127.0.0.1:60406/session/5f2a73aa268c5a14500deb587ae2b05b/element {"using": "id", "value": "testCasesTree", "sessionId": "5f2a73aa268c5a14500deb587ae2b05b"}
2017-10-21 13:25:54,679 selenium.webdriver.remote.remote_connection DEBUG Finished Request
2017-10-21 13:25:55,180 root DEBUG Element not found yet, remaining time: 4.236807107925415
2017-10-21 13:25:55,181 selenium.webdriver.remote.remote_connection DEBUG POST http://127.0.0.1:60406/session/5f2a73aa268c5a14500deb587ae2b05b/element {"using": "id", "value": "testCasesTree", "sessionId": "5f2a73aa268c5a14500deb587ae2b05b"}
2017-10-21 13:25:55,188 selenium.webdriver.remote.remote_connection DEBUG Finished Request
2017-10-21 13:25:55,688 root DEBUG Element not found yet, remaining time: 3.7288641929626465
2017-10-21 13:25:55,689 selenium.webdriver.remote.remote_connection DEBUG POST http://127.0.0.1:60406/session/5f2a73aa268c5a14500deb587ae2b05b/element {"using": "id", "value": "testCasesTree", "sessionId": "5f2a73aa268c5a14500deb587ae2b05b"}
2017-10-21 13:25:55,700 selenium.webdriver.remote.remote_connection DEBUG Finished Request
2017-10-21 13:25:56,201 root DEBUG Element not found yet, remaining time: 3.216702461242676
2017-10-21 13:25:56,201 selenium.webdriver.remote.remote_connection DEBUG POST http://127.0.0.1:60406/session/5f2a73aa268c5a14500deb587ae2b05b/element {"using": "id", "value": "testCasesTree", "sessionId": "5f2a73aa268c5a14500deb587ae2b05b"}
2017-10-21 13:25:56,210 selenium.webdriver.remote.remote_connection DEBUG Finished Request
2017-10-21 13:25:56,710 root DEBUG Element not found yet, remaining time: 2.707721471786499
2017-10-21 13:25:56,711 selenium.webdriver.remote.remote_connection DEBUG POST http://127.0.0.1:60406/session/5f2a73aa268c5a14500deb587ae2b05b/element {"using": "id", "value": "testCasesTree", "sessionId": "5f2a73aa268c5a14500deb587ae2b05b"}
2017-10-21 13:25:56,718 selenium.webdriver.remote.remote_connection DEBUG Finished Request
2017-10-21 13:25:57,218 root DEBUG Element not found yet, remaining time: 2.1999154090881348
2017-10-21 13:25:57,219 selenium.webdriver.remote.remote_connection DEBUG POST http://127.0.0.1:60406/session/5f2a73aa268c5a14500deb587ae2b05b/element {"using": "id", "value": "testCasesTree", "sessionId": "5f2a73aa268c5a14500deb587ae2b05b"}
2017-10-21 13:25:57,225 selenium.webdriver.remote.remote_connection DEBUG Finished Request
2017-10-21 13:25:57,725 root DEBUG Element not found yet, remaining time: 1.6932063102722168
2017-10-21 13:25:57,726 selenium.webdriver.remote.remote_connection DEBUG POST http://127.0.0.1:60406/session/5f2a73aa268c5a14500deb587ae2b05b/element {"using": "id", "value": "testCasesTree", "sessionId": "5f2a73aa268c5a14500deb587ae2b05b"}
2017-10-21 13:25:57,732 selenium.webdriver.remote.remote_connection DEBUG Finished Request
2017-10-21 13:25:58,233 root DEBUG Element not found yet, remaining time: 1.186014175415039
2017-10-21 13:25:58,233 selenium.webdriver.remote.remote_connection DEBUG POST http://127.0.0.1:60406/session/5f2a73aa268c5a14500deb587ae2b05b/element {"using": "id", "value": "testCasesTree", "sessionId": "5f2a73aa268c5a14500deb587ae2b05b"}
2017-10-21 13:25:58,241 selenium.webdriver.remote.remote_connection DEBUG Finished Request
2017-10-21 13:25:58,741 root DEBUG Element not found yet, remaining time: 0.6778850555419922
2017-10-21 13:25:58,741 selenium.webdriver.remote.remote_connection DEBUG POST http://127.0.0.1:60406/session/5f2a73aa268c5a14500deb587ae2b05b/element {"using": "id", "value": "testCasesTree", "sessionId": "5f2a73aa268c5a14500deb587ae2b05b"}
2017-10-21 13:25:58,748 selenium.webdriver.remote.remote_connection DEBUG Finished Request
2017-10-21 13:25:59,249 root DEBUG Element not found yet, remaining time: 0.1704871654510498
2017-10-21 13:25:59,249 selenium.webdriver.remote.remote_connection DEBUG POST http://127.0.0.1:60406/session/5f2a73aa268c5a14500deb587ae2b05b/element {"using": "id", "value": "testCasesTree", "sessionId": "5f2a73aa268c5a14500deb587ae2b05b"}
2017-10-21 13:25:59,256 selenium.webdriver.remote.remote_connection DEBUG Finished Request
2017-10-21 13:25:59,758 selenium.webdriver.remote.remote_connection DEBUG POST http://127.0.0.1:60406/session/5f2a73aa268c5a14500deb587ae2b05b/element {"using": "id", "value": "testCasesTree", "sessionId": "5f2a73aa268c5a14500deb587ae2b05b"}
2017-10-21 13:25:59,765 selenium.webdriver.remote.remote_connection DEBUG Finished Request
2017-10-21 13:26:00,266 root DEBUG Element not found yet, remaining time: 14.491576910018921
2017-10-21 13:26:00,266 selenium.webdriver.remote.remote_connection DEBUG POST http://127.0.0.1:60406/session/5f2a73aa268c5a14500deb587ae2b05b/element {"using": "id", "value": "testCasesTree", "sessionId": "5f2a73aa268c5a14500deb587ae2b05b"}
2017-10-21 13:26:00,273 selenium.webdriver.remote.remote_connection DEBUG Finished Request
2017-10-21 13:26:00,774 root DEBUG Element not found yet, remaining time: 13.984156847000122
2017-10-21 13:26:00,774 selenium.webdriver.remote.remote_connection DEBUG POST http://127.0.0.1:60406/session/5f2a73aa268c5a14500deb587ae2b05b/element {"using": "id", "value": "testCasesTree", "sessionId": "5f2a73aa268c5a14500deb587ae2b05b"}
2017-10-21 13:26:00,782 selenium.webdriver.remote.remote_connection DEBUG Finished Request
2017-10-21 13:26:01,282 root DEBUG Element not found yet, remaining time: 13.47580885887146
2017-10-21 13:26:01,283 selenium.webdriver.remote.remote_connection DEBUG POST http://127.0.0.1:60406/session/5f2a73aa268c5a14500deb587ae2b05b/element {"using": "id", "value": "testCasesTree", "sessionId": "5f2a73aa268c5a14500deb587ae2b05b"}
2017-10-21 13:26:01,290 selenium.webdriver.remote.remote_connection DEBUG Finished Request
2017-10-21 13:26:01,790 root DEBUG Element not found yet, remaining time: 12.968410730361938
2017-10-21 13:26:01,791 selenium.webdriver.remote.remote_connection DEBUG POST http://127.0.0.1:60406/session/5f2a73aa268c5a14500deb587ae2b05b/element {"using": "id", "value": "testCasesTree", "sessionId": "5f2a73aa268c5a14500deb587ae2b05b"}
2017-10-21 13:26:01,798 selenium.webdriver.remote.remote_connection DEBUG Finished Request
2017-10-21 13:26:02,298 root DEBUG Element not found yet, remaining time: 12.460747718811035
2017-10-21 13:26:02,298 selenium.webdriver.remote.remote_connection DEBUG POST http://127.0.0.1:60406/session/5f2a73aa268c5a14500deb587ae2b05b/element {"using": "id", "value": "testCasesTree", "sessionId": "5f2a73aa268c5a14500deb587ae2b05b"}
2017-10-21 13:26:02,306 selenium.webdriver.remote.remote_connection DEBUG Finished Request
2017-10-21 13:26:02,807 root DEBUG Element not found yet, remaining time: 11.951745748519897
2017-10-21 13:26:02,808 selenium.webdriver.remote.remote_connection DEBUG POST http://127.0.0.1:60406/session/5f2a73aa268c5a14500deb587ae2b05b/element {"using": "id", "value": "testCasesTree", "sessionId": "5f2a73aa268c5a14500deb587ae2b05b"}
2017-10-21 13:26:02,815 selenium.webdriver.remote.remote_connection DEBUG Finished Request
2017-10-21 13:26:03,316 root DEBUG Element not found yet, remaining time: 11.443403720855713
2017-10-21 13:26:03,316 selenium.webdriver.remote.remote_connection DEBUG POST http://127.0.0.1:60406/session/5f2a73aa268c5a14500deb587ae2b05b/element {"using": "id", "value": "testCasesTree", "sessionId": "5f2a73aa268c5a14500deb587ae2b05b"}
2017-10-21 13:26:03,323 selenium.webdriver.remote.remote_connection DEBUG Finished Request
2017-10-21 13:26:03,824 root DEBUG Element not found yet, remaining time: 10.936255693435669
2017-10-21 13:26:03,824 selenium.webdriver.remote.remote_connection DEBUG POST http://127.0.0.1:60406/session/5f2a73aa268c5a14500deb587ae2b05b/element {"using": "id", "value": "testCasesTree", "sessionId": "5f2a73aa268c5a14500deb587ae2b05b"}
2017-10-21 13:26:03,831 selenium.webdriver.remote.remote_connection DEBUG Finished Request
2017-10-21 13:26:04,333 root DEBUG Element not found yet, remaining time: 10.427360534667969
2017-10-21 13:26:04,333 selenium.webdriver.remote.remote_connection DEBUG POST http://127.0.0.1:60406/session/5f2a73aa268c5a14500deb587ae2b05b/element {"using": "id", "value": "testCasesTree", "sessionId": "5f2a73aa268c5a14500deb587ae2b05b"}
2017-10-21 13:26:04,340 selenium.webdriver.remote.remote_connection DEBUG Finished Request
2017-10-21 13:26:04,841 root DEBUG Element not found yet, remaining time: 9.918887615203857
2017-10-21 13:26:04,842 selenium.webdriver.remote.remote_connection DEBUG POST http://127.0.0.1:60406/session/5f2a73aa268c5a14500deb587ae2b05b/element {"using": "id", "value": "testCasesTree", "sessionId": "5f2a73aa268c5a14500deb587ae2b05b"}
2017-10-21 13:26:04,849 selenium.webdriver.remote.remote_connection DEBUG Finished Request
2017-10-21 13:26:05,351 root DEBUG Element not found yet, remaining time: 9.410155534744263
2017-10-21 13:26:05,351 selenium.webdriver.remote.remote_connection DEBUG POST http://127.0.0.1:60406/session/5f2a73aa268c5a14500deb587ae2b05b/element {"using": "id", "value": "testCasesTree", "sessionId": "5f2a73aa268c5a14500deb587ae2b05b"}
2017-10-21 13:26:05,360 selenium.webdriver.remote.remote_connection DEBUG Finished Request
2017-10-21 13:26:05,861 root DEBUG Element not found yet, remaining time: 8.900463581085205
2017-10-21 13:26:05,861 selenium.webdriver.remote.remote_connection DEBUG POST http://127.0.0.1:60406/session/5f2a73aa268c5a14500deb587ae2b05b/element {"using": "id", "value": "testCasesTree", "sessionId": "5f2a73aa268c5a14500deb587ae2b05b"}
2017-10-21 13:26:05,869 selenium.webdriver.remote.remote_connection DEBUG Finished Request
2017-10-21 13:26:06,370 root DEBUG Element not found yet, remaining time: 8.391705513000488
2017-10-21 13:26:06,370 selenium.webdriver.remote.remote_connection DEBUG POST http://127.0.0.1:60406/session/5f2a73aa268c5a14500deb587ae2b05b/element {"using": "id", "value": "testCasesTree", "sessionId": "5f2a73aa268c5a14500deb587ae2b05b"}
2017-10-21 13:26:06,376 selenium.webdriver.remote.remote_connection DEBUG Finished Request
2017-10-21 13:26:06,877 root DEBUG Element not found yet, remaining time: 7.885023355484009
2017-10-21 13:26:06,877 selenium.webdriver.remote.remote_connection DEBUG POST http://127.0.0.1:60406/session/5f2a73aa268c5a14500deb587ae2b05b/element {"using": "id", "value": "testCasesTree", "sessionId": "5f2a73aa268c5a14500deb587ae2b05b"}
2017-10-21 13:26:06,884 selenium.webdriver.remote.remote_connection DEBUG Finished Request
2017-10-21 13:26:07,384 root DEBUG Element not found yet, remaining time: 7.377736330032349
2017-10-21 13:26:07,385 selenium.webdriver.remote.remote_connection DEBUG POST http://127.0.0.1:60406/session/5f2a73aa268c5a14500deb587ae2b05b/element {"using": "id", "value": "testCasesTree", "sessionId": "5f2a73aa268c5a14500deb587ae2b05b"}
2017-10-21 13:26:07,395 selenium.webdriver.remote.remote_connection DEBUG Finished Request
2017-10-21 13:26:07,896 root DEBUG Element not found yet, remaining time: 6.86578106880188
2017-10-21 13:26:07,897 selenium.webdriver.remote.remote_connection DEBUG POST http://127.0.0.1:60406/session/5f2a73aa268c5a14500deb587ae2b05b/element {"using": "id", "value": "testCasesTree", "sessionId": "5f2a73aa268c5a14500deb587ae2b05b"}
2017-10-21 13:26:07,906 selenium.webdriver.remote.remote_connection DEBUG Finished Request
2017-10-21 13:26:08,407 root DEBUG Element not found yet, remaining time: 6.356076955795288
2017-10-21 13:26:08,407 selenium.webdriver.remote.remote_connection DEBUG POST http://127.0.0.1:60406/session/5f2a73aa268c5a14500deb587ae2b05b/element {"using": "id", "value": "testCasesTree", "sessionId": "5f2a73aa268c5a14500deb587ae2b05b"}
2017-10-21 13:26:08,417 selenium.webdriver.remote.remote_connection DEBUG Finished Request
2017-10-21 13:26:08,918 root DEBUG Element not found yet, remaining time: 5.84538722038269
2017-10-21 13:26:08,918 selenium.webdriver.remote.remote_connection DEBUG POST http://127.0.0.1:60406/session/5f2a73aa268c5a14500deb587ae2b05b/element {"using": "id", "value": "testCasesTree", "sessionId": "5f2a73aa268c5a14500deb587ae2b05b"}
2017-10-21 13:26:08,927 selenium.webdriver.remote.remote_connection DEBUG Finished Request
2017-10-21 13:26:09,428 root DEBUG Element not found yet, remaining time: 5.335758209228516
2017-10-21 13:26:09,428 selenium.webdriver.remote.remote_connection DEBUG POST http://127.0.0.1:60406/session/5f2a73aa268c5a14500deb587ae2b05b/element {"using": "id", "value": "testCasesTree", "sessionId": "5f2a73aa268c5a14500deb587ae2b05b"}
2017-10-21 13:26:09,437 selenium.webdriver.remote.remote_connection DEBUG Finished Request
2017-10-21 13:26:09,937 root DEBUG Element not found yet, remaining time: 4.8267011642456055
2017-10-21 13:26:09,937 selenium.webdriver.remote.remote_connection DEBUG POST http://127.0.0.1:60406/session/5f2a73aa268c5a14500deb587ae2b05b/element {"using": "id", "value": "testCasesTree", "sessionId": "5f2a73aa268c5a14500deb587ae2b05b"}
2017-10-21 13:26:09,946 selenium.webdriver.remote.remote_connection DEBUG Finished Request
2017-10-21 13:26:10,447 root DEBUG Element not found yet, remaining time: 4.317127227783203
2017-10-21 13:26:10,447 selenium.webdriver.remote.remote_connection DEBUG POST http://127.0.0.1:60406/session/5f2a73aa268c5a14500deb587ae2b05b/element {"using": "id", "value": "testCasesTree", "sessionId": "5f2a73aa268c5a14500deb587ae2b05b"}
2017-10-21 13:26:10,459 selenium.webdriver.remote.remote_connection DEBUG Finished Request
2017-10-21 13:26:10,960 root DEBUG Element not found yet, remaining time: 3.8049914836883545
2017-10-21 13:26:10,960 selenium.webdriver.remote.remote_connection DEBUG POST http://127.0.0.1:60406/session/5f2a73aa268c5a14500deb587ae2b05b/element {"using": "id", "value": "testCasesTree", "sessionId": "5f2a73aa268c5a14500deb587ae2b05b"}
2017-10-21 13:26:10,968 selenium.webdriver.remote.remote_connection DEBUG Finished Request
2017-10-21 13:26:11,469 root DEBUG Element not found yet, remaining time: 3.2957875728607178
2017-10-21 13:26:11,469 selenium.webdriver.remote.remote_connection DEBUG POST http://127.0.0.1:60406/session/5f2a73aa268c5a14500deb587ae2b05b/element {"using": "id", "value": "testCasesTree", "sessionId": "5f2a73aa268c5a14500deb587ae2b05b"}
2017-10-21 13:26:11,476 selenium.webdriver.remote.remote_connection DEBUG Finished Request
2017-10-21 13:26:11,977 root DEBUG Element not found yet, remaining time: 2.788341760635376
2017-10-21 13:26:11,977 selenium.webdriver.remote.remote_connection DEBUG POST http://127.0.0.1:60406/session/5f2a73aa268c5a14500deb587ae2b05b/element {"using": "id", "value": "testCasesTree", "sessionId": "5f2a73aa268c5a14500deb587ae2b05b"}
2017-10-21 13:26:11,986 selenium.webdriver.remote.remote_connection DEBUG Finished Request
2017-10-21 13:26:12,487 root DEBUG Element not found yet, remaining time: 2.2785558700561523
2017-10-21 13:26:12,487 selenium.webdriver.remote.remote_connection DEBUG POST http://127.0.0.1:60406/session/5f2a73aa268c5a14500deb587ae2b05b/element {"using": "id", "value": "testCasesTree", "sessionId": "5f2a73aa268c5a14500deb587ae2b05b"}
2017-10-21 13:26:12,496 selenium.webdriver.remote.remote_connection DEBUG Finished Request
2017-10-21 13:26:12,996 root DEBUG Element not found yet, remaining time: 1.7694637775421143
2017-10-21 13:26:12,997 selenium.webdriver.remote.remote_connection DEBUG POST http://127.0.0.1:60406/session/5f2a73aa268c5a14500deb587ae2b05b/element {"using": "id", "value": "testCasesTree", "sessionId": "5f2a73aa268c5a14500deb587ae2b05b"}
2017-10-21 13:26:13,004 selenium.webdriver.remote.remote_connection DEBUG Finished Request
2017-10-21 13:26:13,504 root DEBUG Element not found yet, remaining time: 1.2617416381835938
2017-10-21 13:26:13,505 selenium.webdriver.remote.remote_connection DEBUG POST http://127.0.0.1:60406/session/5f2a73aa268c5a14500deb587ae2b05b/element {"using": "id", "value": "testCasesTree", "sessionId": "5f2a73aa268c5a14500deb587ae2b05b"}
2017-10-21 13:26:13,512 selenium.webdriver.remote.remote_connection DEBUG Finished Request
2017-10-21 13:26:14,013 root DEBUG Element not found yet, remaining time: 0.7536156177520752
2017-10-21 13:26:14,014 selenium.webdriver.remote.remote_connection DEBUG POST http://127.0.0.1:60406/session/5f2a73aa268c5a14500deb587ae2b05b/element {"using": "id", "value": "testCasesTree", "sessionId": "5f2a73aa268c5a14500deb587ae2b05b"}
2017-10-21 13:26:14,021 selenium.webdriver.remote.remote_connection DEBUG Finished Request
2017-10-21 13:26:14,521 root DEBUG Element not found yet, remaining time: 0.24641680717468262
2017-10-21 13:26:14,521 selenium.webdriver.remote.remote_connection DEBUG POST http://127.0.0.1:60406/session/5f2a73aa268c5a14500deb587ae2b05b/element {"using": "id", "value": "testCasesTree", "sessionId": "5f2a73aa268c5a14500deb587ae2b05b"}
2017-10-21 13:26:14,528 selenium.webdriver.remote.remote_connection DEBUG Finished Request
2017-10-21 13:26:15,035 root INFO Take screenshot error
2017-10-21 13:26:15,036 selenium.webdriver.remote.remote_connection DEBUG GET http://127.0.0.1:60406/session/5f2a73aa268c5a14500deb587ae2b05b/screenshot {"sessionId": "5f2a73aa268c5a14500deb587ae2b05b"}
2017-10-21 13:26:18,114 selenium.webdriver.remote.remote_connection DEBUG Finished Request
2017-10-21 13:26:18,115 root ERROR An error ocurred:
Traceback (most recent call last):
  File "/Users/lucianofeo/Desktop/golem/src/golem/browser.py", line 19, in _find_webelement
    webelement = root.find_element_by_id(selector_value)
  File "/Users/lucianofeo/Desktop/golem/env/lib/python3.6/site-packages/selenium-3.6.0-py3.6.egg/selenium/webdriver/remote/webdriver.py", line 341, in find_element_by_id
    return self.find_element(by=By.ID, value=id_)
  File "/Users/lucianofeo/Desktop/golem/env/lib/python3.6/site-packages/selenium-3.6.0-py3.6.egg/selenium/webdriver/remote/webdriver.py", line 843, in find_element
    'value': value})['value']
  File "/Users/lucianofeo/Desktop/golem/env/lib/python3.6/site-packages/selenium-3.6.0-py3.6.egg/selenium/webdriver/remote/webdriver.py", line 308, in execute
    self.error_handler.check_response(response)
  File "/Users/lucianofeo/Desktop/golem/env/lib/python3.6/site-packages/selenium-3.6.0-py3.6.egg/selenium/webdriver/remote/errorhandler.py", line 194, in check_response
    raise exception_class(message, screen, stacktrace)
selenium.common.exceptions.NoSuchElementException: Message: no such element: Unable to locate element: {"method":"id","selector":"testCasesTree"}
  (Session info: headless chrome=61.0.3163.100)
  (Driver info: chromedriver=2.32.498537 (cb2f855cbc7b82e20387eaf9a43f6b99b6105061),platform=Mac OS X 10.12.5 x86_64)


During handling of the above exception, another exception occurred:

Traceback (most recent call last):
  File "/Users/lucianofeo/Desktop/golem/src/golem/browser.py", line 19, in _find_webelement
    webelement = root.find_element_by_id(selector_value)
  File "/Users/lucianofeo/Desktop/golem/env/lib/python3.6/site-packages/selenium-3.6.0-py3.6.egg/selenium/webdriver/remote/webdriver.py", line 341, in find_element_by_id
    return self.find_element(by=By.ID, value=id_)
  File "/Users/lucianofeo/Desktop/golem/env/lib/python3.6/site-packages/selenium-3.6.0-py3.6.egg/selenium/webdriver/remote/webdriver.py", line 843, in find_element
    'value': value})['value']
  File "/Users/lucianofeo/Desktop/golem/env/lib/python3.6/site-packages/selenium-3.6.0-py3.6.egg/selenium/webdriver/remote/webdriver.py", line 308, in execute
    self.error_handler.check_response(response)
  File "/Users/lucianofeo/Desktop/golem/env/lib/python3.6/site-packages/selenium-3.6.0-py3.6.egg/selenium/webdriver/remote/errorhandler.py", line 194, in check_response
    raise exception_class(message, screen, stacktrace)
selenium.common.exceptions.NoSuchElementException: Message: no such element: Unable to locate element: {"method":"id","selector":"testCasesTree"}
  (Session info: headless chrome=61.0.3163.100)
  (Driver info: chromedriver=2.32.498537 (cb2f855cbc7b82e20387eaf9a43f6b99b6105061),platform=Mac OS X 10.12.5 x86_64)


During handling of the above exception, another exception occurred:

Traceback (most recent call last):
  File "/Users/lucianofeo/Desktop/golem/src/golem/browser.py", line 19, in _find_webelement
    webelement = root.find_element_by_id(selector_value)
  File "/Users/lucianofeo/Desktop/golem/env/lib/python3.6/site-packages/selenium-3.6.0-py3.6.egg/selenium/webdriver/remote/webdriver.py", line 341, in find_element_by_id
    return self.find_element(by=By.ID, value=id_)
  File "/Users/lucianofeo/Desktop/golem/env/lib/python3.6/site-packages/selenium-3.6.0-py3.6.egg/selenium/webdriver/remote/webdriver.py", line 843, in find_element
    'value': value})['value']
  File "/Users/lucianofeo/Desktop/golem/env/lib/python3.6/site-packages/selenium-3.6.0-py3.6.egg/selenium/webdriver/remote/webdriver.py", line 308, in execute
    self.error_handler.check_response(response)
  File "/Users/lucianofeo/Desktop/golem/env/lib/python3.6/site-packages/selenium-3.6.0-py3.6.egg/selenium/webdriver/remote/errorhandler.py", line 194, in check_response
    raise exception_class(message, screen, stacktrace)
selenium.common.exceptions.NoSuchElementException: Message: no such element: Unable to locate element: {"method":"id","selector":"testCasesTree"}
  (Session info: headless chrome=61.0.3163.100)
  (Driver info: chromedriver=2.32.498537 (cb2f855cbc7b82e20387eaf9a43f6b99b6105061),platform=Mac OS X 10.12.5 x86_64)


During handling of the above exception, another exception occurred:

Traceback (most recent call last):
  File "/Users/lucianofeo/Desktop/golem/src/golem/browser.py", line 19, in _find_webelement
    webelement = root.find_element_by_id(selector_value)
  File "/Users/lucianofeo/Desktop/golem/env/lib/python3.6/site-packages/selenium-3.6.0-py3.6.egg/selenium/webdriver/remote/webdriver.py", line 341, in find_element_by_id
    return self.find_element(by=By.ID, value=id_)
  File "/Users/lucianofeo/Desktop/golem/env/lib/python3.6/site-packages/selenium-3.6.0-py3.6.egg/selenium/webdriver/remote/webdriver.py", line 843, in find_element
    'value': value})['value']
  File "/Users/lucianofeo/Desktop/golem/env/lib/python3.6/site-packages/selenium-3.6.0-py3.6.egg/selenium/webdriver/remote/webdriver.py", line 308, in execute
    self.error_handler.check_response(response)
  File "/Users/lucianofeo/Desktop/golem/env/lib/python3.6/site-packages/selenium-3.6.0-py3.6.egg/selenium/webdriver/remote/errorhandler.py", line 194, in check_response
    raise exception_class(message, screen, stacktrace)
selenium.common.exceptions.NoSuchElementException: Message: no such element: Unable to locate element: {"method":"id","selector":"testCasesTree"}
  (Session info: headless chrome=61.0.3163.100)
  (Driver info: chromedriver=2.32.498537 (cb2f855cbc7b82e20387eaf9a43f6b99b6105061),platform=Mac OS X 10.12.5 x86_64)


During handling of the above exception, another exception occurred:

Traceback (most recent call last):
  File "/Users/lucianofeo/Desktop/golem/src/golem/browser.py", line 19, in _find_webelement
    webelement = root.find_element_by_id(selector_value)
  File "/Users/lucianofeo/Desktop/golem/env/lib/python3.6/site-packages/selenium-3.6.0-py3.6.egg/selenium/webdriver/remote/webdriver.py", line 341, in find_element_by_id
    return self.find_element(by=By.ID, value=id_)
  File "/Users/lucianofeo/Desktop/golem/env/lib/python3.6/site-packages/selenium-3.6.0-py3.6.egg/selenium/webdriver/remote/webdriver.py", line 843, in find_element
    'value': value})['value']
  File "/Users/lucianofeo/Desktop/golem/env/lib/python3.6/site-packages/selenium-3.6.0-py3.6.egg/selenium/webdriver/remote/webdriver.py", line 308, in execute
    self.error_handler.check_response(response)
  File "/Users/lucianofeo/Desktop/golem/env/lib/python3.6/site-packages/selenium-3.6.0-py3.6.egg/selenium/webdriver/remote/errorhandler.py", line 194, in check_response
    raise exception_class(message, screen, stacktrace)
selenium.common.exceptions.NoSuchElementException: Message: no such element: Unable to locate element: {"method":"id","selector":"testCasesTree"}
  (Session info: headless chrome=61.0.3163.100)
  (Driver info: chromedriver=2.32.498537 (cb2f855cbc7b82e20387eaf9a43f6b99b6105061),platform=Mac OS X 10.12.5 x86_64)


During handling of the above exception, another exception occurred:

Traceback (most recent call last):
  File "/Users/lucianofeo/Desktop/golem/src/golem/browser.py", line 19, in _find_webelement
    webelement = root.find_element_by_id(selector_value)
  File "/Users/lucianofeo/Desktop/golem/env/lib/python3.6/site-packages/selenium-3.6.0-py3.6.egg/selenium/webdriver/remote/webdriver.py", line 341, in find_element_by_id
    return self.find_element(by=By.ID, value=id_)
  File "/Users/lucianofeo/Desktop/golem/env/lib/python3.6/site-packages/selenium-3.6.0-py3.6.egg/selenium/webdriver/remote/webdriver.py", line 843, in find_element
    'value': value})['value']
  File "/Users/lucianofeo/Desktop/golem/env/lib/python3.6/site-packages/selenium-3.6.0-py3.6.egg/selenium/webdriver/remote/webdriver.py", line 308, in execute
    self.error_handler.check_response(response)
  File "/Users/lucianofeo/Desktop/golem/env/lib/python3.6/site-packages/selenium-3.6.0-py3.6.egg/selenium/webdriver/remote/errorhandler.py", line 194, in check_response
    raise exception_class(message, screen, stacktrace)
selenium.common.exceptions.NoSuchElementException: Message: no such element: Unable to locate element: {"method":"id","selector":"testCasesTree"}
  (Session info: headless chrome=61.0.3163.100)
  (Driver info: chromedriver=2.32.498537 (cb2f855cbc7b82e20387eaf9a43f6b99b6105061),platform=Mac OS X 10.12.5 x86_64)


During handling of the above exception, another exception occurred:

Traceback (most recent call last):
  File "/Users/lucianofeo/Desktop/golem/src/golem/browser.py", line 19, in _find_webelement
    webelement = root.find_element_by_id(selector_value)
  File "/Users/lucianofeo/Desktop/golem/env/lib/python3.6/site-packages/selenium-3.6.0-py3.6.egg/selenium/webdriver/remote/webdriver.py", line 341, in find_element_by_id
    return self.find_element(by=By.ID, value=id_)
  File "/Users/lucianofeo/Desktop/golem/env/lib/python3.6/site-packages/selenium-3.6.0-py3.6.egg/selenium/webdriver/remote/webdriver.py", line 843, in find_element
    'value': value})['value']
  File "/Users/lucianofeo/Desktop/golem/env/lib/python3.6/site-packages/selenium-3.6.0-py3.6.egg/selenium/webdriver/remote/webdriver.py", line 308, in execute
    self.error_handler.check_response(response)
  File "/Users/lucianofeo/Desktop/golem/env/lib/python3.6/site-packages/selenium-3.6.0-py3.6.egg/selenium/webdriver/remote/errorhandler.py", line 194, in check_response
    raise exception_class(message, screen, stacktrace)
selenium.common.exceptions.NoSuchElementException: Message: no such element: Unable to locate element: {"method":"id","selector":"testCasesTree"}
  (Session info: headless chrome=61.0.3163.100)
  (Driver info: chromedriver=2.32.498537 (cb2f855cbc7b82e20387eaf9a43f6b99b6105061),platform=Mac OS X 10.12.5 x86_64)


During handling of the above exception, another exception occurred:

Traceback (most recent call last):
  File "/Users/lucianofeo/Desktop/golem/src/golem/browser.py", line 19, in _find_webelement
    webelement = root.find_element_by_id(selector_value)
  File "/Users/lucianofeo/Desktop/golem/env/lib/python3.6/site-packages/selenium-3.6.0-py3.6.egg/selenium/webdriver/remote/webdriver.py", line 341, in find_element_by_id
    return self.find_element(by=By.ID, value=id_)
  File "/Users/lucianofeo/Desktop/golem/env/lib/python3.6/site-packages/selenium-3.6.0-py3.6.egg/selenium/webdriver/remote/webdriver.py", line 843, in find_element
    'value': value})['value']
  File "/Users/lucianofeo/Desktop/golem/env/lib/python3.6/site-packages/selenium-3.6.0-py3.6.egg/selenium/webdriver/remote/webdriver.py", line 308, in execute
    self.error_handler.check_response(response)
  File "/Users/lucianofeo/Desktop/golem/env/lib/python3.6/site-packages/selenium-3.6.0-py3.6.egg/selenium/webdriver/remote/errorhandler.py", line 194, in check_response
    raise exception_class(message, screen, stacktrace)
selenium.common.exceptions.NoSuchElementException: Message: no such element: Unable to locate element: {"method":"id","selector":"testCasesTree"}
  (Session info: headless chrome=61.0.3163.100)
  (Driver info: chromedriver=2.32.498537 (cb2f855cbc7b82e20387eaf9a43f6b99b6105061),platform=Mac OS X 10.12.5 x86_64)


During handling of the above exception, another exception occurred:

Traceback (most recent call last):
  File "/Users/lucianofeo/Desktop/golem/src/golem/browser.py", line 19, in _find_webelement
    webelement = root.find_element_by_id(selector_value)
  File "/Users/lucianofeo/Desktop/golem/env/lib/python3.6/site-packages/selenium-3.6.0-py3.6.egg/selenium/webdriver/remote/webdriver.py", line 341, in find_element_by_id
    return self.find_element(by=By.ID, value=id_)
  File "/Users/lucianofeo/Desktop/golem/env/lib/python3.6/site-packages/selenium-3.6.0-py3.6.egg/selenium/webdriver/remote/webdriver.py", line 843, in find_element
    'value': value})['value']
  File "/Users/lucianofeo/Desktop/golem/env/lib/python3.6/site-packages/selenium-3.6.0-py3.6.egg/selenium/webdriver/remote/webdriver.py", line 308, in execute
    self.error_handler.check_response(response)
  File "/Users/lucianofeo/Desktop/golem/env/lib/python3.6/site-packages/selenium-3.6.0-py3.6.egg/selenium/webdriver/remote/errorhandler.py", line 194, in check_response
    raise exception_class(message, screen, stacktrace)
selenium.common.exceptions.NoSuchElementException: Message: no such element: Unable to locate element: {"method":"id","selector":"testCasesTree"}
  (Session info: headless chrome=61.0.3163.100)
  (Driver info: chromedriver=2.32.498537 (cb2f855cbc7b82e20387eaf9a43f6b99b6105061),platform=Mac OS X 10.12.5 x86_64)


During handling of the above exception, another exception occurred:

Traceback (most recent call last):
  File "/Users/lucianofeo/Desktop/golem/src/golem/browser.py", line 19, in _find_webelement
    webelement = root.find_element_by_id(selector_value)
  File "/Users/lucianofeo/Desktop/golem/env/lib/python3.6/site-packages/selenium-3.6.0-py3.6.egg/selenium/webdriver/remote/webdriver.py", line 341, in find_element_by_id
    return self.find_element(by=By.ID, value=id_)
  File "/Users/lucianofeo/Desktop/golem/env/lib/python3.6/site-packages/selenium-3.6.0-py3.6.egg/selenium/webdriver/remote/webdriver.py", line 843, in find_element
    'value': value})['value']
  File "/Users/lucianofeo/Desktop/golem/env/lib/python3.6/site-packages/selenium-3.6.0-py3.6.egg/selenium/webdriver/remote/webdriver.py", line 308, in execute
    self.error_handler.check_response(response)
  File "/Users/lucianofeo/Desktop/golem/env/lib/python3.6/site-packages/selenium-3.6.0-py3.6.egg/selenium/webdriver/remote/errorhandler.py", line 194, in check_response
    raise exception_class(message, screen, stacktrace)
selenium.common.exceptions.NoSuchElementException: Message: no such element: Unable to locate element: {"method":"id","selector":"testCasesTree"}
  (Session info: headless chrome=61.0.3163.100)
  (Driver info: chromedriver=2.32.498537 (cb2f855cbc7b82e20387eaf9a43f6b99b6105061),platform=Mac OS X 10.12.5 x86_64)


During handling of the above exception, another exception occurred:

Traceback (most recent call last):
  File "/Users/lucianofeo/Desktop/golem/src/golem/browser.py", line 19, in _find_webelement
    webelement = root.find_element_by_id(selector_value)
  File "/Users/lucianofeo/Desktop/golem/env/lib/python3.6/site-packages/selenium-3.6.0-py3.6.egg/selenium/webdriver/remote/webdriver.py", line 341, in find_element_by_id
    return self.find_element(by=By.ID, value=id_)
  File "/Users/lucianofeo/Desktop/golem/env/lib/python3.6/site-packages/selenium-3.6.0-py3.6.egg/selenium/webdriver/remote/webdriver.py", line 843, in find_element
    'value': value})['value']
  File "/Users/lucianofeo/Desktop/golem/env/lib/python3.6/site-packages/selenium-3.6.0-py3.6.egg/selenium/webdriver/remote/webdriver.py", line 308, in execute
    self.error_handler.check_response(response)
  File "/Users/lucianofeo/Desktop/golem/env/lib/python3.6/site-packages/selenium-3.6.0-py3.6.egg/selenium/webdriver/remote/errorhandler.py", line 194, in check_response
    raise exception_class(message, screen, stacktrace)
selenium.common.exceptions.NoSuchElementException: Message: no such element: Unable to locate element: {"method":"id","selector":"testCasesTree"}
  (Session info: headless chrome=61.0.3163.100)
  (Driver info: chromedriver=2.32.498537 (cb2f855cbc7b82e20387eaf9a43f6b99b6105061),platform=Mac OS X 10.12.5 x86_64)


During handling of the above exception, another exception occurred:

Traceback (most recent call last):
  File "/Users/lucianofeo/Desktop/golem/src/golem/browser.py", line 19, in _find_webelement
    webelement = root.find_element_by_id(selector_value)
  File "/Users/lucianofeo/Desktop/golem/env/lib/python3.6/site-packages/selenium-3.6.0-py3.6.egg/selenium/webdriver/remote/webdriver.py", line 341, in find_element_by_id
    return self.find_element(by=By.ID, value=id_)
  File "/Users/lucianofeo/Desktop/golem/env/lib/python3.6/site-packages/selenium-3.6.0-py3.6.egg/selenium/webdriver/remote/webdriver.py", line 843, in find_element
    'value': value})['value']
  File "/Users/lucianofeo/Desktop/golem/env/lib/python3.6/site-packages/selenium-3.6.0-py3.6.egg/selenium/webdriver/remote/webdriver.py", line 308, in execute
    self.error_handler.check_response(response)
  File "/Users/lucianofeo/Desktop/golem/env/lib/python3.6/site-packages/selenium-3.6.0-py3.6.egg/selenium/webdriver/remote/errorhandler.py", line 194, in check_response
    raise exception_class(message, screen, stacktrace)
selenium.common.exceptions.NoSuchElementException: Message: no such element: Unable to locate element: {"method":"id","selector":"testCasesTree"}
  (Session info: headless chrome=61.0.3163.100)
  (Driver info: chromedriver=2.32.498537 (cb2f855cbc7b82e20387eaf9a43f6b99b6105061),platform=Mac OS X 10.12.5 x86_64)


During handling of the above exception, another exception occurred:

Traceback (most recent call last):
  File "/Users/lucianofeo/Desktop/golem/src/golem/browser.py", line 19, in _find_webelement
    webelement = root.find_element_by_id(selector_value)
  File "/Users/lucianofeo/Desktop/golem/env/lib/python3.6/site-packages/selenium-3.6.0-py3.6.egg/selenium/webdriver/remote/webdriver.py", line 341, in find_element_by_id
    return self.find_element(by=By.ID, value=id_)
  File "/Users/lucianofeo/Desktop/golem/env/lib/python3.6/site-packages/selenium-3.6.0-py3.6.egg/selenium/webdriver/remote/webdriver.py", line 843, in find_element
    'value': value})['value']
  File "/Users/lucianofeo/Desktop/golem/env/lib/python3.6/site-packages/selenium-3.6.0-py3.6.egg/selenium/webdriver/remote/webdriver.py", line 308, in execute
    self.error_handler.check_response(response)
  File "/Users/lucianofeo/Desktop/golem/env/lib/python3.6/site-packages/selenium-3.6.0-py3.6.egg/selenium/webdriver/remote/errorhandler.py", line 194, in check_response
    raise exception_class(message, screen, stacktrace)
selenium.common.exceptions.NoSuchElementException: Message: no such element: Unable to locate element: {"method":"id","selector":"testCasesTree"}
  (Session info: headless chrome=61.0.3163.100)
  (Driver info: chromedriver=2.32.498537 (cb2f855cbc7b82e20387eaf9a43f6b99b6105061),platform=Mac OS X 10.12.5 x86_64)


During handling of the above exception, another exception occurred:

Traceback (most recent call last):
  File "/Users/lucianofeo/Desktop/golem/src/golem/browser.py", line 19, in _find_webelement
    webelement = root.find_element_by_id(selector_value)
  File "/Users/lucianofeo/Desktop/golem/env/lib/python3.6/site-packages/selenium-3.6.0-py3.6.egg/selenium/webdriver/remote/webdriver.py", line 341, in find_element_by_id
    return self.find_element(by=By.ID, value=id_)
  File "/Users/lucianofeo/Desktop/golem/env/lib/python3.6/site-packages/selenium-3.6.0-py3.6.egg/selenium/webdriver/remote/webdriver.py", line 843, in find_element
    'value': value})['value']
  File "/Users/lucianofeo/Desktop/golem/env/lib/python3.6/site-packages/selenium-3.6.0-py3.6.egg/selenium/webdriver/remote/webdriver.py", line 308, in execute
    self.error_handler.check_response(response)
  File "/Users/lucianofeo/Desktop/golem/env/lib/python3.6/site-packages/selenium-3.6.0-py3.6.egg/selenium/webdriver/remote/errorhandler.py", line 194, in check_response
    raise exception_class(message, screen, stacktrace)
selenium.common.exceptions.NoSuchElementException: Message: no such element: Unable to locate element: {"method":"id","selector":"testCasesTree"}
  (Session info: headless chrome=61.0.3163.100)
  (Driver info: chromedriver=2.32.498537 (cb2f855cbc7b82e20387eaf9a43f6b99b6105061),platform=Mac OS X 10.12.5 x86_64)


During handling of the above exception, another exception occurred:

Traceback (most recent call last):
  File "/Users/lucianofeo/Desktop/golem/src/golem/browser.py", line 19, in _find_webelement
    webelement = root.find_element_by_id(selector_value)
  File "/Users/lucianofeo/Desktop/golem/env/lib/python3.6/site-packages/selenium-3.6.0-py3.6.egg/selenium/webdriver/remote/webdriver.py", line 341, in find_element_by_id
    return self.find_element(by=By.ID, value=id_)
  File "/Users/lucianofeo/Desktop/golem/env/lib/python3.6/site-packages/selenium-3.6.0-py3.6.egg/selenium/webdriver/remote/webdriver.py", line 843, in find_element
    'value': value})['value']
  File "/Users/lucianofeo/Desktop/golem/env/lib/python3.6/site-packages/selenium-3.6.0-py3.6.egg/selenium/webdriver/remote/webdriver.py", line 308, in execute
    self.error_handler.check_response(response)
  File "/Users/lucianofeo/Desktop/golem/env/lib/python3.6/site-packages/selenium-3.6.0-py3.6.egg/selenium/webdriver/remote/errorhandler.py", line 194, in check_response
    raise exception_class(message, screen, stacktrace)
selenium.common.exceptions.NoSuchElementException: Message: no such element: Unable to locate element: {"method":"id","selector":"testCasesTree"}
  (Session info: headless chrome=61.0.3163.100)
  (Driver info: chromedriver=2.32.498537 (cb2f855cbc7b82e20387eaf9a43f6b99b6105061),platform=Mac OS X 10.12.5 x86_64)


During handling of the above exception, another exception occurred:

Traceback (most recent call last):
  File "/Users/lucianofeo/Desktop/golem/src/golem/browser.py", line 19, in _find_webelement
    webelement = root.find_element_by_id(selector_value)
  File "/Users/lucianofeo/Desktop/golem/env/lib/python3.6/site-packages/selenium-3.6.0-py3.6.egg/selenium/webdriver/remote/webdriver.py", line 341, in find_element_by_id
    return self.find_element(by=By.ID, value=id_)
  File "/Users/lucianofeo/Desktop/golem/env/lib/python3.6/site-packages/selenium-3.6.0-py3.6.egg/selenium/webdriver/remote/webdriver.py", line 843, in find_element
    'value': value})['value']
  File "/Users/lucianofeo/Desktop/golem/env/lib/python3.6/site-packages/selenium-3.6.0-py3.6.egg/selenium/webdriver/remote/webdriver.py", line 308, in execute
    self.error_handler.check_response(response)
  File "/Users/lucianofeo/Desktop/golem/env/lib/python3.6/site-packages/selenium-3.6.0-py3.6.egg/selenium/webdriver/remote/errorhandler.py", line 194, in check_response
    raise exception_class(message, screen, stacktrace)
selenium.common.exceptions.NoSuchElementException: Message: no such element: Unable to locate element: {"method":"id","selector":"testCasesTree"}
  (Session info: headless chrome=61.0.3163.100)
  (Driver info: chromedriver=2.32.498537 (cb2f855cbc7b82e20387eaf9a43f6b99b6105061),platform=Mac OS X 10.12.5 x86_64)


During handling of the above exception, another exception occurred:

Traceback (most recent call last):
  File "/Users/lucianofeo/Desktop/golem/src/golem/browser.py", line 19, in _find_webelement
    webelement = root.find_element_by_id(selector_value)
  File "/Users/lucianofeo/Desktop/golem/env/lib/python3.6/site-packages/selenium-3.6.0-py3.6.egg/selenium/webdriver/remote/webdriver.py", line 341, in find_element_by_id
    return self.find_element(by=By.ID, value=id_)
  File "/Users/lucianofeo/Desktop/golem/env/lib/python3.6/site-packages/selenium-3.6.0-py3.6.egg/selenium/webdriver/remote/webdriver.py", line 843, in find_element
    'value': value})['value']
  File "/Users/lucianofeo/Desktop/golem/env/lib/python3.6/site-packages/selenium-3.6.0-py3.6.egg/selenium/webdriver/remote/webdriver.py", line 308, in execute
    self.error_handler.check_response(response)
  File "/Users/lucianofeo/Desktop/golem/env/lib/python3.6/site-packages/selenium-3.6.0-py3.6.egg/selenium/webdriver/remote/errorhandler.py", line 194, in check_response
    raise exception_class(message, screen, stacktrace)
selenium.common.exceptions.NoSuchElementException: Message: no such element: Unable to locate element: {"method":"id","selector":"testCasesTree"}
  (Session info: headless chrome=61.0.3163.100)
  (Driver info: chromedriver=2.32.498537 (cb2f855cbc7b82e20387eaf9a43f6b99b6105061),platform=Mac OS X 10.12.5 x86_64)


During handling of the above exception, another exception occurred:

Traceback (most recent call last):
  File "/Users/lucianofeo/Desktop/golem/src/golem/browser.py", line 19, in _find_webelement
    webelement = root.find_element_by_id(selector_value)
  File "/Users/lucianofeo/Desktop/golem/env/lib/python3.6/site-packages/selenium-3.6.0-py3.6.egg/selenium/webdriver/remote/webdriver.py", line 341, in find_element_by_id
    return self.find_element(by=By.ID, value=id_)
  File "/Users/lucianofeo/Desktop/golem/env/lib/python3.6/site-packages/selenium-3.6.0-py3.6.egg/selenium/webdriver/remote/webdriver.py", line 843, in find_element
    'value': value})['value']
  File "/Users/lucianofeo/Desktop/golem/env/lib/python3.6/site-packages/selenium-3.6.0-py3.6.egg/selenium/webdriver/remote/webdriver.py", line 308, in execute
    self.error_handler.check_response(response)
  File "/Users/lucianofeo/Desktop/golem/env/lib/python3.6/site-packages/selenium-3.6.0-py3.6.egg/selenium/webdriver/remote/errorhandler.py", line 194, in check_response
    raise exception_class(message, screen, stacktrace)
selenium.common.exceptions.NoSuchElementException: Message: no such element: Unable to locate element: {"method":"id","selector":"testCasesTree"}
  (Session info: headless chrome=61.0.3163.100)
  (Driver info: chromedriver=2.32.498537 (cb2f855cbc7b82e20387eaf9a43f6b99b6105061),platform=Mac OS X 10.12.5 x86_64)


During handling of the above exception, another exception occurred:

Traceback (most recent call last):
  File "/Users/lucianofeo/Desktop/golem/src/golem/browser.py", line 19, in _find_webelement
    webelement = root.find_element_by_id(selector_value)
  File "/Users/lucianofeo/Desktop/golem/env/lib/python3.6/site-packages/selenium-3.6.0-py3.6.egg/selenium/webdriver/remote/webdriver.py", line 341, in find_element_by_id
    return self.find_element(by=By.ID, value=id_)
  File "/Users/lucianofeo/Desktop/golem/env/lib/python3.6/site-packages/selenium-3.6.0-py3.6.egg/selenium/webdriver/remote/webdriver.py", line 843, in find_element
    'value': value})['value']
  File "/Users/lucianofeo/Desktop/golem/env/lib/python3.6/site-packages/selenium-3.6.0-py3.6.egg/selenium/webdriver/remote/webdriver.py", line 308, in execute
    self.error_handler.check_response(response)
  File "/Users/lucianofeo/Desktop/golem/env/lib/python3.6/site-packages/selenium-3.6.0-py3.6.egg/selenium/webdriver/remote/errorhandler.py", line 194, in check_response
    raise exception_class(message, screen, stacktrace)
selenium.common.exceptions.NoSuchElementException: Message: no such element: Unable to locate element: {"method":"id","selector":"testCasesTree"}
  (Session info: headless chrome=61.0.3163.100)
  (Driver info: chromedriver=2.32.498537 (cb2f855cbc7b82e20387eaf9a43f6b99b6105061),platform=Mac OS X 10.12.5 x86_64)


During handling of the above exception, another exception occurred:

Traceback (most recent call last):
  File "/Users/lucianofeo/Desktop/golem/src/golem/browser.py", line 19, in _find_webelement
    webelement = root.find_element_by_id(selector_value)
  File "/Users/lucianofeo/Desktop/golem/env/lib/python3.6/site-packages/selenium-3.6.0-py3.6.egg/selenium/webdriver/remote/webdriver.py", line 341, in find_element_by_id
    return self.find_element(by=By.ID, value=id_)
  File "/Users/lucianofeo/Desktop/golem/env/lib/python3.6/site-packages/selenium-3.6.0-py3.6.egg/selenium/webdriver/remote/webdriver.py", line 843, in find_element
    'value': value})['value']
  File "/Users/lucianofeo/Desktop/golem/env/lib/python3.6/site-packages/selenium-3.6.0-py3.6.egg/selenium/webdriver/remote/webdriver.py", line 308, in execute
    self.error_handler.check_response(response)
  File "/Users/lucianofeo/Desktop/golem/env/lib/python3.6/site-packages/selenium-3.6.0-py3.6.egg/selenium/webdriver/remote/errorhandler.py", line 194, in check_response
    raise exception_class(message, screen, stacktrace)
selenium.common.exceptions.NoSuchElementException: Message: no such element: Unable to locate element: {"method":"id","selector":"testCasesTree"}
  (Session info: headless chrome=61.0.3163.100)
  (Driver info: chromedriver=2.32.498537 (cb2f855cbc7b82e20387eaf9a43f6b99b6105061),platform=Mac OS X 10.12.5 x86_64)


During handling of the above exception, another exception occurred:

Traceback (most recent call last):
  File "/Users/lucianofeo/Desktop/golem/src/golem/browser.py", line 19, in _find_webelement
    webelement = root.find_element_by_id(selector_value)
  File "/Users/lucianofeo/Desktop/golem/env/lib/python3.6/site-packages/selenium-3.6.0-py3.6.egg/selenium/webdriver/remote/webdriver.py", line 341, in find_element_by_id
    return self.find_element(by=By.ID, value=id_)
  File "/Users/lucianofeo/Desktop/golem/env/lib/python3.6/site-packages/selenium-3.6.0-py3.6.egg/selenium/webdriver/remote/webdriver.py", line 843, in find_element
    'value': value})['value']
  File "/Users/lucianofeo/Desktop/golem/env/lib/python3.6/site-packages/selenium-3.6.0-py3.6.egg/selenium/webdriver/remote/webdriver.py", line 308, in execute
    self.error_handler.check_response(response)
  File "/Users/lucianofeo/Desktop/golem/env/lib/python3.6/site-packages/selenium-3.6.0-py3.6.egg/selenium/webdriver/remote/errorhandler.py", line 194, in check_response
    raise exception_class(message, screen, stacktrace)
selenium.common.exceptions.NoSuchElementException: Message: no such element: Unable to locate element: {"method":"id","selector":"testCasesTree"}
  (Session info: headless chrome=61.0.3163.100)
  (Driver info: chromedriver=2.32.498537 (cb2f855cbc7b82e20387eaf9a43f6b99b6105061),platform=Mac OS X 10.12.5 x86_64)


During handling of the above exception, another exception occurred:

Traceback (most recent call last):
  File "/Users/lucianofeo/Desktop/golem/src/golem/browser.py", line 19, in _find_webelement
    webelement = root.find_element_by_id(selector_value)
  File "/Users/lucianofeo/Desktop/golem/env/lib/python3.6/site-packages/selenium-3.6.0-py3.6.egg/selenium/webdriver/remote/webdriver.py", line 341, in find_element_by_id
    return self.find_element(by=By.ID, value=id_)
  File "/Users/lucianofeo/Desktop/golem/env/lib/python3.6/site-packages/selenium-3.6.0-py3.6.egg/selenium/webdriver/remote/webdriver.py", line 843, in find_element
    'value': value})['value']
  File "/Users/lucianofeo/Desktop/golem/env/lib/python3.6/site-packages/selenium-3.6.0-py3.6.egg/selenium/webdriver/remote/webdriver.py", line 308, in execute
    self.error_handler.check_response(response)
  File "/Users/lucianofeo/Desktop/golem/env/lib/python3.6/site-packages/selenium-3.6.0-py3.6.egg/selenium/webdriver/remote/errorhandler.py", line 194, in check_response
    raise exception_class(message, screen, stacktrace)
selenium.common.exceptions.NoSuchElementException: Message: no such element: Unable to locate element: {"method":"id","selector":"testCasesTree"}
  (Session info: headless chrome=61.0.3163.100)
  (Driver info: chromedriver=2.32.498537 (cb2f855cbc7b82e20387eaf9a43f6b99b6105061),platform=Mac OS X 10.12.5 x86_64)


During handling of the above exception, another exception occurred:

Traceback (most recent call last):
  File "/Users/lucianofeo/Desktop/golem/src/golem/browser.py", line 19, in _find_webelement
    webelement = root.find_element_by_id(selector_value)
  File "/Users/lucianofeo/Desktop/golem/env/lib/python3.6/site-packages/selenium-3.6.0-py3.6.egg/selenium/webdriver/remote/webdriver.py", line 341, in find_element_by_id
    return self.find_element(by=By.ID, value=id_)
  File "/Users/lucianofeo/Desktop/golem/env/lib/python3.6/site-packages/selenium-3.6.0-py3.6.egg/selenium/webdriver/remote/webdriver.py", line 843, in find_element
    'value': value})['value']
  File "/Users/lucianofeo/Desktop/golem/env/lib/python3.6/site-packages/selenium-3.6.0-py3.6.egg/selenium/webdriver/remote/webdriver.py", line 308, in execute
    self.error_handler.check_response(response)
  File "/Users/lucianofeo/Desktop/golem/env/lib/python3.6/site-packages/selenium-3.6.0-py3.6.egg/selenium/webdriver/remote/errorhandler.py", line 194, in check_response
    raise exception_class(message, screen, stacktrace)
selenium.common.exceptions.NoSuchElementException: Message: no such element: Unable to locate element: {"method":"id","selector":"testCasesTree"}
  (Session info: headless chrome=61.0.3163.100)
  (Driver info: chromedriver=2.32.498537 (cb2f855cbc7b82e20387eaf9a43f6b99b6105061),platform=Mac OS X 10.12.5 x86_64)


During handling of the above exception, another exception occurred:

Traceback (most recent call last):
  File "/Users/lucianofeo/Desktop/golem/src/golem/browser.py", line 19, in _find_webelement
    webelement = root.find_element_by_id(selector_value)
  File "/Users/lucianofeo/Desktop/golem/env/lib/python3.6/site-packages/selenium-3.6.0-py3.6.egg/selenium/webdriver/remote/webdriver.py", line 341, in find_element_by_id
    return self.find_element(by=By.ID, value=id_)
  File "/Users/lucianofeo/Desktop/golem/env/lib/python3.6/site-packages/selenium-3.6.0-py3.6.egg/selenium/webdriver/remote/webdriver.py", line 843, in find_element
    'value': value})['value']
  File "/Users/lucianofeo/Desktop/golem/env/lib/python3.6/site-packages/selenium-3.6.0-py3.6.egg/selenium/webdriver/remote/webdriver.py", line 308, in execute
    self.error_handler.check_response(response)
  File "/Users/lucianofeo/Desktop/golem/env/lib/python3.6/site-packages/selenium-3.6.0-py3.6.egg/selenium/webdriver/remote/errorhandler.py", line 194, in check_response
    raise exception_class(message, screen, stacktrace)
selenium.common.exceptions.NoSuchElementException: Message: no such element: Unable to locate element: {"method":"id","selector":"testCasesTree"}
  (Session info: headless chrome=61.0.3163.100)
  (Driver info: chromedriver=2.32.498537 (cb2f855cbc7b82e20387eaf9a43f6b99b6105061),platform=Mac OS X 10.12.5 x86_64)


During handling of the above exception, another exception occurred:

Traceback (most recent call last):
  File "/Users/lucianofeo/Desktop/golem/src/golem/browser.py", line 19, in _find_webelement
    webelement = root.find_element_by_id(selector_value)
  File "/Users/lucianofeo/Desktop/golem/env/lib/python3.6/site-packages/selenium-3.6.0-py3.6.egg/selenium/webdriver/remote/webdriver.py", line 341, in find_element_by_id
    return self.find_element(by=By.ID, value=id_)
  File "/Users/lucianofeo/Desktop/golem/env/lib/python3.6/site-packages/selenium-3.6.0-py3.6.egg/selenium/webdriver/remote/webdriver.py", line 843, in find_element
    'value': value})['value']
  File "/Users/lucianofeo/Desktop/golem/env/lib/python3.6/site-packages/selenium-3.6.0-py3.6.egg/selenium/webdriver/remote/webdriver.py", line 308, in execute
    self.error_handler.check_response(response)
  File "/Users/lucianofeo/Desktop/golem/env/lib/python3.6/site-packages/selenium-3.6.0-py3.6.egg/selenium/webdriver/remote/errorhandler.py", line 194, in check_response
    raise exception_class(message, screen, stacktrace)
selenium.common.exceptions.NoSuchElementException: Message: no such element: Unable to locate element: {"method":"id","selector":"testCasesTree"}
  (Session info: headless chrome=61.0.3163.100)
  (Driver info: chromedriver=2.32.498537 (cb2f855cbc7b82e20387eaf9a43f6b99b6105061),platform=Mac OS X 10.12.5 x86_64)


During handling of the above exception, another exception occurred:

Traceback (most recent call last):
  File "/Users/lucianofeo/Desktop/golem/src/golem/browser.py", line 19, in _find_webelement
    webelement = root.find_element_by_id(selector_value)
  File "/Users/lucianofeo/Desktop/golem/env/lib/python3.6/site-packages/selenium-3.6.0-py3.6.egg/selenium/webdriver/remote/webdriver.py", line 341, in find_element_by_id
    return self.find_element(by=By.ID, value=id_)
  File "/Users/lucianofeo/Desktop/golem/env/lib/python3.6/site-packages/selenium-3.6.0-py3.6.egg/selenium/webdriver/remote/webdriver.py", line 843, in find_element
    'value': value})['value']
  File "/Users/lucianofeo/Desktop/golem/env/lib/python3.6/site-packages/selenium-3.6.0-py3.6.egg/selenium/webdriver/remote/webdriver.py", line 308, in execute
    self.error_handler.check_response(response)
  File "/Users/lucianofeo/Desktop/golem/env/lib/python3.6/site-packages/selenium-3.6.0-py3.6.egg/selenium/webdriver/remote/errorhandler.py", line 194, in check_response
    raise exception_class(message, screen, stacktrace)
selenium.common.exceptions.NoSuchElementException: Message: no such element: Unable to locate element: {"method":"id","selector":"testCasesTree"}
  (Session info: headless chrome=61.0.3163.100)
  (Driver info: chromedriver=2.32.498537 (cb2f855cbc7b82e20387eaf9a43f6b99b6105061),platform=Mac OS X 10.12.5 x86_64)


During handling of the above exception, another exception occurred:

Traceback (most recent call last):
  File "/Users/lucianofeo/Desktop/golem/src/golem/browser.py", line 19, in _find_webelement
    webelement = root.find_element_by_id(selector_value)
  File "/Users/lucianofeo/Desktop/golem/env/lib/python3.6/site-packages/selenium-3.6.0-py3.6.egg/selenium/webdriver/remote/webdriver.py", line 341, in find_element_by_id
    return self.find_element(by=By.ID, value=id_)
  File "/Users/lucianofeo/Desktop/golem/env/lib/python3.6/site-packages/selenium-3.6.0-py3.6.egg/selenium/webdriver/remote/webdriver.py", line 843, in find_element
    'value': value})['value']
  File "/Users/lucianofeo/Desktop/golem/env/lib/python3.6/site-packages/selenium-3.6.0-py3.6.egg/selenium/webdriver/remote/webdriver.py", line 308, in execute
    self.error_handler.check_response(response)
  File "/Users/lucianofeo/Desktop/golem/env/lib/python3.6/site-packages/selenium-3.6.0-py3.6.egg/selenium/webdriver/remote/errorhandler.py", line 194, in check_response
    raise exception_class(message, screen, stacktrace)
selenium.common.exceptions.NoSuchElementException: Message: no such element: Unable to locate element: {"method":"id","selector":"testCasesTree"}
  (Session info: headless chrome=61.0.3163.100)
  (Driver info: chromedriver=2.32.498537 (cb2f855cbc7b82e20387eaf9a43f6b99b6105061),platform=Mac OS X 10.12.5 x86_64)


During handling of the above exception, another exception occurred:

Traceback (most recent call last):
  File "/Users/lucianofeo/Desktop/golem/src/golem/browser.py", line 19, in _find_webelement
    webelement = root.find_element_by_id(selector_value)
  File "/Users/lucianofeo/Desktop/golem/env/lib/python3.6/site-packages/selenium-3.6.0-py3.6.egg/selenium/webdriver/remote/webdriver.py", line 341, in find_element_by_id
    return self.find_element(by=By.ID, value=id_)
  File "/Users/lucianofeo/Desktop/golem/env/lib/python3.6/site-packages/selenium-3.6.0-py3.6.egg/selenium/webdriver/remote/webdriver.py", line 843, in find_element
    'value': value})['value']
  File "/Users/lucianofeo/Desktop/golem/env/lib/python3.6/site-packages/selenium-3.6.0-py3.6.egg/selenium/webdriver/remote/webdriver.py", line 308, in execute
    self.error_handler.check_response(response)
  File "/Users/lucianofeo/Desktop/golem/env/lib/python3.6/site-packages/selenium-3.6.0-py3.6.egg/selenium/webdriver/remote/errorhandler.py", line 194, in check_response
    raise exception_class(message, screen, stacktrace)
selenium.common.exceptions.NoSuchElementException: Message: no such element: Unable to locate element: {"method":"id","selector":"testCasesTree"}
  (Session info: headless chrome=61.0.3163.100)
  (Driver info: chromedriver=2.32.498537 (cb2f855cbc7b82e20387eaf9a43f6b99b6105061),platform=Mac OS X 10.12.5 x86_64)


During handling of the above exception, another exception occurred:

Traceback (most recent call last):
  File "/Users/lucianofeo/Desktop/golem/src/golem/browser.py", line 19, in _find_webelement
    webelement = root.find_element_by_id(selector_value)
  File "/Users/lucianofeo/Desktop/golem/env/lib/python3.6/site-packages/selenium-3.6.0-py3.6.egg/selenium/webdriver/remote/webdriver.py", line 341, in find_element_by_id
    return self.find_element(by=By.ID, value=id_)
  File "/Users/lucianofeo/Desktop/golem/env/lib/python3.6/site-packages/selenium-3.6.0-py3.6.egg/selenium/webdriver/remote/webdriver.py", line 843, in find_element
    'value': value})['value']
  File "/Users/lucianofeo/Desktop/golem/env/lib/python3.6/site-packages/selenium-3.6.0-py3.6.egg/selenium/webdriver/remote/webdriver.py", line 308, in execute
    self.error_handler.check_response(response)
  File "/Users/lucianofeo/Desktop/golem/env/lib/python3.6/site-packages/selenium-3.6.0-py3.6.egg/selenium/webdriver/remote/errorhandler.py", line 194, in check_response
    raise exception_class(message, screen, stacktrace)
selenium.common.exceptions.NoSuchElementException: Message: no such element: Unable to locate element: {"method":"id","selector":"testCasesTree"}
  (Session info: headless chrome=61.0.3163.100)
  (Driver info: chromedriver=2.32.498537 (cb2f855cbc7b82e20387eaf9a43f6b99b6105061),platform=Mac OS X 10.12.5 x86_64)


During handling of the above exception, another exception occurred:

Traceback (most recent call last):
  File "/Users/lucianofeo/Desktop/golem/src/golem/browser.py", line 19, in _find_webelement
    webelement = root.find_element_by_id(selector_value)
  File "/Users/lucianofeo/Desktop/golem/env/lib/python3.6/site-packages/selenium-3.6.0-py3.6.egg/selenium/webdriver/remote/webdriver.py", line 341, in find_element_by_id
    return self.find_element(by=By.ID, value=id_)
  File "/Users/lucianofeo/Desktop/golem/env/lib/python3.6/site-packages/selenium-3.6.0-py3.6.egg/selenium/webdriver/remote/webdriver.py", line 843, in find_element
    'value': value})['value']
  File "/Users/lucianofeo/Desktop/golem/env/lib/python3.6/site-packages/selenium-3.6.0-py3.6.egg/selenium/webdriver/remote/webdriver.py", line 308, in execute
    self.error_handler.check_response(response)
  File "/Users/lucianofeo/Desktop/golem/env/lib/python3.6/site-packages/selenium-3.6.0-py3.6.egg/selenium/webdriver/remote/errorhandler.py", line 194, in check_response
    raise exception_class(message, screen, stacktrace)
selenium.common.exceptions.NoSuchElementException: Message: no such element: Unable to locate element: {"method":"id","selector":"testCasesTree"}
  (Session info: headless chrome=61.0.3163.100)
  (Driver info: chromedriver=2.32.498537 (cb2f855cbc7b82e20387eaf9a43f6b99b6105061),platform=Mac OS X 10.12.5 x86_64)


During handling of the above exception, another exception occurred:

Traceback (most recent call last):
  File "/Users/lucianofeo/Desktop/golem/example/projects/golem/pages/project.py", line 158, in create_access_test
    verify_test_exists(full_path)
  File "/Users/lucianofeo/Desktop/golem/example/projects/golem/pages/project.py", line 102, in verify_test_exists
    test_tree_ul = element(id='testCasesTree')
  File "/Users/lucianofeo/Desktop/golem/src/golem/browser.py", line 205, in element
    webelement = get_browser().find(**kwargs)
  File "/Users/lucianofeo/Desktop/golem/src/golem/browser.py", line 114, in _find
    element_name, timeout)
  File "/Users/lucianofeo/Desktop/golem/src/golem/browser.py", line 45, in _find_webelement
    element_name, remaining_time)
  File "/Users/lucianofeo/Desktop/golem/src/golem/browser.py", line 45, in _find_webelement
    element_name, remaining_time)
  File "/Users/lucianofeo/Desktop/golem/src/golem/browser.py", line 45, in _find_webelement
    element_name, remaining_time)
  [Previous line repeated 25 more times]
  File "/Users/lucianofeo/Desktop/golem/src/golem/browser.py", line 48, in _find_webelement
    .format(element_name, selector_type, selector_value))
golem.core.exceptions.ElementNotFound: Element testCasesTree not found using selector id:'testCasesTree'

During handling of the above exception, another exception occurred:

Traceback (most recent call last):
  File "/Users/lucianofeo/Desktop/golem/src/golem/browser.py", line 19, in _find_webelement
    webelement = root.find_element_by_id(selector_value)
  File "/Users/lucianofeo/Desktop/golem/env/lib/python3.6/site-packages/selenium-3.6.0-py3.6.egg/selenium/webdriver/remote/webdriver.py", line 341, in find_element_by_id
    return self.find_element(by=By.ID, value=id_)
  File "/Users/lucianofeo/Desktop/golem/env/lib/python3.6/site-packages/selenium-3.6.0-py3.6.egg/selenium/webdriver/remote/webdriver.py", line 843, in find_element
    'value': value})['value']
  File "/Users/lucianofeo/Desktop/golem/env/lib/python3.6/site-packages/selenium-3.6.0-py3.6.egg/selenium/webdriver/remote/webdriver.py", line 308, in execute
    self.error_handler.check_response(response)
  File "/Users/lucianofeo/Desktop/golem/env/lib/python3.6/site-packages/selenium-3.6.0-py3.6.egg/selenium/webdriver/remote/errorhandler.py", line 194, in check_response
    raise exception_class(message, screen, stacktrace)
selenium.common.exceptions.NoSuchElementException: Message: no such element: Unable to locate element: {"method":"id","selector":"testCasesTree"}
  (Session info: headless chrome=61.0.3163.100)
  (Driver info: chromedriver=2.32.498537 (cb2f855cbc7b82e20387eaf9a43f6b99b6105061),platform=Mac OS X 10.12.5 x86_64)


During handling of the above exception, another exception occurred:

Traceback (most recent call last):
  File "/Users/lucianofeo/Desktop/golem/src/golem/browser.py", line 19, in _find_webelement
    webelement = root.find_element_by_id(selector_value)
  File "/Users/lucianofeo/Desktop/golem/env/lib/python3.6/site-packages/selenium-3.6.0-py3.6.egg/selenium/webdriver/remote/webdriver.py", line 341, in find_element_by_id
    return self.find_element(by=By.ID, value=id_)
  File "/Users/lucianofeo/Desktop/golem/env/lib/python3.6/site-packages/selenium-3.6.0-py3.6.egg/selenium/webdriver/remote/webdriver.py", line 843, in find_element
    'value': value})['value']
  File "/Users/lucianofeo/Desktop/golem/env/lib/python3.6/site-packages/selenium-3.6.0-py3.6.egg/selenium/webdriver/remote/webdriver.py", line 308, in execute
    self.error_handler.check_response(response)
  File "/Users/lucianofeo/Desktop/golem/env/lib/python3.6/site-packages/selenium-3.6.0-py3.6.egg/selenium/webdriver/remote/errorhandler.py", line 194, in check_response
    raise exception_class(message, screen, stacktrace)
selenium.common.exceptions.NoSuchElementException: Message: no such element: Unable to locate element: {"method":"id","selector":"testCasesTree"}
  (Session info: headless chrome=61.0.3163.100)
  (Driver info: chromedriver=2.32.498537 (cb2f855cbc7b82e20387eaf9a43f6b99b6105061),platform=Mac OS X 10.12.5 x86_64)


During handling of the above exception, another exception occurred:

Traceback (most recent call last):
  File "/Users/lucianofeo/Desktop/golem/src/golem/browser.py", line 19, in _find_webelement
    webelement = root.find_element_by_id(selector_value)
  File "/Users/lucianofeo/Desktop/golem/env/lib/python3.6/site-packages/selenium-3.6.0-py3.6.egg/selenium/webdriver/remote/webdriver.py", line 341, in find_element_by_id
    return self.find_element(by=By.ID, value=id_)
  File "/Users/lucianofeo/Desktop/golem/env/lib/python3.6/site-packages/selenium-3.6.0-py3.6.egg/selenium/webdriver/remote/webdriver.py", line 843, in find_element
    'value': value})['value']
  File "/Users/lucianofeo/Desktop/golem/env/lib/python3.6/site-packages/selenium-3.6.0-py3.6.egg/selenium/webdriver/remote/webdriver.py", line 308, in execute
    self.error_handler.check_response(response)
  File "/Users/lucianofeo/Desktop/golem/env/lib/python3.6/site-packages/selenium-3.6.0-py3.6.egg/selenium/webdriver/remote/errorhandler.py", line 194, in check_response
    raise exception_class(message, screen, stacktrace)
selenium.common.exceptions.NoSuchElementException: Message: no such element: Unable to locate element: {"method":"id","selector":"testCasesTree"}
  (Session info: headless chrome=61.0.3163.100)
  (Driver info: chromedriver=2.32.498537 (cb2f855cbc7b82e20387eaf9a43f6b99b6105061),platform=Mac OS X 10.12.5 x86_64)


During handling of the above exception, another exception occurred:

Traceback (most recent call last):
  File "/Users/lucianofeo/Desktop/golem/src/golem/browser.py", line 19, in _find_webelement
    webelement = root.find_element_by_id(selector_value)
  File "/Users/lucianofeo/Desktop/golem/env/lib/python3.6/site-packages/selenium-3.6.0-py3.6.egg/selenium/webdriver/remote/webdriver.py", line 341, in find_element_by_id
    return self.find_element(by=By.ID, value=id_)
  File "/Users/lucianofeo/Desktop/golem/env/lib/python3.6/site-packages/selenium-3.6.0-py3.6.egg/selenium/webdriver/remote/webdriver.py", line 843, in find_element
    'value': value})['value']
  File "/Users/lucianofeo/Desktop/golem/env/lib/python3.6/site-packages/selenium-3.6.0-py3.6.egg/selenium/webdriver/remote/webdriver.py", line 308, in execute
    self.error_handler.check_response(response)
  File "/Users/lucianofeo/Desktop/golem/env/lib/python3.6/site-packages/selenium-3.6.0-py3.6.egg/selenium/webdriver/remote/errorhandler.py", line 194, in check_response
    raise exception_class(message, screen, stacktrace)
selenium.common.exceptions.NoSuchElementException: Message: no such element: Unable to locate element: {"method":"id","selector":"testCasesTree"}
  (Session info: headless chrome=61.0.3163.100)
  (Driver info: chromedriver=2.32.498537 (cb2f855cbc7b82e20387eaf9a43f6b99b6105061),platform=Mac OS X 10.12.5 x86_64)


During handling of the above exception, another exception occurred:

Traceback (most recent call last):
  File "/Users/lucianofeo/Desktop/golem/src/golem/browser.py", line 19, in _find_webelement
    webelement = root.find_element_by_id(selector_value)
  File "/Users/lucianofeo/Desktop/golem/env/lib/python3.6/site-packages/selenium-3.6.0-py3.6.egg/selenium/webdriver/remote/webdriver.py", line 341, in find_element_by_id
    return self.find_element(by=By.ID, value=id_)
  File "/Users/lucianofeo/Desktop/golem/env/lib/python3.6/site-packages/selenium-3.6.0-py3.6.egg/selenium/webdriver/remote/webdriver.py", line 843, in find_element
    'value': value})['value']
  File "/Users/lucianofeo/Desktop/golem/env/lib/python3.6/site-packages/selenium-3.6.0-py3.6.egg/selenium/webdriver/remote/webdriver.py", line 308, in execute
    self.error_handler.check_response(response)
  File "/Users/lucianofeo/Desktop/golem/env/lib/python3.6/site-packages/selenium-3.6.0-py3.6.egg/selenium/webdriver/remote/errorhandler.py", line 194, in check_response
    raise exception_class(message, screen, stacktrace)
selenium.common.exceptions.NoSuchElementException: Message: no such element: Unable to locate element: {"method":"id","selector":"testCasesTree"}
  (Session info: headless chrome=61.0.3163.100)
  (Driver info: chromedriver=2.32.498537 (cb2f855cbc7b82e20387eaf9a43f6b99b6105061),platform=Mac OS X 10.12.5 x86_64)


During handling of the above exception, another exception occurred:

Traceback (most recent call last):
  File "/Users/lucianofeo/Desktop/golem/src/golem/browser.py", line 19, in _find_webelement
    webelement = root.find_element_by_id(selector_value)
  File "/Users/lucianofeo/Desktop/golem/env/lib/python3.6/site-packages/selenium-3.6.0-py3.6.egg/selenium/webdriver/remote/webdriver.py", line 341, in find_element_by_id
    return self.find_element(by=By.ID, value=id_)
  File "/Users/lucianofeo/Desktop/golem/env/lib/python3.6/site-packages/selenium-3.6.0-py3.6.egg/selenium/webdriver/remote/webdriver.py", line 843, in find_element
    'value': value})['value']
  File "/Users/lucianofeo/Desktop/golem/env/lib/python3.6/site-packages/selenium-3.6.0-py3.6.egg/selenium/webdriver/remote/webdriver.py", line 308, in execute
    self.error_handler.check_response(response)
  File "/Users/lucianofeo/Desktop/golem/env/lib/python3.6/site-packages/selenium-3.6.0-py3.6.egg/selenium/webdriver/remote/errorhandler.py", line 194, in check_response
    raise exception_class(message, screen, stacktrace)
selenium.common.exceptions.NoSuchElementException: Message: no such element: Unable to locate element: {"method":"id","selector":"testCasesTree"}
  (Session info: headless chrome=61.0.3163.100)
  (Driver info: chromedriver=2.32.498537 (cb2f855cbc7b82e20387eaf9a43f6b99b6105061),platform=Mac OS X 10.12.5 x86_64)


During handling of the above exception, another exception occurred:

Traceback (most recent call last):
  File "/Users/lucianofeo/Desktop/golem/src/golem/browser.py", line 19, in _find_webelement
    webelement = root.find_element_by_id(selector_value)
  File "/Users/lucianofeo/Desktop/golem/env/lib/python3.6/site-packages/selenium-3.6.0-py3.6.egg/selenium/webdriver/remote/webdriver.py", line 341, in find_element_by_id
    return self.find_element(by=By.ID, value=id_)
  File "/Users/lucianofeo/Desktop/golem/env/lib/python3.6/site-packages/selenium-3.6.0-py3.6.egg/selenium/webdriver/remote/webdriver.py", line 843, in find_element
    'value': value})['value']
  File "/Users/lucianofeo/Desktop/golem/env/lib/python3.6/site-packages/selenium-3.6.0-py3.6.egg/selenium/webdriver/remote/webdriver.py", line 308, in execute
    self.error_handler.check_response(response)
  File "/Users/lucianofeo/Desktop/golem/env/lib/python3.6/site-packages/selenium-3.6.0-py3.6.egg/selenium/webdriver/remote/errorhandler.py", line 194, in check_response
    raise exception_class(message, screen, stacktrace)
selenium.common.exceptions.NoSuchElementException: Message: no such element: Unable to locate element: {"method":"id","selector":"testCasesTree"}
  (Session info: headless chrome=61.0.3163.100)
  (Driver info: chromedriver=2.32.498537 (cb2f855cbc7b82e20387eaf9a43f6b99b6105061),platform=Mac OS X 10.12.5 x86_64)


During handling of the above exception, another exception occurred:

Traceback (most recent call last):
  File "/Users/lucianofeo/Desktop/golem/src/golem/browser.py", line 19, in _find_webelement
    webelement = root.find_element_by_id(selector_value)
  File "/Users/lucianofeo/Desktop/golem/env/lib/python3.6/site-packages/selenium-3.6.0-py3.6.egg/selenium/webdriver/remote/webdriver.py", line 341, in find_element_by_id
    return self.find_element(by=By.ID, value=id_)
  File "/Users/lucianofeo/Desktop/golem/env/lib/python3.6/site-packages/selenium-3.6.0-py3.6.egg/selenium/webdriver/remote/webdriver.py", line 843, in find_element
    'value': value})['value']
  File "/Users/lucianofeo/Desktop/golem/env/lib/python3.6/site-packages/selenium-3.6.0-py3.6.egg/selenium/webdriver/remote/webdriver.py", line 308, in execute
    self.error_handler.check_response(response)
  File "/Users/lucianofeo/Desktop/golem/env/lib/python3.6/site-packages/selenium-3.6.0-py3.6.egg/selenium/webdriver/remote/errorhandler.py", line 194, in check_response
    raise exception_class(message, screen, stacktrace)
selenium.common.exceptions.NoSuchElementException: Message: no such element: Unable to locate element: {"method":"id","selector":"testCasesTree"}
  (Session info: headless chrome=61.0.3163.100)
  (Driver info: chromedriver=2.32.498537 (cb2f855cbc7b82e20387eaf9a43f6b99b6105061),platform=Mac OS X 10.12.5 x86_64)


During handling of the above exception, another exception occurred:

Traceback (most recent call last):
  File "/Users/lucianofeo/Desktop/golem/src/golem/browser.py", line 19, in _find_webelement
    webelement = root.find_element_by_id(selector_value)
  File "/Users/lucianofeo/Desktop/golem/env/lib/python3.6/site-packages/selenium-3.6.0-py3.6.egg/selenium/webdriver/remote/webdriver.py", line 341, in find_element_by_id
    return self.find_element(by=By.ID, value=id_)
  File "/Users/lucianofeo/Desktop/golem/env/lib/python3.6/site-packages/selenium-3.6.0-py3.6.egg/selenium/webdriver/remote/webdriver.py", line 843, in find_element
    'value': value})['value']
  File "/Users/lucianofeo/Desktop/golem/env/lib/python3.6/site-packages/selenium-3.6.0-py3.6.egg/selenium/webdriver/remote/webdriver.py", line 308, in execute
    self.error_handler.check_response(response)
  File "/Users/lucianofeo/Desktop/golem/env/lib/python3.6/site-packages/selenium-3.6.0-py3.6.egg/selenium/webdriver/remote/errorhandler.py", line 194, in check_response
    raise exception_class(message, screen, stacktrace)
selenium.common.exceptions.NoSuchElementException: Message: no such element: Unable to locate element: {"method":"id","selector":"testCasesTree"}
  (Session info: headless chrome=61.0.3163.100)
  (Driver info: chromedriver=2.32.498537 (cb2f855cbc7b82e20387eaf9a43f6b99b6105061),platform=Mac OS X 10.12.5 x86_64)


During handling of the above exception, another exception occurred:

Traceback (most recent call last):
  File "/Users/lucianofeo/Desktop/golem/src/golem/browser.py", line 19, in _find_webelement
    webelement = root.find_element_by_id(selector_value)
  File "/Users/lucianofeo/Desktop/golem/env/lib/python3.6/site-packages/selenium-3.6.0-py3.6.egg/selenium/webdriver/remote/webdriver.py", line 341, in find_element_by_id
    return self.find_element(by=By.ID, value=id_)
  File "/Users/lucianofeo/Desktop/golem/env/lib/python3.6/site-packages/selenium-3.6.0-py3.6.egg/selenium/webdriver/remote/webdriver.py", line 843, in find_element
    'value': value})['value']
  File "/Users/lucianofeo/Desktop/golem/env/lib/python3.6/site-packages/selenium-3.6.0-py3.6.egg/selenium/webdriver/remote/webdriver.py", line 308, in execute
    self.error_handler.check_response(response)
  File "/Users/lucianofeo/Desktop/golem/env/lib/python3.6/site-packages/selenium-3.6.0-py3.6.egg/selenium/webdriver/remote/errorhandler.py", line 194, in check_response
    raise exception_class(message, screen, stacktrace)
selenium.common.exceptions.NoSuchElementException: Message: no such element: Unable to locate element: {"method":"id","selector":"testCasesTree"}
  (Session info: headless chrome=61.0.3163.100)
  (Driver info: chromedriver=2.32.498537 (cb2f855cbc7b82e20387eaf9a43f6b99b6105061),platform=Mac OS X 10.12.5 x86_64)


During handling of the above exception, another exception occurred:

Traceback (most recent call last):
  File "/Users/lucianofeo/Desktop/golem/src/golem/browser.py", line 19, in _find_webelement
    webelement = root.find_element_by_id(selector_value)
  File "/Users/lucianofeo/Desktop/golem/env/lib/python3.6/site-packages/selenium-3.6.0-py3.6.egg/selenium/webdriver/remote/webdriver.py", line 341, in find_element_by_id
    return self.find_element(by=By.ID, value=id_)
  File "/Users/lucianofeo/Desktop/golem/env/lib/python3.6/site-packages/selenium-3.6.0-py3.6.egg/selenium/webdriver/remote/webdriver.py", line 843, in find_element
    'value': value})['value']
  File "/Users/lucianofeo/Desktop/golem/env/lib/python3.6/site-packages/selenium-3.6.0-py3.6.egg/selenium/webdriver/remote/webdriver.py", line 308, in execute
    self.error_handler.check_response(response)
  File "/Users/lucianofeo/Desktop/golem/env/lib/python3.6/site-packages/selenium-3.6.0-py3.6.egg/selenium/webdriver/remote/errorhandler.py", line 194, in check_response
    raise exception_class(message, screen, stacktrace)
selenium.common.exceptions.NoSuchElementException: Message: no such element: Unable to locate element: {"method":"id","selector":"testCasesTree"}
  (Session info: headless chrome=61.0.3163.100)
  (Driver info: chromedriver=2.32.498537 (cb2f855cbc7b82e20387eaf9a43f6b99b6105061),platform=Mac OS X 10.12.5 x86_64)


During handling of the above exception, another exception occurred:

Traceback (most recent call last):
  File "/Users/lucianofeo/Desktop/golem/src/golem/browser.py", line 19, in _find_webelement
    webelement = root.find_element_by_id(selector_value)
  File "/Users/lucianofeo/Desktop/golem/env/lib/python3.6/site-packages/selenium-3.6.0-py3.6.egg/selenium/webdriver/remote/webdriver.py", line 341, in find_element_by_id
    return self.find_element(by=By.ID, value=id_)
  File "/Users/lucianofeo/Desktop/golem/env/lib/python3.6/site-packages/selenium-3.6.0-py3.6.egg/selenium/webdriver/remote/webdriver.py", line 843, in find_element
    'value': value})['value']
  File "/Users/lucianofeo/Desktop/golem/env/lib/python3.6/site-packages/selenium-3.6.0-py3.6.egg/selenium/webdriver/remote/webdriver.py", line 308, in execute
    self.error_handler.check_response(response)
  File "/Users/lucianofeo/Desktop/golem/env/lib/python3.6/site-packages/selenium-3.6.0-py3.6.egg/selenium/webdriver/remote/errorhandler.py", line 194, in check_response
    raise exception_class(message, screen, stacktrace)
selenium.common.exceptions.NoSuchElementException: Message: no such element: Unable to locate element: {"method":"id","selector":"testCasesTree"}
  (Session info: headless chrome=61.0.3163.100)
  (Driver info: chromedriver=2.32.498537 (cb2f855cbc7b82e20387eaf9a43f6b99b6105061),platform=Mac OS X 10.12.5 x86_64)


During handling of the above exception, another exception occurred:

Traceback (most recent call last):
  File "/Users/lucianofeo/Desktop/golem/src/golem/browser.py", line 19, in _find_webelement
    webelement = root.find_element_by_id(selector_value)
  File "/Users/lucianofeo/Desktop/golem/env/lib/python3.6/site-packages/selenium-3.6.0-py3.6.egg/selenium/webdriver/remote/webdriver.py", line 341, in find_element_by_id
    return self.find_element(by=By.ID, value=id_)
  File "/Users/lucianofeo/Desktop/golem/env/lib/python3.6/site-packages/selenium-3.6.0-py3.6.egg/selenium/webdriver/remote/webdriver.py", line 843, in find_element
    'value': value})['value']
  File "/Users/lucianofeo/Desktop/golem/env/lib/python3.6/site-packages/selenium-3.6.0-py3.6.egg/selenium/webdriver/remote/webdriver.py", line 308, in execute
    self.error_handler.check_response(response)
  File "/Users/lucianofeo/Desktop/golem/env/lib/python3.6/site-packages/selenium-3.6.0-py3.6.egg/selenium/webdriver/remote/errorhandler.py", line 194, in check_response
    raise exception_class(message, screen, stacktrace)
selenium.common.exceptions.NoSuchElementException: Message: no such element: Unable to locate element: {"method":"id","selector":"testCasesTree"}
  (Session info: headless chrome=61.0.3163.100)
  (Driver info: chromedriver=2.32.498537 (cb2f855cbc7b82e20387eaf9a43f6b99b6105061),platform=Mac OS X 10.12.5 x86_64)


During handling of the above exception, another exception occurred:

Traceback (most recent call last):
  File "/Users/lucianofeo/Desktop/golem/src/golem/browser.py", line 19, in _find_webelement
    webelement = root.find_element_by_id(selector_value)
  File "/Users/lucianofeo/Desktop/golem/env/lib/python3.6/site-packages/selenium-3.6.0-py3.6.egg/selenium/webdriver/remote/webdriver.py", line 341, in find_element_by_id
    return self.find_element(by=By.ID, value=id_)
  File "/Users/lucianofeo/Desktop/golem/env/lib/python3.6/site-packages/selenium-3.6.0-py3.6.egg/selenium/webdriver/remote/webdriver.py", line 843, in find_element
    'value': value})['value']
  File "/Users/lucianofeo/Desktop/golem/env/lib/python3.6/site-packages/selenium-3.6.0-py3.6.egg/selenium/webdriver/remote/webdriver.py", line 308, in execute
    self.error_handler.check_response(response)
  File "/Users/lucianofeo/Desktop/golem/env/lib/python3.6/site-packages/selenium-3.6.0-py3.6.egg/selenium/webdriver/remote/errorhandler.py", line 194, in check_response
    raise exception_class(message, screen, stacktrace)
selenium.common.exceptions.NoSuchElementException: Message: no such element: Unable to locate element: {"method":"id","selector":"testCasesTree"}
  (Session info: headless chrome=61.0.3163.100)
  (Driver info: chromedriver=2.32.498537 (cb2f855cbc7b82e20387eaf9a43f6b99b6105061),platform=Mac OS X 10.12.5 x86_64)


During handling of the above exception, another exception occurred:

Traceback (most recent call last):
  File "/Users/lucianofeo/Desktop/golem/src/golem/browser.py", line 19, in _find_webelement
    webelement = root.find_element_by_id(selector_value)
  File "/Users/lucianofeo/Desktop/golem/env/lib/python3.6/site-packages/selenium-3.6.0-py3.6.egg/selenium/webdriver/remote/webdriver.py", line 341, in find_element_by_id
    return self.find_element(by=By.ID, value=id_)
  File "/Users/lucianofeo/Desktop/golem/env/lib/python3.6/site-packages/selenium-3.6.0-py3.6.egg/selenium/webdriver/remote/webdriver.py", line 843, in find_element
    'value': value})['value']
  File "/Users/lucianofeo/Desktop/golem/env/lib/python3.6/site-packages/selenium-3.6.0-py3.6.egg/selenium/webdriver/remote/webdriver.py", line 308, in execute
    self.error_handler.check_response(response)
  File "/Users/lucianofeo/Desktop/golem/env/lib/python3.6/site-packages/selenium-3.6.0-py3.6.egg/selenium/webdriver/remote/errorhandler.py", line 194, in check_response
    raise exception_class(message, screen, stacktrace)
selenium.common.exceptions.NoSuchElementException: Message: no such element: Unable to locate element: {"method":"id","selector":"testCasesTree"}
  (Session info: headless chrome=61.0.3163.100)
  (Driver info: chromedriver=2.32.498537 (cb2f855cbc7b82e20387eaf9a43f6b99b6105061),platform=Mac OS X 10.12.5 x86_64)


During handling of the above exception, another exception occurred:

Traceback (most recent call last):
  File "/Users/lucianofeo/Desktop/golem/src/golem/browser.py", line 19, in _find_webelement
    webelement = root.find_element_by_id(selector_value)
  File "/Users/lucianofeo/Desktop/golem/env/lib/python3.6/site-packages/selenium-3.6.0-py3.6.egg/selenium/webdriver/remote/webdriver.py", line 341, in find_element_by_id
    return self.find_element(by=By.ID, value=id_)
  File "/Users/lucianofeo/Desktop/golem/env/lib/python3.6/site-packages/selenium-3.6.0-py3.6.egg/selenium/webdriver/remote/webdriver.py", line 843, in find_element
    'value': value})['value']
  File "/Users/lucianofeo/Desktop/golem/env/lib/python3.6/site-packages/selenium-3.6.0-py3.6.egg/selenium/webdriver/remote/webdriver.py", line 308, in execute
    self.error_handler.check_response(response)
  File "/Users/lucianofeo/Desktop/golem/env/lib/python3.6/site-packages/selenium-3.6.0-py3.6.egg/selenium/webdriver/remote/errorhandler.py", line 194, in check_response
    raise exception_class(message, screen, stacktrace)
selenium.common.exceptions.NoSuchElementException: Message: no such element: Unable to locate element: {"method":"id","selector":"testCasesTree"}
  (Session info: headless chrome=61.0.3163.100)
  (Driver info: chromedriver=2.32.498537 (cb2f855cbc7b82e20387eaf9a43f6b99b6105061),platform=Mac OS X 10.12.5 x86_64)


During handling of the above exception, another exception occurred:

Traceback (most recent call last):
  File "/Users/lucianofeo/Desktop/golem/src/golem/browser.py", line 19, in _find_webelement
    webelement = root.find_element_by_id(selector_value)
  File "/Users/lucianofeo/Desktop/golem/env/lib/python3.6/site-packages/selenium-3.6.0-py3.6.egg/selenium/webdriver/remote/webdriver.py", line 341, in find_element_by_id
    return self.find_element(by=By.ID, value=id_)
  File "/Users/lucianofeo/Desktop/golem/env/lib/python3.6/site-packages/selenium-3.6.0-py3.6.egg/selenium/webdriver/remote/webdriver.py", line 843, in find_element
    'value': value})['value']
  File "/Users/lucianofeo/Desktop/golem/env/lib/python3.6/site-packages/selenium-3.6.0-py3.6.egg/selenium/webdriver/remote/webdriver.py", line 308, in execute
    self.error_handler.check_response(response)
  File "/Users/lucianofeo/Desktop/golem/env/lib/python3.6/site-packages/selenium-3.6.0-py3.6.egg/selenium/webdriver/remote/errorhandler.py", line 194, in check_response
    raise exception_class(message, screen, stacktrace)
selenium.common.exceptions.NoSuchElementException: Message: no such element: Unable to locate element: {"method":"id","selector":"testCasesTree"}
  (Session info: headless chrome=61.0.3163.100)
  (Driver info: chromedriver=2.32.498537 (cb2f855cbc7b82e20387eaf9a43f6b99b6105061),platform=Mac OS X 10.12.5 x86_64)


During handling of the above exception, another exception occurred:

Traceback (most recent call last):
  File "/Users/lucianofeo/Desktop/golem/src/golem/browser.py", line 19, in _find_webelement
    webelement = root.find_element_by_id(selector_value)
  File "/Users/lucianofeo/Desktop/golem/env/lib/python3.6/site-packages/selenium-3.6.0-py3.6.egg/selenium/webdriver/remote/webdriver.py", line 341, in find_element_by_id
    return self.find_element(by=By.ID, value=id_)
  File "/Users/lucianofeo/Desktop/golem/env/lib/python3.6/site-packages/selenium-3.6.0-py3.6.egg/selenium/webdriver/remote/webdriver.py", line 843, in find_element
    'value': value})['value']
  File "/Users/lucianofeo/Desktop/golem/env/lib/python3.6/site-packages/selenium-3.6.0-py3.6.egg/selenium/webdriver/remote/webdriver.py", line 308, in execute
    self.error_handler.check_response(response)
  File "/Users/lucianofeo/Desktop/golem/env/lib/python3.6/site-packages/selenium-3.6.0-py3.6.egg/selenium/webdriver/remote/errorhandler.py", line 194, in check_response
    raise exception_class(message, screen, stacktrace)
selenium.common.exceptions.NoSuchElementException: Message: no such element: Unable to locate element: {"method":"id","selector":"testCasesTree"}
  (Session info: headless chrome=61.0.3163.100)
  (Driver info: chromedriver=2.32.498537 (cb2f855cbc7b82e20387eaf9a43f6b99b6105061),platform=Mac OS X 10.12.5 x86_64)


During handling of the above exception, another exception occurred:

Traceback (most recent call last):
  File "/Users/lucianofeo/Desktop/golem/src/golem/browser.py", line 19, in _find_webelement
    webelement = root.find_element_by_id(selector_value)
  File "/Users/lucianofeo/Desktop/golem/env/lib/python3.6/site-packages/selenium-3.6.0-py3.6.egg/selenium/webdriver/remote/webdriver.py", line 341, in find_element_by_id
    return self.find_element(by=By.ID, value=id_)
  File "/Users/lucianofeo/Desktop/golem/env/lib/python3.6/site-packages/selenium-3.6.0-py3.6.egg/selenium/webdriver/remote/webdriver.py", line 843, in find_element
    'value': value})['value']
  File "/Users/lucianofeo/Desktop/golem/env/lib/python3.6/site-packages/selenium-3.6.0-py3.6.egg/selenium/webdriver/remote/webdriver.py", line 308, in execute
    self.error_handler.check_response(response)
  File "/Users/lucianofeo/Desktop/golem/env/lib/python3.6/site-packages/selenium-3.6.0-py3.6.egg/selenium/webdriver/remote/errorhandler.py", line 194, in check_response
    raise exception_class(message, screen, stacktrace)
selenium.common.exceptions.NoSuchElementException: Message: no such element: Unable to locate element: {"method":"id","selector":"testCasesTree"}
  (Session info: headless chrome=61.0.3163.100)
  (Driver info: chromedriver=2.32.498537 (cb2f855cbc7b82e20387eaf9a43f6b99b6105061),platform=Mac OS X 10.12.5 x86_64)


During handling of the above exception, another exception occurred:

Traceback (most recent call last):
  File "/Users/lucianofeo/Desktop/golem/src/golem/browser.py", line 19, in _find_webelement
    webelement = root.find_element_by_id(selector_value)
  File "/Users/lucianofeo/Desktop/golem/env/lib/python3.6/site-packages/selenium-3.6.0-py3.6.egg/selenium/webdriver/remote/webdriver.py", line 341, in find_element_by_id
    return self.find_element(by=By.ID, value=id_)
  File "/Users/lucianofeo/Desktop/golem/env/lib/python3.6/site-packages/selenium-3.6.0-py3.6.egg/selenium/webdriver/remote/webdriver.py", line 843, in find_element
    'value': value})['value']
  File "/Users/lucianofeo/Desktop/golem/env/lib/python3.6/site-packages/selenium-3.6.0-py3.6.egg/selenium/webdriver/remote/webdriver.py", line 308, in execute
    self.error_handler.check_response(response)
  File "/Users/lucianofeo/Desktop/golem/env/lib/python3.6/site-packages/selenium-3.6.0-py3.6.egg/selenium/webdriver/remote/errorhandler.py", line 194, in check_response
    raise exception_class(message, screen, stacktrace)
selenium.common.exceptions.NoSuchElementException: Message: no such element: Unable to locate element: {"method":"id","selector":"testCasesTree"}
  (Session info: headless chrome=61.0.3163.100)
  (Driver info: chromedriver=2.32.498537 (cb2f855cbc7b82e20387eaf9a43f6b99b6105061),platform=Mac OS X 10.12.5 x86_64)


During handling of the above exception, another exception occurred:

Traceback (most recent call last):
  File "/Users/lucianofeo/Desktop/golem/src/golem/browser.py", line 19, in _find_webelement
    webelement = root.find_element_by_id(selector_value)
  File "/Users/lucianofeo/Desktop/golem/env/lib/python3.6/site-packages/selenium-3.6.0-py3.6.egg/selenium/webdriver/remote/webdriver.py", line 341, in find_element_by_id
    return self.find_element(by=By.ID, value=id_)
  File "/Users/lucianofeo/Desktop/golem/env/lib/python3.6/site-packages/selenium-3.6.0-py3.6.egg/selenium/webdriver/remote/webdriver.py", line 843, in find_element
    'value': value})['value']
  File "/Users/lucianofeo/Desktop/golem/env/lib/python3.6/site-packages/selenium-3.6.0-py3.6.egg/selenium/webdriver/remote/webdriver.py", line 308, in execute
    self.error_handler.check_response(response)
  File "/Users/lucianofeo/Desktop/golem/env/lib/python3.6/site-packages/selenium-3.6.0-py3.6.egg/selenium/webdriver/remote/errorhandler.py", line 194, in check_response
    raise exception_class(message, screen, stacktrace)
selenium.common.exceptions.NoSuchElementException: Message: no such element: Unable to locate element: {"method":"id","selector":"testCasesTree"}
  (Session info: headless chrome=61.0.3163.100)
  (Driver info: chromedriver=2.32.498537 (cb2f855cbc7b82e20387eaf9a43f6b99b6105061),platform=Mac OS X 10.12.5 x86_64)


During handling of the above exception, another exception occurred:

Traceback (most recent call last):
  File "/Users/lucianofeo/Desktop/golem/src/golem/browser.py", line 19, in _find_webelement
    webelement = root.find_element_by_id(selector_value)
  File "/Users/lucianofeo/Desktop/golem/env/lib/python3.6/site-packages/selenium-3.6.0-py3.6.egg/selenium/webdriver/remote/webdriver.py", line 341, in find_element_by_id
    return self.find_element(by=By.ID, value=id_)
  File "/Users/lucianofeo/Desktop/golem/env/lib/python3.6/site-packages/selenium-3.6.0-py3.6.egg/selenium/webdriver/remote/webdriver.py", line 843, in find_element
    'value': value})['value']
  File "/Users/lucianofeo/Desktop/golem/env/lib/python3.6/site-packages/selenium-3.6.0-py3.6.egg/selenium/webdriver/remote/webdriver.py", line 308, in execute
    self.error_handler.check_response(response)
  File "/Users/lucianofeo/Desktop/golem/env/lib/python3.6/site-packages/selenium-3.6.0-py3.6.egg/selenium/webdriver/remote/errorhandler.py", line 194, in check_response
    raise exception_class(message, screen, stacktrace)
selenium.common.exceptions.NoSuchElementException: Message: no such element: Unable to locate element: {"method":"id","selector":"testCasesTree"}
  (Session info: headless chrome=61.0.3163.100)
  (Driver info: chromedriver=2.32.498537 (cb2f855cbc7b82e20387eaf9a43f6b99b6105061),platform=Mac OS X 10.12.5 x86_64)


During handling of the above exception, another exception occurred:

Traceback (most recent call last):
  File "/Users/lucianofeo/Desktop/golem/src/golem/browser.py", line 19, in _find_webelement
    webelement = root.find_element_by_id(selector_value)
  File "/Users/lucianofeo/Desktop/golem/env/lib/python3.6/site-packages/selenium-3.6.0-py3.6.egg/selenium/webdriver/remote/webdriver.py", line 341, in find_element_by_id
    return self.find_element(by=By.ID, value=id_)
  File "/Users/lucianofeo/Desktop/golem/env/lib/python3.6/site-packages/selenium-3.6.0-py3.6.egg/selenium/webdriver/remote/webdriver.py", line 843, in find_element
    'value': value})['value']
  File "/Users/lucianofeo/Desktop/golem/env/lib/python3.6/site-packages/selenium-3.6.0-py3.6.egg/selenium/webdriver/remote/webdriver.py", line 308, in execute
    self.error_handler.check_response(response)
  File "/Users/lucianofeo/Desktop/golem/env/lib/python3.6/site-packages/selenium-3.6.0-py3.6.egg/selenium/webdriver/remote/errorhandler.py", line 194, in check_response
    raise exception_class(message, screen, stacktrace)
selenium.common.exceptions.NoSuchElementException: Message: no such element: Unable to locate element: {"method":"id","selector":"testCasesTree"}
  (Session info: headless chrome=61.0.3163.100)
  (Driver info: chromedriver=2.32.498537 (cb2f855cbc7b82e20387eaf9a43f6b99b6105061),platform=Mac OS X 10.12.5 x86_64)


During handling of the above exception, another exception occurred:

Traceback (most recent call last):
  File "/Users/lucianofeo/Desktop/golem/src/golem/browser.py", line 19, in _find_webelement
    webelement = root.find_element_by_id(selector_value)
  File "/Users/lucianofeo/Desktop/golem/env/lib/python3.6/site-packages/selenium-3.6.0-py3.6.egg/selenium/webdriver/remote/webdriver.py", line 341, in find_element_by_id
    return self.find_element(by=By.ID, value=id_)
  File "/Users/lucianofeo/Desktop/golem/env/lib/python3.6/site-packages/selenium-3.6.0-py3.6.egg/selenium/webdriver/remote/webdriver.py", line 843, in find_element
    'value': value})['value']
  File "/Users/lucianofeo/Desktop/golem/env/lib/python3.6/site-packages/selenium-3.6.0-py3.6.egg/selenium/webdriver/remote/webdriver.py", line 308, in execute
    self.error_handler.check_response(response)
  File "/Users/lucianofeo/Desktop/golem/env/lib/python3.6/site-packages/selenium-3.6.0-py3.6.egg/selenium/webdriver/remote/errorhandler.py", line 194, in check_response
    raise exception_class(message, screen, stacktrace)
selenium.common.exceptions.NoSuchElementException: Message: no such element: Unable to locate element: {"method":"id","selector":"testCasesTree"}
  (Session info: headless chrome=61.0.3163.100)
  (Driver info: chromedriver=2.32.498537 (cb2f855cbc7b82e20387eaf9a43f6b99b6105061),platform=Mac OS X 10.12.5 x86_64)


During handling of the above exception, another exception occurred:

Traceback (most recent call last):
  File "/Users/lucianofeo/Desktop/golem/src/golem/browser.py", line 19, in _find_webelement
    webelement = root.find_element_by_id(selector_value)
  File "/Users/lucianofeo/Desktop/golem/env/lib/python3.6/site-packages/selenium-3.6.0-py3.6.egg/selenium/webdriver/remote/webdriver.py", line 341, in find_element_by_id
    return self.find_element(by=By.ID, value=id_)
  File "/Users/lucianofeo/Desktop/golem/env/lib/python3.6/site-packages/selenium-3.6.0-py3.6.egg/selenium/webdriver/remote/webdriver.py", line 843, in find_element
    'value': value})['value']
  File "/Users/lucianofeo/Desktop/golem/env/lib/python3.6/site-packages/selenium-3.6.0-py3.6.egg/selenium/webdriver/remote/webdriver.py", line 308, in execute
    self.error_handler.check_response(response)
  File "/Users/lucianofeo/Desktop/golem/env/lib/python3.6/site-packages/selenium-3.6.0-py3.6.egg/selenium/webdriver/remote/errorhandler.py", line 194, in check_response
    raise exception_class(message, screen, stacktrace)
selenium.common.exceptions.NoSuchElementException: Message: no such element: Unable to locate element: {"method":"id","selector":"testCasesTree"}
  (Session info: headless chrome=61.0.3163.100)
  (Driver info: chromedriver=2.32.498537 (cb2f855cbc7b82e20387eaf9a43f6b99b6105061),platform=Mac OS X 10.12.5 x86_64)


During handling of the above exception, another exception occurred:

Traceback (most recent call last):
  File "/Users/lucianofeo/Desktop/golem/src/golem/browser.py", line 19, in _find_webelement
    webelement = root.find_element_by_id(selector_value)
  File "/Users/lucianofeo/Desktop/golem/env/lib/python3.6/site-packages/selenium-3.6.0-py3.6.egg/selenium/webdriver/remote/webdriver.py", line 341, in find_element_by_id
    return self.find_element(by=By.ID, value=id_)
  File "/Users/lucianofeo/Desktop/golem/env/lib/python3.6/site-packages/selenium-3.6.0-py3.6.egg/selenium/webdriver/remote/webdriver.py", line 843, in find_element
    'value': value})['value']
  File "/Users/lucianofeo/Desktop/golem/env/lib/python3.6/site-packages/selenium-3.6.0-py3.6.egg/selenium/webdriver/remote/webdriver.py", line 308, in execute
    self.error_handler.check_response(response)
  File "/Users/lucianofeo/Desktop/golem/env/lib/python3.6/site-packages/selenium-3.6.0-py3.6.egg/selenium/webdriver/remote/errorhandler.py", line 194, in check_response
    raise exception_class(message, screen, stacktrace)
selenium.common.exceptions.NoSuchElementException: Message: no such element: Unable to locate element: {"method":"id","selector":"testCasesTree"}
  (Session info: headless chrome=61.0.3163.100)
  (Driver info: chromedriver=2.32.498537 (cb2f855cbc7b82e20387eaf9a43f6b99b6105061),platform=Mac OS X 10.12.5 x86_64)


During handling of the above exception, another exception occurred:

Traceback (most recent call last):
  File "/Users/lucianofeo/Desktop/golem/src/golem/browser.py", line 19, in _find_webelement
    webelement = root.find_element_by_id(selector_value)
  File "/Users/lucianofeo/Desktop/golem/env/lib/python3.6/site-packages/selenium-3.6.0-py3.6.egg/selenium/webdriver/remote/webdriver.py", line 341, in find_element_by_id
    return self.find_element(by=By.ID, value=id_)
  File "/Users/lucianofeo/Desktop/golem/env/lib/python3.6/site-packages/selenium-3.6.0-py3.6.egg/selenium/webdriver/remote/webdriver.py", line 843, in find_element
    'value': value})['value']
  File "/Users/lucianofeo/Desktop/golem/env/lib/python3.6/site-packages/selenium-3.6.0-py3.6.egg/selenium/webdriver/remote/webdriver.py", line 308, in execute
    self.error_handler.check_response(response)
  File "/Users/lucianofeo/Desktop/golem/env/lib/python3.6/site-packages/selenium-3.6.0-py3.6.egg/selenium/webdriver/remote/errorhandler.py", line 194, in check_response
    raise exception_class(message, screen, stacktrace)
selenium.common.exceptions.NoSuchElementException: Message: no such element: Unable to locate element: {"method":"id","selector":"testCasesTree"}
  (Session info: headless chrome=61.0.3163.100)
  (Driver info: chromedriver=2.32.498537 (cb2f855cbc7b82e20387eaf9a43f6b99b6105061),platform=Mac OS X 10.12.5 x86_64)


During handling of the above exception, another exception occurred:

Traceback (most recent call last):
  File "/Users/lucianofeo/Desktop/golem/src/golem/browser.py", line 19, in _find_webelement
    webelement = root.find_element_by_id(selector_value)
  File "/Users/lucianofeo/Desktop/golem/env/lib/python3.6/site-packages/selenium-3.6.0-py3.6.egg/selenium/webdriver/remote/webdriver.py", line 341, in find_element_by_id
    return self.find_element(by=By.ID, value=id_)
  File "/Users/lucianofeo/Desktop/golem/env/lib/python3.6/site-packages/selenium-3.6.0-py3.6.egg/selenium/webdriver/remote/webdriver.py", line 843, in find_element
    'value': value})['value']
  File "/Users/lucianofeo/Desktop/golem/env/lib/python3.6/site-packages/selenium-3.6.0-py3.6.egg/selenium/webdriver/remote/webdriver.py", line 308, in execute
    self.error_handler.check_response(response)
  File "/Users/lucianofeo/Desktop/golem/env/lib/python3.6/site-packages/selenium-3.6.0-py3.6.egg/selenium/webdriver/remote/errorhandler.py", line 194, in check_response
    raise exception_class(message, screen, stacktrace)
selenium.common.exceptions.NoSuchElementException: Message: no such element: Unable to locate element: {"method":"id","selector":"testCasesTree"}
  (Session info: headless chrome=61.0.3163.100)
  (Driver info: chromedriver=2.32.498537 (cb2f855cbc7b82e20387eaf9a43f6b99b6105061),platform=Mac OS X 10.12.5 x86_64)


During handling of the above exception, another exception occurred:

Traceback (most recent call last):
  File "/Users/lucianofeo/Desktop/golem/src/golem/browser.py", line 19, in _find_webelement
    webelement = root.find_element_by_id(selector_value)
  File "/Users/lucianofeo/Desktop/golem/env/lib/python3.6/site-packages/selenium-3.6.0-py3.6.egg/selenium/webdriver/remote/webdriver.py", line 341, in find_element_by_id
    return self.find_element(by=By.ID, value=id_)
  File "/Users/lucianofeo/Desktop/golem/env/lib/python3.6/site-packages/selenium-3.6.0-py3.6.egg/selenium/webdriver/remote/webdriver.py", line 843, in find_element
    'value': value})['value']
  File "/Users/lucianofeo/Desktop/golem/env/lib/python3.6/site-packages/selenium-3.6.0-py3.6.egg/selenium/webdriver/remote/webdriver.py", line 308, in execute
    self.error_handler.check_response(response)
  File "/Users/lucianofeo/Desktop/golem/env/lib/python3.6/site-packages/selenium-3.6.0-py3.6.egg/selenium/webdriver/remote/errorhandler.py", line 194, in check_response
    raise exception_class(message, screen, stacktrace)
selenium.common.exceptions.NoSuchElementException: Message: no such element: Unable to locate element: {"method":"id","selector":"testCasesTree"}
  (Session info: headless chrome=61.0.3163.100)
  (Driver info: chromedriver=2.32.498537 (cb2f855cbc7b82e20387eaf9a43f6b99b6105061),platform=Mac OS X 10.12.5 x86_64)


During handling of the above exception, another exception occurred:

Traceback (most recent call last):
  File "/Users/lucianofeo/Desktop/golem/src/golem/browser.py", line 19, in _find_webelement
    webelement = root.find_element_by_id(selector_value)
  File "/Users/lucianofeo/Desktop/golem/env/lib/python3.6/site-packages/selenium-3.6.0-py3.6.egg/selenium/webdriver/remote/webdriver.py", line 341, in find_element_by_id
    return self.find_element(by=By.ID, value=id_)
  File "/Users/lucianofeo/Desktop/golem/env/lib/python3.6/site-packages/selenium-3.6.0-py3.6.egg/selenium/webdriver/remote/webdriver.py", line 843, in find_element
    'value': value})['value']
  File "/Users/lucianofeo/Desktop/golem/env/lib/python3.6/site-packages/selenium-3.6.0-py3.6.egg/selenium/webdriver/remote/webdriver.py", line 308, in execute
    self.error_handler.check_response(response)
  File "/Users/lucianofeo/Desktop/golem/env/lib/python3.6/site-packages/selenium-3.6.0-py3.6.egg/selenium/webdriver/remote/errorhandler.py", line 194, in check_response
    raise exception_class(message, screen, stacktrace)
selenium.common.exceptions.NoSuchElementException: Message: no such element: Unable to locate element: {"method":"id","selector":"testCasesTree"}
  (Session info: headless chrome=61.0.3163.100)
  (Driver info: chromedriver=2.32.498537 (cb2f855cbc7b82e20387eaf9a43f6b99b6105061),platform=Mac OS X 10.12.5 x86_64)


During handling of the above exception, another exception occurred:

Traceback (most recent call last):
  File "/Users/lucianofeo/Desktop/golem/src/golem/test_runner/test_runner.py", line 114, in run_test
    test_module.test(execution.data)
  File "/Users/lucianofeo/Desktop/golem/example/projects/golem/tests/test_page/add_action_to_test.py", line 10, in test
    project.create_access_test('testing_actions')
  File "/Users/lucianofeo/Desktop/golem/example/projects/golem/pages/project.py", line 160, in create_access_test
    add_test(full_path)
  File "/Users/lucianofeo/Desktop/golem/example/projects/golem/pages/project.py", line 46, in add_test
    tests_tree_ul = element(id='testCasesTree')
  File "/Users/lucianofeo/Desktop/golem/src/golem/browser.py", line 205, in element
    webelement = get_browser().find(**kwargs)
  File "/Users/lucianofeo/Desktop/golem/src/golem/browser.py", line 114, in _find
    element_name, timeout)
  File "/Users/lucianofeo/Desktop/golem/src/golem/browser.py", line 45, in _find_webelement
    element_name, remaining_time)
  File "/Users/lucianofeo/Desktop/golem/src/golem/browser.py", line 45, in _find_webelement
    element_name, remaining_time)
  File "/Users/lucianofeo/Desktop/golem/src/golem/browser.py", line 45, in _find_webelement
    element_name, remaining_time)
  [Previous line repeated 25 more times]
  File "/Users/lucianofeo/Desktop/golem/src/golem/browser.py", line 48, in _find_webelement
    .format(element_name, selector_type, selector_value))
golem.core.exceptions.ElementNotFound: Element testCasesTree not found using selector id:'testCasesTree'
2017-10-21 13:26:18,202 root INFO Test does not have a teardown function
2017-10-21 13:26:18,205 selenium.webdriver.remote.remote_connection DEBUG DELETE http://127.0.0.1:60406/session/5f2a73aa268c5a14500deb587ae2b05b {"sessionId": "5f2a73aa268c5a14500deb587ae2b05b"}
2017-10-21 13:26:18,256 selenium.webdriver.remote.remote_connection DEBUG Finished Request
