11:30:33.312 INFO Test execution started: test_builder.add_action_to_test
11:30:33.312 INFO Browser: chrome
11:30:33.313 INFO Environment: test
11:30:33.314 INFO Using data: 
    action: send keys
    url: http://localhost:8000

11:30:43.058 INFO Navigate to: 'http://localhost:8000'
11:30:43.331 INFO Write 'admin' in element username
11:30:43.563 INFO Write 'admin' in element password
11:30:43.665 INFO Click login_button
11:30:44.998 INFO Click None
11:30:45.485 INFO Click #testSteps button.add-step
11:30:45.805 INFO Write 'send keys' in element None
11:30:45.806 INFO Press key: DOWN
11:30:45.829 INFO Press key: ENTER
11:30:45.937 INFO Click save
11:30:46.445 INFO Refresh page
11:30:46.462 INFO Take screenshot error
11:30:46.469 ERROR An error ocurred:
Traceback (most recent call last):
  File "/Users/lucianofeo/Desktop/golem/src/golem/test_runner/test_runner.py", line 114, in run_test
    test_module.test(execution.data)
  File "/Users/lucianofeo/Desktop/golem/example/projects/golem/tests/test_builder/add_action_to_test.py", line 19, in test
    test_builder.verify_last_action(data.action)
  File "/Users/lucianofeo/Desktop/golem/example/projects/golem/pages/test_builder.py", line 21, in verify_last_action
    action_inputs = elements("#testSteps .step-first-input")
  File "/Users/lucianofeo/Desktop/golem/src/golem/browser.py", line 213, in elements
    webelement = get_browser().find_all(**kwargs)
  File "/Users/lucianofeo/Desktop/golem/src/golem/browser.py", line 165, in _find_all
    webelements = self.find_elements_by_css_selector(css)
  File "/Users/lucianofeo/Desktop/golem/env/lib/python3.6/site-packages/selenium-3.6.0-py3.6.egg/selenium/webdriver/remote/webdriver.py", line 521, in find_elements_by_css_selector
    return self.find_elements(by=By.CSS_SELECTOR, value=css_selector)
  File "/Users/lucianofeo/Desktop/golem/env/lib/python3.6/site-packages/selenium-3.6.0-py3.6.egg/selenium/webdriver/remote/webdriver.py", line 871, in find_elements
    'value': value})['value'] or []
  File "/Users/lucianofeo/Desktop/golem/env/lib/python3.6/site-packages/selenium-3.6.0-py3.6.egg/selenium/webdriver/remote/webdriver.py", line 308, in execute
    self.error_handler.check_response(response)
  File "/Users/lucianofeo/Desktop/golem/env/lib/python3.6/site-packages/selenium-3.6.0-py3.6.egg/selenium/webdriver/remote/errorhandler.py", line 194, in check_response
    raise exception_class(message, screen, stacktrace)
selenium.common.exceptions.UnexpectedAlertPresentException: Alert Text: None
Message: unexpected alert open: {Alert text : There are unsaved changes}
  (Session info: chrome=61.0.3163.100)
  (Driver info: chromedriver=2.32.498537 (cb2f855cbc7b82e20387eaf9a43f6b99b6105061),platform=Mac OS X 10.12.5 x86_64)

11:30:46.497 INFO Test does not have a teardown function
