2017-10-21 13:18:55,349 root INFO Test execution started: test_page.add_action_to_test
2017-10-21 13:18:55,350 root INFO Browser: chrome-headless
2017-10-21 13:18:55,350 root INFO Environment: test
2017-10-21 13:18:55,351 root INFO Using data: 
    action: send keys
    url: http://localhost:8000

2017-10-21 13:18:55,359 root INFO Test does not have setup function
2017-10-21 13:18:55,417 selenium.webdriver.remote.remote_connection DEBUG POST http://127.0.0.1:53875/session {"capabilities": {"firstMatch": [{}], "alwaysMatch": {"browserName": "chrome", "platformName": "any"}}, "desiredCapabilities": {"browserName": "chrome", "version": "", "platform": "ANY", "chromeOptions": {"extensions": [], "args": ["headless", "--window-size=1600,1600"]}}}
2017-10-21 13:19:04,767 selenium.webdriver.remote.remote_connection DEBUG Finished Request
2017-10-21 13:19:04,767 selenium.webdriver.remote.remote_connection DEBUG POST http://127.0.0.1:53875/session/02a98d211d44262460f49d58acbacc6d/window/current/maximize {"windowHandle": "current", "sessionId": "02a98d211d44262460f49d58acbacc6d"}
2017-10-21 13:19:04,885 selenium.webdriver.remote.remote_connection DEBUG Finished Request
2017-10-21 13:19:04,886 selenium.webdriver.remote.remote_connection DEBUG POST http://127.0.0.1:53875/session/02a98d211d44262460f49d58acbacc6d/element {"using": "id", "value": "testCasesTree", "sessionId": "02a98d211d44262460f49d58acbacc6d"}
2017-10-21 13:19:04,918 selenium.webdriver.remote.remote_connection DEBUG Finished Request
2017-10-21 13:19:05,419 root DEBUG Element not found yet, remaining time: 14.46669888496399
2017-10-21 13:19:05,420 selenium.webdriver.remote.remote_connection DEBUG POST http://127.0.0.1:53875/session/02a98d211d44262460f49d58acbacc6d/element {"using": "id", "value": "testCasesTree", "sessionId": "02a98d211d44262460f49d58acbacc6d"}
2017-10-21 13:19:05,434 selenium.webdriver.remote.remote_connection DEBUG Finished Request
2017-10-21 13:19:05,935 root DEBUG Element not found yet, remaining time: 13.951622724533081
2017-10-21 13:19:05,935 selenium.webdriver.remote.remote_connection DEBUG POST http://127.0.0.1:53875/session/02a98d211d44262460f49d58acbacc6d/element {"using": "id", "value": "testCasesTree", "sessionId": "02a98d211d44262460f49d58acbacc6d"}
2017-10-21 13:19:05,946 selenium.webdriver.remote.remote_connection DEBUG Finished Request
2017-10-21 13:19:06,447 root DEBUG Element not found yet, remaining time: 13.439307689666748
2017-10-21 13:19:06,448 selenium.webdriver.remote.remote_connection DEBUG POST http://127.0.0.1:53875/session/02a98d211d44262460f49d58acbacc6d/element {"using": "id", "value": "testCasesTree", "sessionId": "02a98d211d44262460f49d58acbacc6d"}
2017-10-21 13:19:06,462 selenium.webdriver.remote.remote_connection DEBUG Finished Request
2017-10-21 13:19:06,963 root DEBUG Element not found yet, remaining time: 12.924332618713379
2017-10-21 13:19:06,963 selenium.webdriver.remote.remote_connection DEBUG POST http://127.0.0.1:53875/session/02a98d211d44262460f49d58acbacc6d/element {"using": "id", "value": "testCasesTree", "sessionId": "02a98d211d44262460f49d58acbacc6d"}
2017-10-21 13:19:06,974 selenium.webdriver.remote.remote_connection DEBUG Finished Request
2017-10-21 13:19:07,475 root DEBUG Element not found yet, remaining time: 12.412309408187866
2017-10-21 13:19:07,475 selenium.webdriver.remote.remote_connection DEBUG POST http://127.0.0.1:53875/session/02a98d211d44262460f49d58acbacc6d/element {"using": "id", "value": "testCasesTree", "sessionId": "02a98d211d44262460f49d58acbacc6d"}
2017-10-21 13:19:07,483 selenium.webdriver.remote.remote_connection DEBUG Finished Request
2017-10-21 13:19:07,984 root DEBUG Element not found yet, remaining time: 11.90407657623291
2017-10-21 13:19:07,984 selenium.webdriver.remote.remote_connection DEBUG POST http://127.0.0.1:53875/session/02a98d211d44262460f49d58acbacc6d/element {"using": "id", "value": "testCasesTree", "sessionId": "02a98d211d44262460f49d58acbacc6d"}
2017-10-21 13:19:07,995 selenium.webdriver.remote.remote_connection DEBUG Finished Request
2017-10-21 13:19:08,496 root DEBUG Element not found yet, remaining time: 11.39231276512146
2017-10-21 13:19:08,496 selenium.webdriver.remote.remote_connection DEBUG POST http://127.0.0.1:53875/session/02a98d211d44262460f49d58acbacc6d/element {"using": "id", "value": "testCasesTree", "sessionId": "02a98d211d44262460f49d58acbacc6d"}
2017-10-21 13:19:08,507 selenium.webdriver.remote.remote_connection DEBUG Finished Request
2017-10-21 13:19:09,008 root DEBUG Element not found yet, remaining time: 10.880526781082153
2017-10-21 13:19:09,008 selenium.webdriver.remote.remote_connection DEBUG POST http://127.0.0.1:53875/session/02a98d211d44262460f49d58acbacc6d/element {"using": "id", "value": "testCasesTree", "sessionId": "02a98d211d44262460f49d58acbacc6d"}
2017-10-21 13:19:09,018 selenium.webdriver.remote.remote_connection DEBUG Finished Request
2017-10-21 13:19:09,519 root DEBUG Element not found yet, remaining time: 10.370036840438843
2017-10-21 13:19:09,519 selenium.webdriver.remote.remote_connection DEBUG POST http://127.0.0.1:53875/session/02a98d211d44262460f49d58acbacc6d/element {"using": "id", "value": "testCasesTree", "sessionId": "02a98d211d44262460f49d58acbacc6d"}
2017-10-21 13:19:09,529 selenium.webdriver.remote.remote_connection DEBUG Finished Request
2017-10-21 13:19:10,029 root DEBUG Element not found yet, remaining time: 9.859985828399658
2017-10-21 13:19:10,030 selenium.webdriver.remote.remote_connection DEBUG POST http://127.0.0.1:53875/session/02a98d211d44262460f49d58acbacc6d/element {"using": "id", "value": "testCasesTree", "sessionId": "02a98d211d44262460f49d58acbacc6d"}
2017-10-21 13:19:10,037 selenium.webdriver.remote.remote_connection DEBUG Finished Request
2017-10-21 13:19:10,538 root DEBUG Element not found yet, remaining time: 9.351647853851318
2017-10-21 13:19:10,538 selenium.webdriver.remote.remote_connection DEBUG POST http://127.0.0.1:53875/session/02a98d211d44262460f49d58acbacc6d/element {"using": "id", "value": "testCasesTree", "sessionId": "02a98d211d44262460f49d58acbacc6d"}
2017-10-21 13:19:10,547 selenium.webdriver.remote.remote_connection DEBUG Finished Request
2017-10-21 13:19:11,048 root DEBUG Element not found yet, remaining time: 8.842207908630371
2017-10-21 13:19:11,048 selenium.webdriver.remote.remote_connection DEBUG POST http://127.0.0.1:53875/session/02a98d211d44262460f49d58acbacc6d/element {"using": "id", "value": "testCasesTree", "sessionId": "02a98d211d44262460f49d58acbacc6d"}
2017-10-21 13:19:11,059 selenium.webdriver.remote.remote_connection DEBUG Finished Request
2017-10-21 13:19:11,560 root DEBUG Element not found yet, remaining time: 8.330675840377808
2017-10-21 13:19:11,560 selenium.webdriver.remote.remote_connection DEBUG POST http://127.0.0.1:53875/session/02a98d211d44262460f49d58acbacc6d/element {"using": "id", "value": "testCasesTree", "sessionId": "02a98d211d44262460f49d58acbacc6d"}
2017-10-21 13:19:11,571 selenium.webdriver.remote.remote_connection DEBUG Finished Request
2017-10-21 13:19:12,072 root DEBUG Element not found yet, remaining time: 7.81831693649292
2017-10-21 13:19:12,073 selenium.webdriver.remote.remote_connection DEBUG POST http://127.0.0.1:53875/session/02a98d211d44262460f49d58acbacc6d/element {"using": "id", "value": "testCasesTree", "sessionId": "02a98d211d44262460f49d58acbacc6d"}
2017-10-21 13:19:12,081 selenium.webdriver.remote.remote_connection DEBUG Finished Request
2017-10-21 13:19:12,581 root DEBUG Element not found yet, remaining time: 7.309720039367676
2017-10-21 13:19:12,582 selenium.webdriver.remote.remote_connection DEBUG POST http://127.0.0.1:53875/session/02a98d211d44262460f49d58acbacc6d/element {"using": "id", "value": "testCasesTree", "sessionId": "02a98d211d44262460f49d58acbacc6d"}
2017-10-21 13:19:12,592 selenium.webdriver.remote.remote_connection DEBUG Finished Request
2017-10-21 13:19:13,092 root DEBUG Element not found yet, remaining time: 6.799426078796387
2017-10-21 13:19:13,092 selenium.webdriver.remote.remote_connection DEBUG POST http://127.0.0.1:53875/session/02a98d211d44262460f49d58acbacc6d/element {"using": "id", "value": "testCasesTree", "sessionId": "02a98d211d44262460f49d58acbacc6d"}
2017-10-21 13:19:13,103 selenium.webdriver.remote.remote_connection DEBUG Finished Request
2017-10-21 13:19:13,603 root DEBUG Element not found yet, remaining time: 6.2884602546691895
2017-10-21 13:19:13,604 selenium.webdriver.remote.remote_connection DEBUG POST http://127.0.0.1:53875/session/02a98d211d44262460f49d58acbacc6d/element {"using": "id", "value": "testCasesTree", "sessionId": "02a98d211d44262460f49d58acbacc6d"}
2017-10-21 13:19:13,614 selenium.webdriver.remote.remote_connection DEBUG Finished Request
2017-10-21 13:19:14,114 root DEBUG Element not found yet, remaining time: 5.778088092803955
2017-10-21 13:19:14,115 selenium.webdriver.remote.remote_connection DEBUG POST http://127.0.0.1:53875/session/02a98d211d44262460f49d58acbacc6d/element {"using": "id", "value": "testCasesTree", "sessionId": "02a98d211d44262460f49d58acbacc6d"}
2017-10-21 13:19:14,124 selenium.webdriver.remote.remote_connection DEBUG Finished Request
2017-10-21 13:19:14,625 root DEBUG Element not found yet, remaining time: 5.267766237258911
2017-10-21 13:19:14,625 selenium.webdriver.remote.remote_connection DEBUG POST http://127.0.0.1:53875/session/02a98d211d44262460f49d58acbacc6d/element {"using": "id", "value": "testCasesTree", "sessionId": "02a98d211d44262460f49d58acbacc6d"}
2017-10-21 13:19:14,633 selenium.webdriver.remote.remote_connection DEBUG Finished Request
2017-10-21 13:19:15,134 root DEBUG Element not found yet, remaining time: 4.759251117706299
2017-10-21 13:19:15,134 selenium.webdriver.remote.remote_connection DEBUG POST http://127.0.0.1:53875/session/02a98d211d44262460f49d58acbacc6d/element {"using": "id", "value": "testCasesTree", "sessionId": "02a98d211d44262460f49d58acbacc6d"}
2017-10-21 13:19:15,142 selenium.webdriver.remote.remote_connection DEBUG Finished Request
2017-10-21 13:19:15,642 root DEBUG Element not found yet, remaining time: 4.250879287719727
2017-10-21 13:19:15,643 selenium.webdriver.remote.remote_connection DEBUG POST http://127.0.0.1:53875/session/02a98d211d44262460f49d58acbacc6d/element {"using": "id", "value": "testCasesTree", "sessionId": "02a98d211d44262460f49d58acbacc6d"}
2017-10-21 13:19:15,651 selenium.webdriver.remote.remote_connection DEBUG Finished Request
2017-10-21 13:19:16,151 root DEBUG Element not found yet, remaining time: 3.742361307144165
2017-10-21 13:19:16,151 selenium.webdriver.remote.remote_connection DEBUG POST http://127.0.0.1:53875/session/02a98d211d44262460f49d58acbacc6d/element {"using": "id", "value": "testCasesTree", "sessionId": "02a98d211d44262460f49d58acbacc6d"}
2017-10-21 13:19:16,159 selenium.webdriver.remote.remote_connection DEBUG Finished Request
2017-10-21 13:19:16,660 root DEBUG Element not found yet, remaining time: 3.2335410118103027
2017-10-21 13:19:16,661 selenium.webdriver.remote.remote_connection DEBUG POST http://127.0.0.1:53875/session/02a98d211d44262460f49d58acbacc6d/element {"using": "id", "value": "testCasesTree", "sessionId": "02a98d211d44262460f49d58acbacc6d"}
2017-10-21 13:19:16,669 selenium.webdriver.remote.remote_connection DEBUG Finished Request
2017-10-21 13:19:17,170 root DEBUG Element not found yet, remaining time: 2.7242321968078613
2017-10-21 13:19:17,170 selenium.webdriver.remote.remote_connection DEBUG POST http://127.0.0.1:53875/session/02a98d211d44262460f49d58acbacc6d/element {"using": "id", "value": "testCasesTree", "sessionId": "02a98d211d44262460f49d58acbacc6d"}
2017-10-21 13:19:17,177 selenium.webdriver.remote.remote_connection DEBUG Finished Request
2017-10-21 13:19:17,678 root DEBUG Element not found yet, remaining time: 2.216578483581543
2017-10-21 13:19:17,678 selenium.webdriver.remote.remote_connection DEBUG POST http://127.0.0.1:53875/session/02a98d211d44262460f49d58acbacc6d/element {"using": "id", "value": "testCasesTree", "sessionId": "02a98d211d44262460f49d58acbacc6d"}
2017-10-21 13:19:17,686 selenium.webdriver.remote.remote_connection DEBUG Finished Request
2017-10-21 13:19:18,186 root DEBUG Element not found yet, remaining time: 1.7084825038909912
2017-10-21 13:19:18,186 selenium.webdriver.remote.remote_connection DEBUG POST http://127.0.0.1:53875/session/02a98d211d44262460f49d58acbacc6d/element {"using": "id", "value": "testCasesTree", "sessionId": "02a98d211d44262460f49d58acbacc6d"}
2017-10-21 13:19:18,193 selenium.webdriver.remote.remote_connection DEBUG Finished Request
2017-10-21 13:19:18,694 root DEBUG Element not found yet, remaining time: 1.201235294342041
2017-10-21 13:19:18,694 selenium.webdriver.remote.remote_connection DEBUG POST http://127.0.0.1:53875/session/02a98d211d44262460f49d58acbacc6d/element {"using": "id", "value": "testCasesTree", "sessionId": "02a98d211d44262460f49d58acbacc6d"}
2017-10-21 13:19:18,703 selenium.webdriver.remote.remote_connection DEBUG Finished Request
2017-10-21 13:19:19,204 root DEBUG Element not found yet, remaining time: 0.6913392543792725
2017-10-21 13:19:19,204 selenium.webdriver.remote.remote_connection DEBUG POST http://127.0.0.1:53875/session/02a98d211d44262460f49d58acbacc6d/element {"using": "id", "value": "testCasesTree", "sessionId": "02a98d211d44262460f49d58acbacc6d"}
2017-10-21 13:19:19,214 selenium.webdriver.remote.remote_connection DEBUG Finished Request
2017-10-21 13:19:19,715 root DEBUG Element not found yet, remaining time: 0.18097805976867676
2017-10-21 13:19:19,715 selenium.webdriver.remote.remote_connection DEBUG POST http://127.0.0.1:53875/session/02a98d211d44262460f49d58acbacc6d/element {"using": "id", "value": "testCasesTree", "sessionId": "02a98d211d44262460f49d58acbacc6d"}
2017-10-21 13:19:19,725 selenium.webdriver.remote.remote_connection DEBUG Finished Request
2017-10-21 13:19:20,225 selenium.webdriver.remote.remote_connection DEBUG POST http://127.0.0.1:53875/session/02a98d211d44262460f49d58acbacc6d/element {"using": "id", "value": "testCasesTree", "sessionId": "02a98d211d44262460f49d58acbacc6d"}
2017-10-21 13:19:20,233 selenium.webdriver.remote.remote_connection DEBUG Finished Request
2017-10-21 13:19:20,734 root DEBUG Element not found yet, remaining time: 14.491329669952393
2017-10-21 13:19:20,734 selenium.webdriver.remote.remote_connection DEBUG POST http://127.0.0.1:53875/session/02a98d211d44262460f49d58acbacc6d/element {"using": "id", "value": "testCasesTree", "sessionId": "02a98d211d44262460f49d58acbacc6d"}
2017-10-21 13:19:20,743 selenium.webdriver.remote.remote_connection DEBUG Finished Request
2017-10-21 13:19:21,244 root DEBUG Element not found yet, remaining time: 13.98185133934021
2017-10-21 13:19:21,244 selenium.webdriver.remote.remote_connection DEBUG POST http://127.0.0.1:53875/session/02a98d211d44262460f49d58acbacc6d/element {"using": "id", "value": "testCasesTree", "sessionId": "02a98d211d44262460f49d58acbacc6d"}
2017-10-21 13:19:21,252 selenium.webdriver.remote.remote_connection DEBUG Finished Request
2017-10-21 13:19:21,753 root DEBUG Element not found yet, remaining time: 13.472712993621826
2017-10-21 13:19:21,754 selenium.webdriver.remote.remote_connection DEBUG POST http://127.0.0.1:53875/session/02a98d211d44262460f49d58acbacc6d/element {"using": "id", "value": "testCasesTree", "sessionId": "02a98d211d44262460f49d58acbacc6d"}
2017-10-21 13:19:21,766 selenium.webdriver.remote.remote_connection DEBUG Finished Request
2017-10-21 13:19:22,266 root DEBUG Element not found yet, remaining time: 12.959861993789673
2017-10-21 13:19:22,267 selenium.webdriver.remote.remote_connection DEBUG POST http://127.0.0.1:53875/session/02a98d211d44262460f49d58acbacc6d/element {"using": "id", "value": "testCasesTree", "sessionId": "02a98d211d44262460f49d58acbacc6d"}
2017-10-21 13:19:22,275 selenium.webdriver.remote.remote_connection DEBUG Finished Request
2017-10-21 13:19:22,776 root DEBUG Element not found yet, remaining time: 12.450942039489746
2017-10-21 13:19:22,776 selenium.webdriver.remote.remote_connection DEBUG POST http://127.0.0.1:53875/session/02a98d211d44262460f49d58acbacc6d/element {"using": "id", "value": "testCasesTree", "sessionId": "02a98d211d44262460f49d58acbacc6d"}
2017-10-21 13:19:22,784 selenium.webdriver.remote.remote_connection DEBUG Finished Request
2017-10-21 13:19:23,284 root DEBUG Element not found yet, remaining time: 11.9428391456604
2017-10-21 13:19:23,285 selenium.webdriver.remote.remote_connection DEBUG POST http://127.0.0.1:53875/session/02a98d211d44262460f49d58acbacc6d/element {"using": "id", "value": "testCasesTree", "sessionId": "02a98d211d44262460f49d58acbacc6d"}
2017-10-21 13:19:23,294 selenium.webdriver.remote.remote_connection DEBUG Finished Request
2017-10-21 13:19:23,795 root DEBUG Element not found yet, remaining time: 11.43281102180481
2017-10-21 13:19:23,795 selenium.webdriver.remote.remote_connection DEBUG POST http://127.0.0.1:53875/session/02a98d211d44262460f49d58acbacc6d/element {"using": "id", "value": "testCasesTree", "sessionId": "02a98d211d44262460f49d58acbacc6d"}
2017-10-21 13:19:23,804 selenium.webdriver.remote.remote_connection DEBUG Finished Request
2017-10-21 13:19:24,304 root DEBUG Element not found yet, remaining time: 10.923300743103027
2017-10-21 13:19:24,305 selenium.webdriver.remote.remote_connection DEBUG POST http://127.0.0.1:53875/session/02a98d211d44262460f49d58acbacc6d/element {"using": "id", "value": "testCasesTree", "sessionId": "02a98d211d44262460f49d58acbacc6d"}
2017-10-21 13:19:24,312 selenium.webdriver.remote.remote_connection DEBUG Finished Request
2017-10-21 13:19:24,812 root DEBUG Element not found yet, remaining time: 10.415910720825195
2017-10-21 13:19:24,812 selenium.webdriver.remote.remote_connection DEBUG POST http://127.0.0.1:53875/session/02a98d211d44262460f49d58acbacc6d/element {"using": "id", "value": "testCasesTree", "sessionId": "02a98d211d44262460f49d58acbacc6d"}
2017-10-21 13:19:24,821 selenium.webdriver.remote.remote_connection DEBUG Finished Request
2017-10-21 13:19:25,322 root DEBUG Element not found yet, remaining time: 9.906656980514526
2017-10-21 13:19:25,322 selenium.webdriver.remote.remote_connection DEBUG POST http://127.0.0.1:53875/session/02a98d211d44262460f49d58acbacc6d/element {"using": "id", "value": "testCasesTree", "sessionId": "02a98d211d44262460f49d58acbacc6d"}
2017-10-21 13:19:25,329 selenium.webdriver.remote.remote_connection DEBUG Finished Request
2017-10-21 13:19:25,829 root DEBUG Element not found yet, remaining time: 9.399137020111084
2017-10-21 13:19:25,830 selenium.webdriver.remote.remote_connection DEBUG POST http://127.0.0.1:53875/session/02a98d211d44262460f49d58acbacc6d/element {"using": "id", "value": "testCasesTree", "sessionId": "02a98d211d44262460f49d58acbacc6d"}
2017-10-21 13:19:25,838 selenium.webdriver.remote.remote_connection DEBUG Finished Request
2017-10-21 13:19:26,339 root DEBUG Element not found yet, remaining time: 8.890412092208862
2017-10-21 13:19:26,339 selenium.webdriver.remote.remote_connection DEBUG POST http://127.0.0.1:53875/session/02a98d211d44262460f49d58acbacc6d/element {"using": "id", "value": "testCasesTree", "sessionId": "02a98d211d44262460f49d58acbacc6d"}
2017-10-21 13:19:26,345 selenium.webdriver.remote.remote_connection DEBUG Finished Request
2017-10-21 13:19:26,845 root DEBUG Element not found yet, remaining time: 8.383862018585205
2017-10-21 13:19:26,846 selenium.webdriver.remote.remote_connection DEBUG POST http://127.0.0.1:53875/session/02a98d211d44262460f49d58acbacc6d/element {"using": "id", "value": "testCasesTree", "sessionId": "02a98d211d44262460f49d58acbacc6d"}
2017-10-21 13:19:26,853 selenium.webdriver.remote.remote_connection DEBUG Finished Request
2017-10-21 13:19:27,353 root DEBUG Element not found yet, remaining time: 7.87605619430542
2017-10-21 13:19:27,354 selenium.webdriver.remote.remote_connection DEBUG POST http://127.0.0.1:53875/session/02a98d211d44262460f49d58acbacc6d/element {"using": "id", "value": "testCasesTree", "sessionId": "02a98d211d44262460f49d58acbacc6d"}
2017-10-21 13:19:27,362 selenium.webdriver.remote.remote_connection DEBUG Finished Request
2017-10-21 13:19:27,862 root DEBUG Element not found yet, remaining time: 7.3674633502960205
2017-10-21 13:19:27,863 selenium.webdriver.remote.remote_connection DEBUG POST http://127.0.0.1:53875/session/02a98d211d44262460f49d58acbacc6d/element {"using": "id", "value": "testCasesTree", "sessionId": "02a98d211d44262460f49d58acbacc6d"}
2017-10-21 13:19:27,872 selenium.webdriver.remote.remote_connection DEBUG Finished Request
2017-10-21 13:19:28,372 root DEBUG Element not found yet, remaining time: 6.858023166656494
2017-10-21 13:19:28,372 selenium.webdriver.remote.remote_connection DEBUG POST http://127.0.0.1:53875/session/02a98d211d44262460f49d58acbacc6d/element {"using": "id", "value": "testCasesTree", "sessionId": "02a98d211d44262460f49d58acbacc6d"}
2017-10-21 13:19:28,379 selenium.webdriver.remote.remote_connection DEBUG Finished Request
2017-10-21 13:19:28,880 root DEBUG Element not found yet, remaining time: 6.350833177566528
2017-10-21 13:19:28,880 selenium.webdriver.remote.remote_connection DEBUG POST http://127.0.0.1:53875/session/02a98d211d44262460f49d58acbacc6d/element {"using": "id", "value": "testCasesTree", "sessionId": "02a98d211d44262460f49d58acbacc6d"}
2017-10-21 13:19:28,887 selenium.webdriver.remote.remote_connection DEBUG Finished Request
2017-10-21 13:19:29,388 root DEBUG Element not found yet, remaining time: 5.842807054519653
2017-10-21 13:19:29,388 selenium.webdriver.remote.remote_connection DEBUG POST http://127.0.0.1:53875/session/02a98d211d44262460f49d58acbacc6d/element {"using": "id", "value": "testCasesTree", "sessionId": "02a98d211d44262460f49d58acbacc6d"}
2017-10-21 13:19:29,396 selenium.webdriver.remote.remote_connection DEBUG Finished Request
2017-10-21 13:19:29,896 root DEBUG Element not found yet, remaining time: 5.335119247436523
2017-10-21 13:19:29,896 selenium.webdriver.remote.remote_connection DEBUG POST http://127.0.0.1:53875/session/02a98d211d44262460f49d58acbacc6d/element {"using": "id", "value": "testCasesTree", "sessionId": "02a98d211d44262460f49d58acbacc6d"}
2017-10-21 13:19:29,904 selenium.webdriver.remote.remote_connection DEBUG Finished Request
2017-10-21 13:19:30,405 root DEBUG Element not found yet, remaining time: 4.82679295539856
2017-10-21 13:19:30,405 selenium.webdriver.remote.remote_connection DEBUG POST http://127.0.0.1:53875/session/02a98d211d44262460f49d58acbacc6d/element {"using": "id", "value": "testCasesTree", "sessionId": "02a98d211d44262460f49d58acbacc6d"}
2017-10-21 13:19:30,414 selenium.webdriver.remote.remote_connection DEBUG Finished Request
2017-10-21 13:19:30,914 root DEBUG Element not found yet, remaining time: 4.317483901977539
2017-10-21 13:19:30,914 selenium.webdriver.remote.remote_connection DEBUG POST http://127.0.0.1:53875/session/02a98d211d44262460f49d58acbacc6d/element {"using": "id", "value": "testCasesTree", "sessionId": "02a98d211d44262460f49d58acbacc6d"}
2017-10-21 13:19:30,923 selenium.webdriver.remote.remote_connection DEBUG Finished Request
2017-10-21 13:19:31,424 root DEBUG Element not found yet, remaining time: 3.8076798915863037
2017-10-21 13:19:31,424 selenium.webdriver.remote.remote_connection DEBUG POST http://127.0.0.1:53875/session/02a98d211d44262460f49d58acbacc6d/element {"using": "id", "value": "testCasesTree", "sessionId": "02a98d211d44262460f49d58acbacc6d"}
2017-10-21 13:19:31,431 selenium.webdriver.remote.remote_connection DEBUG Finished Request
2017-10-21 13:19:31,932 root DEBUG Element not found yet, remaining time: 3.2999720573425293
2017-10-21 13:19:31,932 selenium.webdriver.remote.remote_connection DEBUG POST http://127.0.0.1:53875/session/02a98d211d44262460f49d58acbacc6d/element {"using": "id", "value": "testCasesTree", "sessionId": "02a98d211d44262460f49d58acbacc6d"}
2017-10-21 13:19:31,940 selenium.webdriver.remote.remote_connection DEBUG Finished Request
2017-10-21 13:19:32,441 root DEBUG Element not found yet, remaining time: 2.791443109512329
2017-10-21 13:19:32,441 selenium.webdriver.remote.remote_connection DEBUG POST http://127.0.0.1:53875/session/02a98d211d44262460f49d58acbacc6d/element {"using": "id", "value": "testCasesTree", "sessionId": "02a98d211d44262460f49d58acbacc6d"}
2017-10-21 13:19:32,449 selenium.webdriver.remote.remote_connection DEBUG Finished Request
2017-10-21 13:19:32,949 root DEBUG Element not found yet, remaining time: 2.283604860305786
2017-10-21 13:19:32,949 selenium.webdriver.remote.remote_connection DEBUG POST http://127.0.0.1:53875/session/02a98d211d44262460f49d58acbacc6d/element {"using": "id", "value": "testCasesTree", "sessionId": "02a98d211d44262460f49d58acbacc6d"}
2017-10-21 13:19:32,958 selenium.webdriver.remote.remote_connection DEBUG Finished Request
2017-10-21 13:19:33,459 root DEBUG Element not found yet, remaining time: 1.774488925933838
2017-10-21 13:19:33,459 selenium.webdriver.remote.remote_connection DEBUG POST http://127.0.0.1:53875/session/02a98d211d44262460f49d58acbacc6d/element {"using": "id", "value": "testCasesTree", "sessionId": "02a98d211d44262460f49d58acbacc6d"}
2017-10-21 13:19:33,466 selenium.webdriver.remote.remote_connection DEBUG Finished Request
2017-10-21 13:19:33,967 root DEBUG Element not found yet, remaining time: 1.2667977809906006
2017-10-21 13:19:33,967 selenium.webdriver.remote.remote_connection DEBUG POST http://127.0.0.1:53875/session/02a98d211d44262460f49d58acbacc6d/element {"using": "id", "value": "testCasesTree", "sessionId": "02a98d211d44262460f49d58acbacc6d"}
2017-10-21 13:19:33,975 selenium.webdriver.remote.remote_connection DEBUG Finished Request
2017-10-21 13:19:34,476 root DEBUG Element not found yet, remaining time: 0.7579951286315918
2017-10-21 13:19:34,476 selenium.webdriver.remote.remote_connection DEBUG POST http://127.0.0.1:53875/session/02a98d211d44262460f49d58acbacc6d/element {"using": "id", "value": "testCasesTree", "sessionId": "02a98d211d44262460f49d58acbacc6d"}
2017-10-21 13:19:34,483 selenium.webdriver.remote.remote_connection DEBUG Finished Request
2017-10-21 13:19:34,984 root DEBUG Element not found yet, remaining time: 0.250197172164917
2017-10-21 13:19:34,984 selenium.webdriver.remote.remote_connection DEBUG POST http://127.0.0.1:53875/session/02a98d211d44262460f49d58acbacc6d/element {"using": "id", "value": "testCasesTree", "sessionId": "02a98d211d44262460f49d58acbacc6d"}
2017-10-21 13:19:35,011 selenium.webdriver.remote.remote_connection DEBUG Finished Request
2017-10-21 13:19:35,519 root INFO Take screenshot error
2017-10-21 13:19:35,519 selenium.webdriver.remote.remote_connection DEBUG GET http://127.0.0.1:53875/session/02a98d211d44262460f49d58acbacc6d/screenshot {"sessionId": "02a98d211d44262460f49d58acbacc6d"}
2017-10-21 13:19:41,370 selenium.webdriver.remote.remote_connection DEBUG Finished Request
2017-10-21 13:19:41,370 root ERROR An error ocurred:
Traceback (most recent call last):
  File "/Users/lucianofeo/Desktop/golem/src/golem/browser.py", line 19, in _find_webelement
    webelement = root.find_element_by_id(selector_value)
  File "/Users/lucianofeo/Desktop/golem/env/lib/python3.6/site-packages/selenium-3.6.0-py3.6.egg/selenium/webdriver/remote/webdriver.py", line 341, in find_element_by_id
    return self.find_element(by=By.ID, value=id_)
  File "/Users/lucianofeo/Desktop/golem/env/lib/python3.6/site-packages/selenium-3.6.0-py3.6.egg/selenium/webdriver/remote/webdriver.py", line 843, in find_element
    'value': value})['value']
  File "/Users/lucianofeo/Desktop/golem/env/lib/python3.6/site-packages/selenium-3.6.0-py3.6.egg/selenium/webdriver/remote/webdriver.py", line 308, in execute
    self.error_handler.check_response(response)
  File "/Users/lucianofeo/Desktop/golem/env/lib/python3.6/site-packages/selenium-3.6.0-py3.6.egg/selenium/webdriver/remote/errorhandler.py", line 194, in check_response
    raise exception_class(message, screen, stacktrace)
selenium.common.exceptions.NoSuchElementException: Message: no such element: Unable to locate element: {"method":"id","selector":"testCasesTree"}
  (Session info: headless chrome=61.0.3163.100)
  (Driver info: chromedriver=2.32.498537 (cb2f855cbc7b82e20387eaf9a43f6b99b6105061),platform=Mac OS X 10.12.5 x86_64)


During handling of the above exception, another exception occurred:

Traceback (most recent call last):
  File "/Users/lucianofeo/Desktop/golem/src/golem/browser.py", line 19, in _find_webelement
    webelement = root.find_element_by_id(selector_value)
  File "/Users/lucianofeo/Desktop/golem/env/lib/python3.6/site-packages/selenium-3.6.0-py3.6.egg/selenium/webdriver/remote/webdriver.py", line 341, in find_element_by_id
    return self.find_element(by=By.ID, value=id_)
  File "/Users/lucianofeo/Desktop/golem/env/lib/python3.6/site-packages/selenium-3.6.0-py3.6.egg/selenium/webdriver/remote/webdriver.py", line 843, in find_element
    'value': value})['value']
  File "/Users/lucianofeo/Desktop/golem/env/lib/python3.6/site-packages/selenium-3.6.0-py3.6.egg/selenium/webdriver/remote/webdriver.py", line 308, in execute
    self.error_handler.check_response(response)
  File "/Users/lucianofeo/Desktop/golem/env/lib/python3.6/site-packages/selenium-3.6.0-py3.6.egg/selenium/webdriver/remote/errorhandler.py", line 194, in check_response
    raise exception_class(message, screen, stacktrace)
selenium.common.exceptions.NoSuchElementException: Message: no such element: Unable to locate element: {"method":"id","selector":"testCasesTree"}
  (Session info: headless chrome=61.0.3163.100)
  (Driver info: chromedriver=2.32.498537 (cb2f855cbc7b82e20387eaf9a43f6b99b6105061),platform=Mac OS X 10.12.5 x86_64)


During handling of the above exception, another exception occurred:

Traceback (most recent call last):
  File "/Users/lucianofeo/Desktop/golem/src/golem/browser.py", line 19, in _find_webelement
    webelement = root.find_element_by_id(selector_value)
  File "/Users/lucianofeo/Desktop/golem/env/lib/python3.6/site-packages/selenium-3.6.0-py3.6.egg/selenium/webdriver/remote/webdriver.py", line 341, in find_element_by_id
    return self.find_element(by=By.ID, value=id_)
  File "/Users/lucianofeo/Desktop/golem/env/lib/python3.6/site-packages/selenium-3.6.0-py3.6.egg/selenium/webdriver/remote/webdriver.py", line 843, in find_element
    'value': value})['value']
  File "/Users/lucianofeo/Desktop/golem/env/lib/python3.6/site-packages/selenium-3.6.0-py3.6.egg/selenium/webdriver/remote/webdriver.py", line 308, in execute
    self.error_handler.check_response(response)
  File "/Users/lucianofeo/Desktop/golem/env/lib/python3.6/site-packages/selenium-3.6.0-py3.6.egg/selenium/webdriver/remote/errorhandler.py", line 194, in check_response
    raise exception_class(message, screen, stacktrace)
selenium.common.exceptions.NoSuchElementException: Message: no such element: Unable to locate element: {"method":"id","selector":"testCasesTree"}
  (Session info: headless chrome=61.0.3163.100)
  (Driver info: chromedriver=2.32.498537 (cb2f855cbc7b82e20387eaf9a43f6b99b6105061),platform=Mac OS X 10.12.5 x86_64)


During handling of the above exception, another exception occurred:

Traceback (most recent call last):
  File "/Users/lucianofeo/Desktop/golem/src/golem/browser.py", line 19, in _find_webelement
    webelement = root.find_element_by_id(selector_value)
  File "/Users/lucianofeo/Desktop/golem/env/lib/python3.6/site-packages/selenium-3.6.0-py3.6.egg/selenium/webdriver/remote/webdriver.py", line 341, in find_element_by_id
    return self.find_element(by=By.ID, value=id_)
  File "/Users/lucianofeo/Desktop/golem/env/lib/python3.6/site-packages/selenium-3.6.0-py3.6.egg/selenium/webdriver/remote/webdriver.py", line 843, in find_element
    'value': value})['value']
  File "/Users/lucianofeo/Desktop/golem/env/lib/python3.6/site-packages/selenium-3.6.0-py3.6.egg/selenium/webdriver/remote/webdriver.py", line 308, in execute
    self.error_handler.check_response(response)
  File "/Users/lucianofeo/Desktop/golem/env/lib/python3.6/site-packages/selenium-3.6.0-py3.6.egg/selenium/webdriver/remote/errorhandler.py", line 194, in check_response
    raise exception_class(message, screen, stacktrace)
selenium.common.exceptions.NoSuchElementException: Message: no such element: Unable to locate element: {"method":"id","selector":"testCasesTree"}
  (Session info: headless chrome=61.0.3163.100)
  (Driver info: chromedriver=2.32.498537 (cb2f855cbc7b82e20387eaf9a43f6b99b6105061),platform=Mac OS X 10.12.5 x86_64)


During handling of the above exception, another exception occurred:

Traceback (most recent call last):
  File "/Users/lucianofeo/Desktop/golem/src/golem/browser.py", line 19, in _find_webelement
    webelement = root.find_element_by_id(selector_value)
  File "/Users/lucianofeo/Desktop/golem/env/lib/python3.6/site-packages/selenium-3.6.0-py3.6.egg/selenium/webdriver/remote/webdriver.py", line 341, in find_element_by_id
    return self.find_element(by=By.ID, value=id_)
  File "/Users/lucianofeo/Desktop/golem/env/lib/python3.6/site-packages/selenium-3.6.0-py3.6.egg/selenium/webdriver/remote/webdriver.py", line 843, in find_element
    'value': value})['value']
  File "/Users/lucianofeo/Desktop/golem/env/lib/python3.6/site-packages/selenium-3.6.0-py3.6.egg/selenium/webdriver/remote/webdriver.py", line 308, in execute
    self.error_handler.check_response(response)
  File "/Users/lucianofeo/Desktop/golem/env/lib/python3.6/site-packages/selenium-3.6.0-py3.6.egg/selenium/webdriver/remote/errorhandler.py", line 194, in check_response
    raise exception_class(message, screen, stacktrace)
selenium.common.exceptions.NoSuchElementException: Message: no such element: Unable to locate element: {"method":"id","selector":"testCasesTree"}
  (Session info: headless chrome=61.0.3163.100)
  (Driver info: chromedriver=2.32.498537 (cb2f855cbc7b82e20387eaf9a43f6b99b6105061),platform=Mac OS X 10.12.5 x86_64)


During handling of the above exception, another exception occurred:

Traceback (most recent call last):
  File "/Users/lucianofeo/Desktop/golem/src/golem/browser.py", line 19, in _find_webelement
    webelement = root.find_element_by_id(selector_value)
  File "/Users/lucianofeo/Desktop/golem/env/lib/python3.6/site-packages/selenium-3.6.0-py3.6.egg/selenium/webdriver/remote/webdriver.py", line 341, in find_element_by_id
    return self.find_element(by=By.ID, value=id_)
  File "/Users/lucianofeo/Desktop/golem/env/lib/python3.6/site-packages/selenium-3.6.0-py3.6.egg/selenium/webdriver/remote/webdriver.py", line 843, in find_element
    'value': value})['value']
  File "/Users/lucianofeo/Desktop/golem/env/lib/python3.6/site-packages/selenium-3.6.0-py3.6.egg/selenium/webdriver/remote/webdriver.py", line 308, in execute
    self.error_handler.check_response(response)
  File "/Users/lucianofeo/Desktop/golem/env/lib/python3.6/site-packages/selenium-3.6.0-py3.6.egg/selenium/webdriver/remote/errorhandler.py", line 194, in check_response
    raise exception_class(message, screen, stacktrace)
selenium.common.exceptions.NoSuchElementException: Message: no such element: Unable to locate element: {"method":"id","selector":"testCasesTree"}
  (Session info: headless chrome=61.0.3163.100)
  (Driver info: chromedriver=2.32.498537 (cb2f855cbc7b82e20387eaf9a43f6b99b6105061),platform=Mac OS X 10.12.5 x86_64)


During handling of the above exception, another exception occurred:

Traceback (most recent call last):
  File "/Users/lucianofeo/Desktop/golem/src/golem/browser.py", line 19, in _find_webelement
    webelement = root.find_element_by_id(selector_value)
  File "/Users/lucianofeo/Desktop/golem/env/lib/python3.6/site-packages/selenium-3.6.0-py3.6.egg/selenium/webdriver/remote/webdriver.py", line 341, in find_element_by_id
    return self.find_element(by=By.ID, value=id_)
  File "/Users/lucianofeo/Desktop/golem/env/lib/python3.6/site-packages/selenium-3.6.0-py3.6.egg/selenium/webdriver/remote/webdriver.py", line 843, in find_element
    'value': value})['value']
  File "/Users/lucianofeo/Desktop/golem/env/lib/python3.6/site-packages/selenium-3.6.0-py3.6.egg/selenium/webdriver/remote/webdriver.py", line 308, in execute
    self.error_handler.check_response(response)
  File "/Users/lucianofeo/Desktop/golem/env/lib/python3.6/site-packages/selenium-3.6.0-py3.6.egg/selenium/webdriver/remote/errorhandler.py", line 194, in check_response
    raise exception_class(message, screen, stacktrace)
selenium.common.exceptions.NoSuchElementException: Message: no such element: Unable to locate element: {"method":"id","selector":"testCasesTree"}
  (Session info: headless chrome=61.0.3163.100)
  (Driver info: chromedriver=2.32.498537 (cb2f855cbc7b82e20387eaf9a43f6b99b6105061),platform=Mac OS X 10.12.5 x86_64)


During handling of the above exception, another exception occurred:

Traceback (most recent call last):
  File "/Users/lucianofeo/Desktop/golem/src/golem/browser.py", line 19, in _find_webelement
    webelement = root.find_element_by_id(selector_value)
  File "/Users/lucianofeo/Desktop/golem/env/lib/python3.6/site-packages/selenium-3.6.0-py3.6.egg/selenium/webdriver/remote/webdriver.py", line 341, in find_element_by_id
    return self.find_element(by=By.ID, value=id_)
  File "/Users/lucianofeo/Desktop/golem/env/lib/python3.6/site-packages/selenium-3.6.0-py3.6.egg/selenium/webdriver/remote/webdriver.py", line 843, in find_element
    'value': value})['value']
  File "/Users/lucianofeo/Desktop/golem/env/lib/python3.6/site-packages/selenium-3.6.0-py3.6.egg/selenium/webdriver/remote/webdriver.py", line 308, in execute
    self.error_handler.check_response(response)
  File "/Users/lucianofeo/Desktop/golem/env/lib/python3.6/site-packages/selenium-3.6.0-py3.6.egg/selenium/webdriver/remote/errorhandler.py", line 194, in check_response
    raise exception_class(message, screen, stacktrace)
selenium.common.exceptions.NoSuchElementException: Message: no such element: Unable to locate element: {"method":"id","selector":"testCasesTree"}
  (Session info: headless chrome=61.0.3163.100)
  (Driver info: chromedriver=2.32.498537 (cb2f855cbc7b82e20387eaf9a43f6b99b6105061),platform=Mac OS X 10.12.5 x86_64)


During handling of the above exception, another exception occurred:

Traceback (most recent call last):
  File "/Users/lucianofeo/Desktop/golem/src/golem/browser.py", line 19, in _find_webelement
    webelement = root.find_element_by_id(selector_value)
  File "/Users/lucianofeo/Desktop/golem/env/lib/python3.6/site-packages/selenium-3.6.0-py3.6.egg/selenium/webdriver/remote/webdriver.py", line 341, in find_element_by_id
    return self.find_element(by=By.ID, value=id_)
  File "/Users/lucianofeo/Desktop/golem/env/lib/python3.6/site-packages/selenium-3.6.0-py3.6.egg/selenium/webdriver/remote/webdriver.py", line 843, in find_element
    'value': value})['value']
  File "/Users/lucianofeo/Desktop/golem/env/lib/python3.6/site-packages/selenium-3.6.0-py3.6.egg/selenium/webdriver/remote/webdriver.py", line 308, in execute
    self.error_handler.check_response(response)
  File "/Users/lucianofeo/Desktop/golem/env/lib/python3.6/site-packages/selenium-3.6.0-py3.6.egg/selenium/webdriver/remote/errorhandler.py", line 194, in check_response
    raise exception_class(message, screen, stacktrace)
selenium.common.exceptions.NoSuchElementException: Message: no such element: Unable to locate element: {"method":"id","selector":"testCasesTree"}
  (Session info: headless chrome=61.0.3163.100)
  (Driver info: chromedriver=2.32.498537 (cb2f855cbc7b82e20387eaf9a43f6b99b6105061),platform=Mac OS X 10.12.5 x86_64)


During handling of the above exception, another exception occurred:

Traceback (most recent call last):
  File "/Users/lucianofeo/Desktop/golem/src/golem/browser.py", line 19, in _find_webelement
    webelement = root.find_element_by_id(selector_value)
  File "/Users/lucianofeo/Desktop/golem/env/lib/python3.6/site-packages/selenium-3.6.0-py3.6.egg/selenium/webdriver/remote/webdriver.py", line 341, in find_element_by_id
    return self.find_element(by=By.ID, value=id_)
  File "/Users/lucianofeo/Desktop/golem/env/lib/python3.6/site-packages/selenium-3.6.0-py3.6.egg/selenium/webdriver/remote/webdriver.py", line 843, in find_element
    'value': value})['value']
  File "/Users/lucianofeo/Desktop/golem/env/lib/python3.6/site-packages/selenium-3.6.0-py3.6.egg/selenium/webdriver/remote/webdriver.py", line 308, in execute
    self.error_handler.check_response(response)
  File "/Users/lucianofeo/Desktop/golem/env/lib/python3.6/site-packages/selenium-3.6.0-py3.6.egg/selenium/webdriver/remote/errorhandler.py", line 194, in check_response
    raise exception_class(message, screen, stacktrace)
selenium.common.exceptions.NoSuchElementException: Message: no such element: Unable to locate element: {"method":"id","selector":"testCasesTree"}
  (Session info: headless chrome=61.0.3163.100)
  (Driver info: chromedriver=2.32.498537 (cb2f855cbc7b82e20387eaf9a43f6b99b6105061),platform=Mac OS X 10.12.5 x86_64)


During handling of the above exception, another exception occurred:

Traceback (most recent call last):
  File "/Users/lucianofeo/Desktop/golem/src/golem/browser.py", line 19, in _find_webelement
    webelement = root.find_element_by_id(selector_value)
  File "/Users/lucianofeo/Desktop/golem/env/lib/python3.6/site-packages/selenium-3.6.0-py3.6.egg/selenium/webdriver/remote/webdriver.py", line 341, in find_element_by_id
    return self.find_element(by=By.ID, value=id_)
  File "/Users/lucianofeo/Desktop/golem/env/lib/python3.6/site-packages/selenium-3.6.0-py3.6.egg/selenium/webdriver/remote/webdriver.py", line 843, in find_element
    'value': value})['value']
  File "/Users/lucianofeo/Desktop/golem/env/lib/python3.6/site-packages/selenium-3.6.0-py3.6.egg/selenium/webdriver/remote/webdriver.py", line 308, in execute
    self.error_handler.check_response(response)
  File "/Users/lucianofeo/Desktop/golem/env/lib/python3.6/site-packages/selenium-3.6.0-py3.6.egg/selenium/webdriver/remote/errorhandler.py", line 194, in check_response
    raise exception_class(message, screen, stacktrace)
selenium.common.exceptions.NoSuchElementException: Message: no such element: Unable to locate element: {"method":"id","selector":"testCasesTree"}
  (Session info: headless chrome=61.0.3163.100)
  (Driver info: chromedriver=2.32.498537 (cb2f855cbc7b82e20387eaf9a43f6b99b6105061),platform=Mac OS X 10.12.5 x86_64)


During handling of the above exception, another exception occurred:

Traceback (most recent call last):
  File "/Users/lucianofeo/Desktop/golem/src/golem/browser.py", line 19, in _find_webelement
    webelement = root.find_element_by_id(selector_value)
  File "/Users/lucianofeo/Desktop/golem/env/lib/python3.6/site-packages/selenium-3.6.0-py3.6.egg/selenium/webdriver/remote/webdriver.py", line 341, in find_element_by_id
    return self.find_element(by=By.ID, value=id_)
  File "/Users/lucianofeo/Desktop/golem/env/lib/python3.6/site-packages/selenium-3.6.0-py3.6.egg/selenium/webdriver/remote/webdriver.py", line 843, in find_element
    'value': value})['value']
  File "/Users/lucianofeo/Desktop/golem/env/lib/python3.6/site-packages/selenium-3.6.0-py3.6.egg/selenium/webdriver/remote/webdriver.py", line 308, in execute
    self.error_handler.check_response(response)
  File "/Users/lucianofeo/Desktop/golem/env/lib/python3.6/site-packages/selenium-3.6.0-py3.6.egg/selenium/webdriver/remote/errorhandler.py", line 194, in check_response
    raise exception_class(message, screen, stacktrace)
selenium.common.exceptions.NoSuchElementException: Message: no such element: Unable to locate element: {"method":"id","selector":"testCasesTree"}
  (Session info: headless chrome=61.0.3163.100)
  (Driver info: chromedriver=2.32.498537 (cb2f855cbc7b82e20387eaf9a43f6b99b6105061),platform=Mac OS X 10.12.5 x86_64)


During handling of the above exception, another exception occurred:

Traceback (most recent call last):
  File "/Users/lucianofeo/Desktop/golem/src/golem/browser.py", line 19, in _find_webelement
    webelement = root.find_element_by_id(selector_value)
  File "/Users/lucianofeo/Desktop/golem/env/lib/python3.6/site-packages/selenium-3.6.0-py3.6.egg/selenium/webdriver/remote/webdriver.py", line 341, in find_element_by_id
    return self.find_element(by=By.ID, value=id_)
  File "/Users/lucianofeo/Desktop/golem/env/lib/python3.6/site-packages/selenium-3.6.0-py3.6.egg/selenium/webdriver/remote/webdriver.py", line 843, in find_element
    'value': value})['value']
  File "/Users/lucianofeo/Desktop/golem/env/lib/python3.6/site-packages/selenium-3.6.0-py3.6.egg/selenium/webdriver/remote/webdriver.py", line 308, in execute
    self.error_handler.check_response(response)
  File "/Users/lucianofeo/Desktop/golem/env/lib/python3.6/site-packages/selenium-3.6.0-py3.6.egg/selenium/webdriver/remote/errorhandler.py", line 194, in check_response
    raise exception_class(message, screen, stacktrace)
selenium.common.exceptions.NoSuchElementException: Message: no such element: Unable to locate element: {"method":"id","selector":"testCasesTree"}
  (Session info: headless chrome=61.0.3163.100)
  (Driver info: chromedriver=2.32.498537 (cb2f855cbc7b82e20387eaf9a43f6b99b6105061),platform=Mac OS X 10.12.5 x86_64)


During handling of the above exception, another exception occurred:

Traceback (most recent call last):
  File "/Users/lucianofeo/Desktop/golem/src/golem/browser.py", line 19, in _find_webelement
    webelement = root.find_element_by_id(selector_value)
  File "/Users/lucianofeo/Desktop/golem/env/lib/python3.6/site-packages/selenium-3.6.0-py3.6.egg/selenium/webdriver/remote/webdriver.py", line 341, in find_element_by_id
    return self.find_element(by=By.ID, value=id_)
  File "/Users/lucianofeo/Desktop/golem/env/lib/python3.6/site-packages/selenium-3.6.0-py3.6.egg/selenium/webdriver/remote/webdriver.py", line 843, in find_element
    'value': value})['value']
  File "/Users/lucianofeo/Desktop/golem/env/lib/python3.6/site-packages/selenium-3.6.0-py3.6.egg/selenium/webdriver/remote/webdriver.py", line 308, in execute
    self.error_handler.check_response(response)
  File "/Users/lucianofeo/Desktop/golem/env/lib/python3.6/site-packages/selenium-3.6.0-py3.6.egg/selenium/webdriver/remote/errorhandler.py", line 194, in check_response
    raise exception_class(message, screen, stacktrace)
selenium.common.exceptions.NoSuchElementException: Message: no such element: Unable to locate element: {"method":"id","selector":"testCasesTree"}
  (Session info: headless chrome=61.0.3163.100)
  (Driver info: chromedriver=2.32.498537 (cb2f855cbc7b82e20387eaf9a43f6b99b6105061),platform=Mac OS X 10.12.5 x86_64)


During handling of the above exception, another exception occurred:

Traceback (most recent call last):
  File "/Users/lucianofeo/Desktop/golem/src/golem/browser.py", line 19, in _find_webelement
    webelement = root.find_element_by_id(selector_value)
  File "/Users/lucianofeo/Desktop/golem/env/lib/python3.6/site-packages/selenium-3.6.0-py3.6.egg/selenium/webdriver/remote/webdriver.py", line 341, in find_element_by_id
    return self.find_element(by=By.ID, value=id_)
  File "/Users/lucianofeo/Desktop/golem/env/lib/python3.6/site-packages/selenium-3.6.0-py3.6.egg/selenium/webdriver/remote/webdriver.py", line 843, in find_element
    'value': value})['value']
  File "/Users/lucianofeo/Desktop/golem/env/lib/python3.6/site-packages/selenium-3.6.0-py3.6.egg/selenium/webdriver/remote/webdriver.py", line 308, in execute
    self.error_handler.check_response(response)
  File "/Users/lucianofeo/Desktop/golem/env/lib/python3.6/site-packages/selenium-3.6.0-py3.6.egg/selenium/webdriver/remote/errorhandler.py", line 194, in check_response
    raise exception_class(message, screen, stacktrace)
selenium.common.exceptions.NoSuchElementException: Message: no such element: Unable to locate element: {"method":"id","selector":"testCasesTree"}
  (Session info: headless chrome=61.0.3163.100)
  (Driver info: chromedriver=2.32.498537 (cb2f855cbc7b82e20387eaf9a43f6b99b6105061),platform=Mac OS X 10.12.5 x86_64)


During handling of the above exception, another exception occurred:

Traceback (most recent call last):
  File "/Users/lucianofeo/Desktop/golem/src/golem/browser.py", line 19, in _find_webelement
    webelement = root.find_element_by_id(selector_value)
  File "/Users/lucianofeo/Desktop/golem/env/lib/python3.6/site-packages/selenium-3.6.0-py3.6.egg/selenium/webdriver/remote/webdriver.py", line 341, in find_element_by_id
    return self.find_element(by=By.ID, value=id_)
  File "/Users/lucianofeo/Desktop/golem/env/lib/python3.6/site-packages/selenium-3.6.0-py3.6.egg/selenium/webdriver/remote/webdriver.py", line 843, in find_element
    'value': value})['value']
  File "/Users/lucianofeo/Desktop/golem/env/lib/python3.6/site-packages/selenium-3.6.0-py3.6.egg/selenium/webdriver/remote/webdriver.py", line 308, in execute
    self.error_handler.check_response(response)
  File "/Users/lucianofeo/Desktop/golem/env/lib/python3.6/site-packages/selenium-3.6.0-py3.6.egg/selenium/webdriver/remote/errorhandler.py", line 194, in check_response
    raise exception_class(message, screen, stacktrace)
selenium.common.exceptions.NoSuchElementException: Message: no such element: Unable to locate element: {"method":"id","selector":"testCasesTree"}
  (Session info: headless chrome=61.0.3163.100)
  (Driver info: chromedriver=2.32.498537 (cb2f855cbc7b82e20387eaf9a43f6b99b6105061),platform=Mac OS X 10.12.5 x86_64)


During handling of the above exception, another exception occurred:

Traceback (most recent call last):
  File "/Users/lucianofeo/Desktop/golem/src/golem/browser.py", line 19, in _find_webelement
    webelement = root.find_element_by_id(selector_value)
  File "/Users/lucianofeo/Desktop/golem/env/lib/python3.6/site-packages/selenium-3.6.0-py3.6.egg/selenium/webdriver/remote/webdriver.py", line 341, in find_element_by_id
    return self.find_element(by=By.ID, value=id_)
  File "/Users/lucianofeo/Desktop/golem/env/lib/python3.6/site-packages/selenium-3.6.0-py3.6.egg/selenium/webdriver/remote/webdriver.py", line 843, in find_element
    'value': value})['value']
  File "/Users/lucianofeo/Desktop/golem/env/lib/python3.6/site-packages/selenium-3.6.0-py3.6.egg/selenium/webdriver/remote/webdriver.py", line 308, in execute
    self.error_handler.check_response(response)
  File "/Users/lucianofeo/Desktop/golem/env/lib/python3.6/site-packages/selenium-3.6.0-py3.6.egg/selenium/webdriver/remote/errorhandler.py", line 194, in check_response
    raise exception_class(message, screen, stacktrace)
selenium.common.exceptions.NoSuchElementException: Message: no such element: Unable to locate element: {"method":"id","selector":"testCasesTree"}
  (Session info: headless chrome=61.0.3163.100)
  (Driver info: chromedriver=2.32.498537 (cb2f855cbc7b82e20387eaf9a43f6b99b6105061),platform=Mac OS X 10.12.5 x86_64)


During handling of the above exception, another exception occurred:

Traceback (most recent call last):
  File "/Users/lucianofeo/Desktop/golem/src/golem/browser.py", line 19, in _find_webelement
    webelement = root.find_element_by_id(selector_value)
  File "/Users/lucianofeo/Desktop/golem/env/lib/python3.6/site-packages/selenium-3.6.0-py3.6.egg/selenium/webdriver/remote/webdriver.py", line 341, in find_element_by_id
    return self.find_element(by=By.ID, value=id_)
  File "/Users/lucianofeo/Desktop/golem/env/lib/python3.6/site-packages/selenium-3.6.0-py3.6.egg/selenium/webdriver/remote/webdriver.py", line 843, in find_element
    'value': value})['value']
  File "/Users/lucianofeo/Desktop/golem/env/lib/python3.6/site-packages/selenium-3.6.0-py3.6.egg/selenium/webdriver/remote/webdriver.py", line 308, in execute
    self.error_handler.check_response(response)
  File "/Users/lucianofeo/Desktop/golem/env/lib/python3.6/site-packages/selenium-3.6.0-py3.6.egg/selenium/webdriver/remote/errorhandler.py", line 194, in check_response
    raise exception_class(message, screen, stacktrace)
selenium.common.exceptions.NoSuchElementException: Message: no such element: Unable to locate element: {"method":"id","selector":"testCasesTree"}
  (Session info: headless chrome=61.0.3163.100)
  (Driver info: chromedriver=2.32.498537 (cb2f855cbc7b82e20387eaf9a43f6b99b6105061),platform=Mac OS X 10.12.5 x86_64)


During handling of the above exception, another exception occurred:

Traceback (most recent call last):
  File "/Users/lucianofeo/Desktop/golem/src/golem/browser.py", line 19, in _find_webelement
    webelement = root.find_element_by_id(selector_value)
  File "/Users/lucianofeo/Desktop/golem/env/lib/python3.6/site-packages/selenium-3.6.0-py3.6.egg/selenium/webdriver/remote/webdriver.py", line 341, in find_element_by_id
    return self.find_element(by=By.ID, value=id_)
  File "/Users/lucianofeo/Desktop/golem/env/lib/python3.6/site-packages/selenium-3.6.0-py3.6.egg/selenium/webdriver/remote/webdriver.py", line 843, in find_element
    'value': value})['value']
  File "/Users/lucianofeo/Desktop/golem/env/lib/python3.6/site-packages/selenium-3.6.0-py3.6.egg/selenium/webdriver/remote/webdriver.py", line 308, in execute
    self.error_handler.check_response(response)
  File "/Users/lucianofeo/Desktop/golem/env/lib/python3.6/site-packages/selenium-3.6.0-py3.6.egg/selenium/webdriver/remote/errorhandler.py", line 194, in check_response
    raise exception_class(message, screen, stacktrace)
selenium.common.exceptions.NoSuchElementException: Message: no such element: Unable to locate element: {"method":"id","selector":"testCasesTree"}
  (Session info: headless chrome=61.0.3163.100)
  (Driver info: chromedriver=2.32.498537 (cb2f855cbc7b82e20387eaf9a43f6b99b6105061),platform=Mac OS X 10.12.5 x86_64)


During handling of the above exception, another exception occurred:

Traceback (most recent call last):
  File "/Users/lucianofeo/Desktop/golem/src/golem/browser.py", line 19, in _find_webelement
    webelement = root.find_element_by_id(selector_value)
  File "/Users/lucianofeo/Desktop/golem/env/lib/python3.6/site-packages/selenium-3.6.0-py3.6.egg/selenium/webdriver/remote/webdriver.py", line 341, in find_element_by_id
    return self.find_element(by=By.ID, value=id_)
  File "/Users/lucianofeo/Desktop/golem/env/lib/python3.6/site-packages/selenium-3.6.0-py3.6.egg/selenium/webdriver/remote/webdriver.py", line 843, in find_element
    'value': value})['value']
  File "/Users/lucianofeo/Desktop/golem/env/lib/python3.6/site-packages/selenium-3.6.0-py3.6.egg/selenium/webdriver/remote/webdriver.py", line 308, in execute
    self.error_handler.check_response(response)
  File "/Users/lucianofeo/Desktop/golem/env/lib/python3.6/site-packages/selenium-3.6.0-py3.6.egg/selenium/webdriver/remote/errorhandler.py", line 194, in check_response
    raise exception_class(message, screen, stacktrace)
selenium.common.exceptions.NoSuchElementException: Message: no such element: Unable to locate element: {"method":"id","selector":"testCasesTree"}
  (Session info: headless chrome=61.0.3163.100)
  (Driver info: chromedriver=2.32.498537 (cb2f855cbc7b82e20387eaf9a43f6b99b6105061),platform=Mac OS X 10.12.5 x86_64)


During handling of the above exception, another exception occurred:

Traceback (most recent call last):
  File "/Users/lucianofeo/Desktop/golem/src/golem/browser.py", line 19, in _find_webelement
    webelement = root.find_element_by_id(selector_value)
  File "/Users/lucianofeo/Desktop/golem/env/lib/python3.6/site-packages/selenium-3.6.0-py3.6.egg/selenium/webdriver/remote/webdriver.py", line 341, in find_element_by_id
    return self.find_element(by=By.ID, value=id_)
  File "/Users/lucianofeo/Desktop/golem/env/lib/python3.6/site-packages/selenium-3.6.0-py3.6.egg/selenium/webdriver/remote/webdriver.py", line 843, in find_element
    'value': value})['value']
  File "/Users/lucianofeo/Desktop/golem/env/lib/python3.6/site-packages/selenium-3.6.0-py3.6.egg/selenium/webdriver/remote/webdriver.py", line 308, in execute
    self.error_handler.check_response(response)
  File "/Users/lucianofeo/Desktop/golem/env/lib/python3.6/site-packages/selenium-3.6.0-py3.6.egg/selenium/webdriver/remote/errorhandler.py", line 194, in check_response
    raise exception_class(message, screen, stacktrace)
selenium.common.exceptions.NoSuchElementException: Message: no such element: Unable to locate element: {"method":"id","selector":"testCasesTree"}
  (Session info: headless chrome=61.0.3163.100)
  (Driver info: chromedriver=2.32.498537 (cb2f855cbc7b82e20387eaf9a43f6b99b6105061),platform=Mac OS X 10.12.5 x86_64)


During handling of the above exception, another exception occurred:

Traceback (most recent call last):
  File "/Users/lucianofeo/Desktop/golem/src/golem/browser.py", line 19, in _find_webelement
    webelement = root.find_element_by_id(selector_value)
  File "/Users/lucianofeo/Desktop/golem/env/lib/python3.6/site-packages/selenium-3.6.0-py3.6.egg/selenium/webdriver/remote/webdriver.py", line 341, in find_element_by_id
    return self.find_element(by=By.ID, value=id_)
  File "/Users/lucianofeo/Desktop/golem/env/lib/python3.6/site-packages/selenium-3.6.0-py3.6.egg/selenium/webdriver/remote/webdriver.py", line 843, in find_element
    'value': value})['value']
  File "/Users/lucianofeo/Desktop/golem/env/lib/python3.6/site-packages/selenium-3.6.0-py3.6.egg/selenium/webdriver/remote/webdriver.py", line 308, in execute
    self.error_handler.check_response(response)
  File "/Users/lucianofeo/Desktop/golem/env/lib/python3.6/site-packages/selenium-3.6.0-py3.6.egg/selenium/webdriver/remote/errorhandler.py", line 194, in check_response
    raise exception_class(message, screen, stacktrace)
selenium.common.exceptions.NoSuchElementException: Message: no such element: Unable to locate element: {"method":"id","selector":"testCasesTree"}
  (Session info: headless chrome=61.0.3163.100)
  (Driver info: chromedriver=2.32.498537 (cb2f855cbc7b82e20387eaf9a43f6b99b6105061),platform=Mac OS X 10.12.5 x86_64)


During handling of the above exception, another exception occurred:

Traceback (most recent call last):
  File "/Users/lucianofeo/Desktop/golem/src/golem/browser.py", line 19, in _find_webelement
    webelement = root.find_element_by_id(selector_value)
  File "/Users/lucianofeo/Desktop/golem/env/lib/python3.6/site-packages/selenium-3.6.0-py3.6.egg/selenium/webdriver/remote/webdriver.py", line 341, in find_element_by_id
    return self.find_element(by=By.ID, value=id_)
  File "/Users/lucianofeo/Desktop/golem/env/lib/python3.6/site-packages/selenium-3.6.0-py3.6.egg/selenium/webdriver/remote/webdriver.py", line 843, in find_element
    'value': value})['value']
  File "/Users/lucianofeo/Desktop/golem/env/lib/python3.6/site-packages/selenium-3.6.0-py3.6.egg/selenium/webdriver/remote/webdriver.py", line 308, in execute
    self.error_handler.check_response(response)
  File "/Users/lucianofeo/Desktop/golem/env/lib/python3.6/site-packages/selenium-3.6.0-py3.6.egg/selenium/webdriver/remote/errorhandler.py", line 194, in check_response
    raise exception_class(message, screen, stacktrace)
selenium.common.exceptions.NoSuchElementException: Message: no such element: Unable to locate element: {"method":"id","selector":"testCasesTree"}
  (Session info: headless chrome=61.0.3163.100)
  (Driver info: chromedriver=2.32.498537 (cb2f855cbc7b82e20387eaf9a43f6b99b6105061),platform=Mac OS X 10.12.5 x86_64)


During handling of the above exception, another exception occurred:

Traceback (most recent call last):
  File "/Users/lucianofeo/Desktop/golem/src/golem/browser.py", line 19, in _find_webelement
    webelement = root.find_element_by_id(selector_value)
  File "/Users/lucianofeo/Desktop/golem/env/lib/python3.6/site-packages/selenium-3.6.0-py3.6.egg/selenium/webdriver/remote/webdriver.py", line 341, in find_element_by_id
    return self.find_element(by=By.ID, value=id_)
  File "/Users/lucianofeo/Desktop/golem/env/lib/python3.6/site-packages/selenium-3.6.0-py3.6.egg/selenium/webdriver/remote/webdriver.py", line 843, in find_element
    'value': value})['value']
  File "/Users/lucianofeo/Desktop/golem/env/lib/python3.6/site-packages/selenium-3.6.0-py3.6.egg/selenium/webdriver/remote/webdriver.py", line 308, in execute
    self.error_handler.check_response(response)
  File "/Users/lucianofeo/Desktop/golem/env/lib/python3.6/site-packages/selenium-3.6.0-py3.6.egg/selenium/webdriver/remote/errorhandler.py", line 194, in check_response
    raise exception_class(message, screen, stacktrace)
selenium.common.exceptions.NoSuchElementException: Message: no such element: Unable to locate element: {"method":"id","selector":"testCasesTree"}
  (Session info: headless chrome=61.0.3163.100)
  (Driver info: chromedriver=2.32.498537 (cb2f855cbc7b82e20387eaf9a43f6b99b6105061),platform=Mac OS X 10.12.5 x86_64)


During handling of the above exception, another exception occurred:

Traceback (most recent call last):
  File "/Users/lucianofeo/Desktop/golem/src/golem/browser.py", line 19, in _find_webelement
    webelement = root.find_element_by_id(selector_value)
  File "/Users/lucianofeo/Desktop/golem/env/lib/python3.6/site-packages/selenium-3.6.0-py3.6.egg/selenium/webdriver/remote/webdriver.py", line 341, in find_element_by_id
    return self.find_element(by=By.ID, value=id_)
  File "/Users/lucianofeo/Desktop/golem/env/lib/python3.6/site-packages/selenium-3.6.0-py3.6.egg/selenium/webdriver/remote/webdriver.py", line 843, in find_element
    'value': value})['value']
  File "/Users/lucianofeo/Desktop/golem/env/lib/python3.6/site-packages/selenium-3.6.0-py3.6.egg/selenium/webdriver/remote/webdriver.py", line 308, in execute
    self.error_handler.check_response(response)
  File "/Users/lucianofeo/Desktop/golem/env/lib/python3.6/site-packages/selenium-3.6.0-py3.6.egg/selenium/webdriver/remote/errorhandler.py", line 194, in check_response
    raise exception_class(message, screen, stacktrace)
selenium.common.exceptions.NoSuchElementException: Message: no such element: Unable to locate element: {"method":"id","selector":"testCasesTree"}
  (Session info: headless chrome=61.0.3163.100)
  (Driver info: chromedriver=2.32.498537 (cb2f855cbc7b82e20387eaf9a43f6b99b6105061),platform=Mac OS X 10.12.5 x86_64)


During handling of the above exception, another exception occurred:

Traceback (most recent call last):
  File "/Users/lucianofeo/Desktop/golem/src/golem/browser.py", line 19, in _find_webelement
    webelement = root.find_element_by_id(selector_value)
  File "/Users/lucianofeo/Desktop/golem/env/lib/python3.6/site-packages/selenium-3.6.0-py3.6.egg/selenium/webdriver/remote/webdriver.py", line 341, in find_element_by_id
    return self.find_element(by=By.ID, value=id_)
  File "/Users/lucianofeo/Desktop/golem/env/lib/python3.6/site-packages/selenium-3.6.0-py3.6.egg/selenium/webdriver/remote/webdriver.py", line 843, in find_element
    'value': value})['value']
  File "/Users/lucianofeo/Desktop/golem/env/lib/python3.6/site-packages/selenium-3.6.0-py3.6.egg/selenium/webdriver/remote/webdriver.py", line 308, in execute
    self.error_handler.check_response(response)
  File "/Users/lucianofeo/Desktop/golem/env/lib/python3.6/site-packages/selenium-3.6.0-py3.6.egg/selenium/webdriver/remote/errorhandler.py", line 194, in check_response
    raise exception_class(message, screen, stacktrace)
selenium.common.exceptions.NoSuchElementException: Message: no such element: Unable to locate element: {"method":"id","selector":"testCasesTree"}
  (Session info: headless chrome=61.0.3163.100)
  (Driver info: chromedriver=2.32.498537 (cb2f855cbc7b82e20387eaf9a43f6b99b6105061),platform=Mac OS X 10.12.5 x86_64)


During handling of the above exception, another exception occurred:

Traceback (most recent call last):
  File "/Users/lucianofeo/Desktop/golem/src/golem/browser.py", line 19, in _find_webelement
    webelement = root.find_element_by_id(selector_value)
  File "/Users/lucianofeo/Desktop/golem/env/lib/python3.6/site-packages/selenium-3.6.0-py3.6.egg/selenium/webdriver/remote/webdriver.py", line 341, in find_element_by_id
    return self.find_element(by=By.ID, value=id_)
  File "/Users/lucianofeo/Desktop/golem/env/lib/python3.6/site-packages/selenium-3.6.0-py3.6.egg/selenium/webdriver/remote/webdriver.py", line 843, in find_element
    'value': value})['value']
  File "/Users/lucianofeo/Desktop/golem/env/lib/python3.6/site-packages/selenium-3.6.0-py3.6.egg/selenium/webdriver/remote/webdriver.py", line 308, in execute
    self.error_handler.check_response(response)
  File "/Users/lucianofeo/Desktop/golem/env/lib/python3.6/site-packages/selenium-3.6.0-py3.6.egg/selenium/webdriver/remote/errorhandler.py", line 194, in check_response
    raise exception_class(message, screen, stacktrace)
selenium.common.exceptions.NoSuchElementException: Message: no such element: Unable to locate element: {"method":"id","selector":"testCasesTree"}
  (Session info: headless chrome=61.0.3163.100)
  (Driver info: chromedriver=2.32.498537 (cb2f855cbc7b82e20387eaf9a43f6b99b6105061),platform=Mac OS X 10.12.5 x86_64)


During handling of the above exception, another exception occurred:

Traceback (most recent call last):
  File "/Users/lucianofeo/Desktop/golem/src/golem/browser.py", line 19, in _find_webelement
    webelement = root.find_element_by_id(selector_value)
  File "/Users/lucianofeo/Desktop/golem/env/lib/python3.6/site-packages/selenium-3.6.0-py3.6.egg/selenium/webdriver/remote/webdriver.py", line 341, in find_element_by_id
    return self.find_element(by=By.ID, value=id_)
  File "/Users/lucianofeo/Desktop/golem/env/lib/python3.6/site-packages/selenium-3.6.0-py3.6.egg/selenium/webdriver/remote/webdriver.py", line 843, in find_element
    'value': value})['value']
  File "/Users/lucianofeo/Desktop/golem/env/lib/python3.6/site-packages/selenium-3.6.0-py3.6.egg/selenium/webdriver/remote/webdriver.py", line 308, in execute
    self.error_handler.check_response(response)
  File "/Users/lucianofeo/Desktop/golem/env/lib/python3.6/site-packages/selenium-3.6.0-py3.6.egg/selenium/webdriver/remote/errorhandler.py", line 194, in check_response
    raise exception_class(message, screen, stacktrace)
selenium.common.exceptions.NoSuchElementException: Message: no such element: Unable to locate element: {"method":"id","selector":"testCasesTree"}
  (Session info: headless chrome=61.0.3163.100)
  (Driver info: chromedriver=2.32.498537 (cb2f855cbc7b82e20387eaf9a43f6b99b6105061),platform=Mac OS X 10.12.5 x86_64)


During handling of the above exception, another exception occurred:

Traceback (most recent call last):
  File "/Users/lucianofeo/Desktop/golem/src/golem/browser.py", line 19, in _find_webelement
    webelement = root.find_element_by_id(selector_value)
  File "/Users/lucianofeo/Desktop/golem/env/lib/python3.6/site-packages/selenium-3.6.0-py3.6.egg/selenium/webdriver/remote/webdriver.py", line 341, in find_element_by_id
    return self.find_element(by=By.ID, value=id_)
  File "/Users/lucianofeo/Desktop/golem/env/lib/python3.6/site-packages/selenium-3.6.0-py3.6.egg/selenium/webdriver/remote/webdriver.py", line 843, in find_element
    'value': value})['value']
  File "/Users/lucianofeo/Desktop/golem/env/lib/python3.6/site-packages/selenium-3.6.0-py3.6.egg/selenium/webdriver/remote/webdriver.py", line 308, in execute
    self.error_handler.check_response(response)
  File "/Users/lucianofeo/Desktop/golem/env/lib/python3.6/site-packages/selenium-3.6.0-py3.6.egg/selenium/webdriver/remote/errorhandler.py", line 194, in check_response
    raise exception_class(message, screen, stacktrace)
selenium.common.exceptions.NoSuchElementException: Message: no such element: Unable to locate element: {"method":"id","selector":"testCasesTree"}
  (Session info: headless chrome=61.0.3163.100)
  (Driver info: chromedriver=2.32.498537 (cb2f855cbc7b82e20387eaf9a43f6b99b6105061),platform=Mac OS X 10.12.5 x86_64)


During handling of the above exception, another exception occurred:

Traceback (most recent call last):
  File "/Users/lucianofeo/Desktop/golem/src/golem/browser.py", line 19, in _find_webelement
    webelement = root.find_element_by_id(selector_value)
  File "/Users/lucianofeo/Desktop/golem/env/lib/python3.6/site-packages/selenium-3.6.0-py3.6.egg/selenium/webdriver/remote/webdriver.py", line 341, in find_element_by_id
    return self.find_element(by=By.ID, value=id_)
  File "/Users/lucianofeo/Desktop/golem/env/lib/python3.6/site-packages/selenium-3.6.0-py3.6.egg/selenium/webdriver/remote/webdriver.py", line 843, in find_element
    'value': value})['value']
  File "/Users/lucianofeo/Desktop/golem/env/lib/python3.6/site-packages/selenium-3.6.0-py3.6.egg/selenium/webdriver/remote/webdriver.py", line 308, in execute
    self.error_handler.check_response(response)
  File "/Users/lucianofeo/Desktop/golem/env/lib/python3.6/site-packages/selenium-3.6.0-py3.6.egg/selenium/webdriver/remote/errorhandler.py", line 194, in check_response
    raise exception_class(message, screen, stacktrace)
selenium.common.exceptions.NoSuchElementException: Message: no such element: Unable to locate element: {"method":"id","selector":"testCasesTree"}
  (Session info: headless chrome=61.0.3163.100)
  (Driver info: chromedriver=2.32.498537 (cb2f855cbc7b82e20387eaf9a43f6b99b6105061),platform=Mac OS X 10.12.5 x86_64)


During handling of the above exception, another exception occurred:

Traceback (most recent call last):
  File "/Users/lucianofeo/Desktop/golem/example/projects/golem/pages/project.py", line 158, in create_access_test
    verify_test_exists(full_path)
  File "/Users/lucianofeo/Desktop/golem/example/projects/golem/pages/project.py", line 102, in verify_test_exists
    test_tree_ul = element(id='testCasesTree')
  File "/Users/lucianofeo/Desktop/golem/src/golem/browser.py", line 205, in element
    webelement = get_browser().find(**kwargs)
  File "/Users/lucianofeo/Desktop/golem/src/golem/browser.py", line 114, in _find
    element_name, timeout)
  File "/Users/lucianofeo/Desktop/golem/src/golem/browser.py", line 45, in _find_webelement
    element_name, remaining_time)
  File "/Users/lucianofeo/Desktop/golem/src/golem/browser.py", line 45, in _find_webelement
    element_name, remaining_time)
  File "/Users/lucianofeo/Desktop/golem/src/golem/browser.py", line 45, in _find_webelement
    element_name, remaining_time)
  [Previous line repeated 25 more times]
  File "/Users/lucianofeo/Desktop/golem/src/golem/browser.py", line 48, in _find_webelement
    .format(element_name, selector_type, selector_value))
golem.core.exceptions.ElementNotFound: Element testCasesTree not found using selector id:'testCasesTree'

During handling of the above exception, another exception occurred:

Traceback (most recent call last):
  File "/Users/lucianofeo/Desktop/golem/src/golem/browser.py", line 19, in _find_webelement
    webelement = root.find_element_by_id(selector_value)
  File "/Users/lucianofeo/Desktop/golem/env/lib/python3.6/site-packages/selenium-3.6.0-py3.6.egg/selenium/webdriver/remote/webdriver.py", line 341, in find_element_by_id
    return self.find_element(by=By.ID, value=id_)
  File "/Users/lucianofeo/Desktop/golem/env/lib/python3.6/site-packages/selenium-3.6.0-py3.6.egg/selenium/webdriver/remote/webdriver.py", line 843, in find_element
    'value': value})['value']
  File "/Users/lucianofeo/Desktop/golem/env/lib/python3.6/site-packages/selenium-3.6.0-py3.6.egg/selenium/webdriver/remote/webdriver.py", line 308, in execute
    self.error_handler.check_response(response)
  File "/Users/lucianofeo/Desktop/golem/env/lib/python3.6/site-packages/selenium-3.6.0-py3.6.egg/selenium/webdriver/remote/errorhandler.py", line 194, in check_response
    raise exception_class(message, screen, stacktrace)
selenium.common.exceptions.NoSuchElementException: Message: no such element: Unable to locate element: {"method":"id","selector":"testCasesTree"}
  (Session info: headless chrome=61.0.3163.100)
  (Driver info: chromedriver=2.32.498537 (cb2f855cbc7b82e20387eaf9a43f6b99b6105061),platform=Mac OS X 10.12.5 x86_64)


During handling of the above exception, another exception occurred:

Traceback (most recent call last):
  File "/Users/lucianofeo/Desktop/golem/src/golem/browser.py", line 19, in _find_webelement
    webelement = root.find_element_by_id(selector_value)
  File "/Users/lucianofeo/Desktop/golem/env/lib/python3.6/site-packages/selenium-3.6.0-py3.6.egg/selenium/webdriver/remote/webdriver.py", line 341, in find_element_by_id
    return self.find_element(by=By.ID, value=id_)
  File "/Users/lucianofeo/Desktop/golem/env/lib/python3.6/site-packages/selenium-3.6.0-py3.6.egg/selenium/webdriver/remote/webdriver.py", line 843, in find_element
    'value': value})['value']
  File "/Users/lucianofeo/Desktop/golem/env/lib/python3.6/site-packages/selenium-3.6.0-py3.6.egg/selenium/webdriver/remote/webdriver.py", line 308, in execute
    self.error_handler.check_response(response)
  File "/Users/lucianofeo/Desktop/golem/env/lib/python3.6/site-packages/selenium-3.6.0-py3.6.egg/selenium/webdriver/remote/errorhandler.py", line 194, in check_response
    raise exception_class(message, screen, stacktrace)
selenium.common.exceptions.NoSuchElementException: Message: no such element: Unable to locate element: {"method":"id","selector":"testCasesTree"}
  (Session info: headless chrome=61.0.3163.100)
  (Driver info: chromedriver=2.32.498537 (cb2f855cbc7b82e20387eaf9a43f6b99b6105061),platform=Mac OS X 10.12.5 x86_64)


During handling of the above exception, another exception occurred:

Traceback (most recent call last):
  File "/Users/lucianofeo/Desktop/golem/src/golem/browser.py", line 19, in _find_webelement
    webelement = root.find_element_by_id(selector_value)
  File "/Users/lucianofeo/Desktop/golem/env/lib/python3.6/site-packages/selenium-3.6.0-py3.6.egg/selenium/webdriver/remote/webdriver.py", line 341, in find_element_by_id
    return self.find_element(by=By.ID, value=id_)
  File "/Users/lucianofeo/Desktop/golem/env/lib/python3.6/site-packages/selenium-3.6.0-py3.6.egg/selenium/webdriver/remote/webdriver.py", line 843, in find_element
    'value': value})['value']
  File "/Users/lucianofeo/Desktop/golem/env/lib/python3.6/site-packages/selenium-3.6.0-py3.6.egg/selenium/webdriver/remote/webdriver.py", line 308, in execute
    self.error_handler.check_response(response)
  File "/Users/lucianofeo/Desktop/golem/env/lib/python3.6/site-packages/selenium-3.6.0-py3.6.egg/selenium/webdriver/remote/errorhandler.py", line 194, in check_response
    raise exception_class(message, screen, stacktrace)
selenium.common.exceptions.NoSuchElementException: Message: no such element: Unable to locate element: {"method":"id","selector":"testCasesTree"}
  (Session info: headless chrome=61.0.3163.100)
  (Driver info: chromedriver=2.32.498537 (cb2f855cbc7b82e20387eaf9a43f6b99b6105061),platform=Mac OS X 10.12.5 x86_64)


During handling of the above exception, another exception occurred:

Traceback (most recent call last):
  File "/Users/lucianofeo/Desktop/golem/src/golem/browser.py", line 19, in _find_webelement
    webelement = root.find_element_by_id(selector_value)
  File "/Users/lucianofeo/Desktop/golem/env/lib/python3.6/site-packages/selenium-3.6.0-py3.6.egg/selenium/webdriver/remote/webdriver.py", line 341, in find_element_by_id
    return self.find_element(by=By.ID, value=id_)
  File "/Users/lucianofeo/Desktop/golem/env/lib/python3.6/site-packages/selenium-3.6.0-py3.6.egg/selenium/webdriver/remote/webdriver.py", line 843, in find_element
    'value': value})['value']
  File "/Users/lucianofeo/Desktop/golem/env/lib/python3.6/site-packages/selenium-3.6.0-py3.6.egg/selenium/webdriver/remote/webdriver.py", line 308, in execute
    self.error_handler.check_response(response)
  File "/Users/lucianofeo/Desktop/golem/env/lib/python3.6/site-packages/selenium-3.6.0-py3.6.egg/selenium/webdriver/remote/errorhandler.py", line 194, in check_response
    raise exception_class(message, screen, stacktrace)
selenium.common.exceptions.NoSuchElementException: Message: no such element: Unable to locate element: {"method":"id","selector":"testCasesTree"}
  (Session info: headless chrome=61.0.3163.100)
  (Driver info: chromedriver=2.32.498537 (cb2f855cbc7b82e20387eaf9a43f6b99b6105061),platform=Mac OS X 10.12.5 x86_64)


During handling of the above exception, another exception occurred:

Traceback (most recent call last):
  File "/Users/lucianofeo/Desktop/golem/src/golem/browser.py", line 19, in _find_webelement
    webelement = root.find_element_by_id(selector_value)
  File "/Users/lucianofeo/Desktop/golem/env/lib/python3.6/site-packages/selenium-3.6.0-py3.6.egg/selenium/webdriver/remote/webdriver.py", line 341, in find_element_by_id
    return self.find_element(by=By.ID, value=id_)
  File "/Users/lucianofeo/Desktop/golem/env/lib/python3.6/site-packages/selenium-3.6.0-py3.6.egg/selenium/webdriver/remote/webdriver.py", line 843, in find_element
    'value': value})['value']
  File "/Users/lucianofeo/Desktop/golem/env/lib/python3.6/site-packages/selenium-3.6.0-py3.6.egg/selenium/webdriver/remote/webdriver.py", line 308, in execute
    self.error_handler.check_response(response)
  File "/Users/lucianofeo/Desktop/golem/env/lib/python3.6/site-packages/selenium-3.6.0-py3.6.egg/selenium/webdriver/remote/errorhandler.py", line 194, in check_response
    raise exception_class(message, screen, stacktrace)
selenium.common.exceptions.NoSuchElementException: Message: no such element: Unable to locate element: {"method":"id","selector":"testCasesTree"}
  (Session info: headless chrome=61.0.3163.100)
  (Driver info: chromedriver=2.32.498537 (cb2f855cbc7b82e20387eaf9a43f6b99b6105061),platform=Mac OS X 10.12.5 x86_64)


During handling of the above exception, another exception occurred:

Traceback (most recent call last):
  File "/Users/lucianofeo/Desktop/golem/src/golem/browser.py", line 19, in _find_webelement
    webelement = root.find_element_by_id(selector_value)
  File "/Users/lucianofeo/Desktop/golem/env/lib/python3.6/site-packages/selenium-3.6.0-py3.6.egg/selenium/webdriver/remote/webdriver.py", line 341, in find_element_by_id
    return self.find_element(by=By.ID, value=id_)
  File "/Users/lucianofeo/Desktop/golem/env/lib/python3.6/site-packages/selenium-3.6.0-py3.6.egg/selenium/webdriver/remote/webdriver.py", line 843, in find_element
    'value': value})['value']
  File "/Users/lucianofeo/Desktop/golem/env/lib/python3.6/site-packages/selenium-3.6.0-py3.6.egg/selenium/webdriver/remote/webdriver.py", line 308, in execute
    self.error_handler.check_response(response)
  File "/Users/lucianofeo/Desktop/golem/env/lib/python3.6/site-packages/selenium-3.6.0-py3.6.egg/selenium/webdriver/remote/errorhandler.py", line 194, in check_response
    raise exception_class(message, screen, stacktrace)
selenium.common.exceptions.NoSuchElementException: Message: no such element: Unable to locate element: {"method":"id","selector":"testCasesTree"}
  (Session info: headless chrome=61.0.3163.100)
  (Driver info: chromedriver=2.32.498537 (cb2f855cbc7b82e20387eaf9a43f6b99b6105061),platform=Mac OS X 10.12.5 x86_64)


During handling of the above exception, another exception occurred:

Traceback (most recent call last):
  File "/Users/lucianofeo/Desktop/golem/src/golem/browser.py", line 19, in _find_webelement
    webelement = root.find_element_by_id(selector_value)
  File "/Users/lucianofeo/Desktop/golem/env/lib/python3.6/site-packages/selenium-3.6.0-py3.6.egg/selenium/webdriver/remote/webdriver.py", line 341, in find_element_by_id
    return self.find_element(by=By.ID, value=id_)
  File "/Users/lucianofeo/Desktop/golem/env/lib/python3.6/site-packages/selenium-3.6.0-py3.6.egg/selenium/webdriver/remote/webdriver.py", line 843, in find_element
    'value': value})['value']
  File "/Users/lucianofeo/Desktop/golem/env/lib/python3.6/site-packages/selenium-3.6.0-py3.6.egg/selenium/webdriver/remote/webdriver.py", line 308, in execute
    self.error_handler.check_response(response)
  File "/Users/lucianofeo/Desktop/golem/env/lib/python3.6/site-packages/selenium-3.6.0-py3.6.egg/selenium/webdriver/remote/errorhandler.py", line 194, in check_response
    raise exception_class(message, screen, stacktrace)
selenium.common.exceptions.NoSuchElementException: Message: no such element: Unable to locate element: {"method":"id","selector":"testCasesTree"}
  (Session info: headless chrome=61.0.3163.100)
  (Driver info: chromedriver=2.32.498537 (cb2f855cbc7b82e20387eaf9a43f6b99b6105061),platform=Mac OS X 10.12.5 x86_64)


During handling of the above exception, another exception occurred:

Traceback (most recent call last):
  File "/Users/lucianofeo/Desktop/golem/src/golem/browser.py", line 19, in _find_webelement
    webelement = root.find_element_by_id(selector_value)
  File "/Users/lucianofeo/Desktop/golem/env/lib/python3.6/site-packages/selenium-3.6.0-py3.6.egg/selenium/webdriver/remote/webdriver.py", line 341, in find_element_by_id
    return self.find_element(by=By.ID, value=id_)
  File "/Users/lucianofeo/Desktop/golem/env/lib/python3.6/site-packages/selenium-3.6.0-py3.6.egg/selenium/webdriver/remote/webdriver.py", line 843, in find_element
    'value': value})['value']
  File "/Users/lucianofeo/Desktop/golem/env/lib/python3.6/site-packages/selenium-3.6.0-py3.6.egg/selenium/webdriver/remote/webdriver.py", line 308, in execute
    self.error_handler.check_response(response)
  File "/Users/lucianofeo/Desktop/golem/env/lib/python3.6/site-packages/selenium-3.6.0-py3.6.egg/selenium/webdriver/remote/errorhandler.py", line 194, in check_response
    raise exception_class(message, screen, stacktrace)
selenium.common.exceptions.NoSuchElementException: Message: no such element: Unable to locate element: {"method":"id","selector":"testCasesTree"}
  (Session info: headless chrome=61.0.3163.100)
  (Driver info: chromedriver=2.32.498537 (cb2f855cbc7b82e20387eaf9a43f6b99b6105061),platform=Mac OS X 10.12.5 x86_64)


During handling of the above exception, another exception occurred:

Traceback (most recent call last):
  File "/Users/lucianofeo/Desktop/golem/src/golem/browser.py", line 19, in _find_webelement
    webelement = root.find_element_by_id(selector_value)
  File "/Users/lucianofeo/Desktop/golem/env/lib/python3.6/site-packages/selenium-3.6.0-py3.6.egg/selenium/webdriver/remote/webdriver.py", line 341, in find_element_by_id
    return self.find_element(by=By.ID, value=id_)
  File "/Users/lucianofeo/Desktop/golem/env/lib/python3.6/site-packages/selenium-3.6.0-py3.6.egg/selenium/webdriver/remote/webdriver.py", line 843, in find_element
    'value': value})['value']
  File "/Users/lucianofeo/Desktop/golem/env/lib/python3.6/site-packages/selenium-3.6.0-py3.6.egg/selenium/webdriver/remote/webdriver.py", line 308, in execute
    self.error_handler.check_response(response)
  File "/Users/lucianofeo/Desktop/golem/env/lib/python3.6/site-packages/selenium-3.6.0-py3.6.egg/selenium/webdriver/remote/errorhandler.py", line 194, in check_response
    raise exception_class(message, screen, stacktrace)
selenium.common.exceptions.NoSuchElementException: Message: no such element: Unable to locate element: {"method":"id","selector":"testCasesTree"}
  (Session info: headless chrome=61.0.3163.100)
  (Driver info: chromedriver=2.32.498537 (cb2f855cbc7b82e20387eaf9a43f6b99b6105061),platform=Mac OS X 10.12.5 x86_64)


During handling of the above exception, another exception occurred:

Traceback (most recent call last):
  File "/Users/lucianofeo/Desktop/golem/src/golem/browser.py", line 19, in _find_webelement
    webelement = root.find_element_by_id(selector_value)
  File "/Users/lucianofeo/Desktop/golem/env/lib/python3.6/site-packages/selenium-3.6.0-py3.6.egg/selenium/webdriver/remote/webdriver.py", line 341, in find_element_by_id
    return self.find_element(by=By.ID, value=id_)
  File "/Users/lucianofeo/Desktop/golem/env/lib/python3.6/site-packages/selenium-3.6.0-py3.6.egg/selenium/webdriver/remote/webdriver.py", line 843, in find_element
    'value': value})['value']
  File "/Users/lucianofeo/Desktop/golem/env/lib/python3.6/site-packages/selenium-3.6.0-py3.6.egg/selenium/webdriver/remote/webdriver.py", line 308, in execute
    self.error_handler.check_response(response)
  File "/Users/lucianofeo/Desktop/golem/env/lib/python3.6/site-packages/selenium-3.6.0-py3.6.egg/selenium/webdriver/remote/errorhandler.py", line 194, in check_response
    raise exception_class(message, screen, stacktrace)
selenium.common.exceptions.NoSuchElementException: Message: no such element: Unable to locate element: {"method":"id","selector":"testCasesTree"}
  (Session info: headless chrome=61.0.3163.100)
  (Driver info: chromedriver=2.32.498537 (cb2f855cbc7b82e20387eaf9a43f6b99b6105061),platform=Mac OS X 10.12.5 x86_64)


During handling of the above exception, another exception occurred:

Traceback (most recent call last):
  File "/Users/lucianofeo/Desktop/golem/src/golem/browser.py", line 19, in _find_webelement
    webelement = root.find_element_by_id(selector_value)
  File "/Users/lucianofeo/Desktop/golem/env/lib/python3.6/site-packages/selenium-3.6.0-py3.6.egg/selenium/webdriver/remote/webdriver.py", line 341, in find_element_by_id
    return self.find_element(by=By.ID, value=id_)
  File "/Users/lucianofeo/Desktop/golem/env/lib/python3.6/site-packages/selenium-3.6.0-py3.6.egg/selenium/webdriver/remote/webdriver.py", line 843, in find_element
    'value': value})['value']
  File "/Users/lucianofeo/Desktop/golem/env/lib/python3.6/site-packages/selenium-3.6.0-py3.6.egg/selenium/webdriver/remote/webdriver.py", line 308, in execute
    self.error_handler.check_response(response)
  File "/Users/lucianofeo/Desktop/golem/env/lib/python3.6/site-packages/selenium-3.6.0-py3.6.egg/selenium/webdriver/remote/errorhandler.py", line 194, in check_response
    raise exception_class(message, screen, stacktrace)
selenium.common.exceptions.NoSuchElementException: Message: no such element: Unable to locate element: {"method":"id","selector":"testCasesTree"}
  (Session info: headless chrome=61.0.3163.100)
  (Driver info: chromedriver=2.32.498537 (cb2f855cbc7b82e20387eaf9a43f6b99b6105061),platform=Mac OS X 10.12.5 x86_64)


During handling of the above exception, another exception occurred:

Traceback (most recent call last):
  File "/Users/lucianofeo/Desktop/golem/src/golem/browser.py", line 19, in _find_webelement
    webelement = root.find_element_by_id(selector_value)
  File "/Users/lucianofeo/Desktop/golem/env/lib/python3.6/site-packages/selenium-3.6.0-py3.6.egg/selenium/webdriver/remote/webdriver.py", line 341, in find_element_by_id
    return self.find_element(by=By.ID, value=id_)
  File "/Users/lucianofeo/Desktop/golem/env/lib/python3.6/site-packages/selenium-3.6.0-py3.6.egg/selenium/webdriver/remote/webdriver.py", line 843, in find_element
    'value': value})['value']
  File "/Users/lucianofeo/Desktop/golem/env/lib/python3.6/site-packages/selenium-3.6.0-py3.6.egg/selenium/webdriver/remote/webdriver.py", line 308, in execute
    self.error_handler.check_response(response)
  File "/Users/lucianofeo/Desktop/golem/env/lib/python3.6/site-packages/selenium-3.6.0-py3.6.egg/selenium/webdriver/remote/errorhandler.py", line 194, in check_response
    raise exception_class(message, screen, stacktrace)
selenium.common.exceptions.NoSuchElementException: Message: no such element: Unable to locate element: {"method":"id","selector":"testCasesTree"}
  (Session info: headless chrome=61.0.3163.100)
  (Driver info: chromedriver=2.32.498537 (cb2f855cbc7b82e20387eaf9a43f6b99b6105061),platform=Mac OS X 10.12.5 x86_64)


During handling of the above exception, another exception occurred:

Traceback (most recent call last):
  File "/Users/lucianofeo/Desktop/golem/src/golem/browser.py", line 19, in _find_webelement
    webelement = root.find_element_by_id(selector_value)
  File "/Users/lucianofeo/Desktop/golem/env/lib/python3.6/site-packages/selenium-3.6.0-py3.6.egg/selenium/webdriver/remote/webdriver.py", line 341, in find_element_by_id
    return self.find_element(by=By.ID, value=id_)
  File "/Users/lucianofeo/Desktop/golem/env/lib/python3.6/site-packages/selenium-3.6.0-py3.6.egg/selenium/webdriver/remote/webdriver.py", line 843, in find_element
    'value': value})['value']
  File "/Users/lucianofeo/Desktop/golem/env/lib/python3.6/site-packages/selenium-3.6.0-py3.6.egg/selenium/webdriver/remote/webdriver.py", line 308, in execute
    self.error_handler.check_response(response)
  File "/Users/lucianofeo/Desktop/golem/env/lib/python3.6/site-packages/selenium-3.6.0-py3.6.egg/selenium/webdriver/remote/errorhandler.py", line 194, in check_response
    raise exception_class(message, screen, stacktrace)
selenium.common.exceptions.NoSuchElementException: Message: no such element: Unable to locate element: {"method":"id","selector":"testCasesTree"}
  (Session info: headless chrome=61.0.3163.100)
  (Driver info: chromedriver=2.32.498537 (cb2f855cbc7b82e20387eaf9a43f6b99b6105061),platform=Mac OS X 10.12.5 x86_64)


During handling of the above exception, another exception occurred:

Traceback (most recent call last):
  File "/Users/lucianofeo/Desktop/golem/src/golem/browser.py", line 19, in _find_webelement
    webelement = root.find_element_by_id(selector_value)
  File "/Users/lucianofeo/Desktop/golem/env/lib/python3.6/site-packages/selenium-3.6.0-py3.6.egg/selenium/webdriver/remote/webdriver.py", line 341, in find_element_by_id
    return self.find_element(by=By.ID, value=id_)
  File "/Users/lucianofeo/Desktop/golem/env/lib/python3.6/site-packages/selenium-3.6.0-py3.6.egg/selenium/webdriver/remote/webdriver.py", line 843, in find_element
    'value': value})['value']
  File "/Users/lucianofeo/Desktop/golem/env/lib/python3.6/site-packages/selenium-3.6.0-py3.6.egg/selenium/webdriver/remote/webdriver.py", line 308, in execute
    self.error_handler.check_response(response)
  File "/Users/lucianofeo/Desktop/golem/env/lib/python3.6/site-packages/selenium-3.6.0-py3.6.egg/selenium/webdriver/remote/errorhandler.py", line 194, in check_response
    raise exception_class(message, screen, stacktrace)
selenium.common.exceptions.NoSuchElementException: Message: no such element: Unable to locate element: {"method":"id","selector":"testCasesTree"}
  (Session info: headless chrome=61.0.3163.100)
  (Driver info: chromedriver=2.32.498537 (cb2f855cbc7b82e20387eaf9a43f6b99b6105061),platform=Mac OS X 10.12.5 x86_64)


During handling of the above exception, another exception occurred:

Traceback (most recent call last):
  File "/Users/lucianofeo/Desktop/golem/src/golem/browser.py", line 19, in _find_webelement
    webelement = root.find_element_by_id(selector_value)
  File "/Users/lucianofeo/Desktop/golem/env/lib/python3.6/site-packages/selenium-3.6.0-py3.6.egg/selenium/webdriver/remote/webdriver.py", line 341, in find_element_by_id
    return self.find_element(by=By.ID, value=id_)
  File "/Users/lucianofeo/Desktop/golem/env/lib/python3.6/site-packages/selenium-3.6.0-py3.6.egg/selenium/webdriver/remote/webdriver.py", line 843, in find_element
    'value': value})['value']
  File "/Users/lucianofeo/Desktop/golem/env/lib/python3.6/site-packages/selenium-3.6.0-py3.6.egg/selenium/webdriver/remote/webdriver.py", line 308, in execute
    self.error_handler.check_response(response)
  File "/Users/lucianofeo/Desktop/golem/env/lib/python3.6/site-packages/selenium-3.6.0-py3.6.egg/selenium/webdriver/remote/errorhandler.py", line 194, in check_response
    raise exception_class(message, screen, stacktrace)
selenium.common.exceptions.NoSuchElementException: Message: no such element: Unable to locate element: {"method":"id","selector":"testCasesTree"}
  (Session info: headless chrome=61.0.3163.100)
  (Driver info: chromedriver=2.32.498537 (cb2f855cbc7b82e20387eaf9a43f6b99b6105061),platform=Mac OS X 10.12.5 x86_64)


During handling of the above exception, another exception occurred:

Traceback (most recent call last):
  File "/Users/lucianofeo/Desktop/golem/src/golem/browser.py", line 19, in _find_webelement
    webelement = root.find_element_by_id(selector_value)
  File "/Users/lucianofeo/Desktop/golem/env/lib/python3.6/site-packages/selenium-3.6.0-py3.6.egg/selenium/webdriver/remote/webdriver.py", line 341, in find_element_by_id
    return self.find_element(by=By.ID, value=id_)
  File "/Users/lucianofeo/Desktop/golem/env/lib/python3.6/site-packages/selenium-3.6.0-py3.6.egg/selenium/webdriver/remote/webdriver.py", line 843, in find_element
    'value': value})['value']
  File "/Users/lucianofeo/Desktop/golem/env/lib/python3.6/site-packages/selenium-3.6.0-py3.6.egg/selenium/webdriver/remote/webdriver.py", line 308, in execute
    self.error_handler.check_response(response)
  File "/Users/lucianofeo/Desktop/golem/env/lib/python3.6/site-packages/selenium-3.6.0-py3.6.egg/selenium/webdriver/remote/errorhandler.py", line 194, in check_response
    raise exception_class(message, screen, stacktrace)
selenium.common.exceptions.NoSuchElementException: Message: no such element: Unable to locate element: {"method":"id","selector":"testCasesTree"}
  (Session info: headless chrome=61.0.3163.100)
  (Driver info: chromedriver=2.32.498537 (cb2f855cbc7b82e20387eaf9a43f6b99b6105061),platform=Mac OS X 10.12.5 x86_64)


During handling of the above exception, another exception occurred:

Traceback (most recent call last):
  File "/Users/lucianofeo/Desktop/golem/src/golem/browser.py", line 19, in _find_webelement
    webelement = root.find_element_by_id(selector_value)
  File "/Users/lucianofeo/Desktop/golem/env/lib/python3.6/site-packages/selenium-3.6.0-py3.6.egg/selenium/webdriver/remote/webdriver.py", line 341, in find_element_by_id
    return self.find_element(by=By.ID, value=id_)
  File "/Users/lucianofeo/Desktop/golem/env/lib/python3.6/site-packages/selenium-3.6.0-py3.6.egg/selenium/webdriver/remote/webdriver.py", line 843, in find_element
    'value': value})['value']
  File "/Users/lucianofeo/Desktop/golem/env/lib/python3.6/site-packages/selenium-3.6.0-py3.6.egg/selenium/webdriver/remote/webdriver.py", line 308, in execute
    self.error_handler.check_response(response)
  File "/Users/lucianofeo/Desktop/golem/env/lib/python3.6/site-packages/selenium-3.6.0-py3.6.egg/selenium/webdriver/remote/errorhandler.py", line 194, in check_response
    raise exception_class(message, screen, stacktrace)
selenium.common.exceptions.NoSuchElementException: Message: no such element: Unable to locate element: {"method":"id","selector":"testCasesTree"}
  (Session info: headless chrome=61.0.3163.100)
  (Driver info: chromedriver=2.32.498537 (cb2f855cbc7b82e20387eaf9a43f6b99b6105061),platform=Mac OS X 10.12.5 x86_64)


During handling of the above exception, another exception occurred:

Traceback (most recent call last):
  File "/Users/lucianofeo/Desktop/golem/src/golem/browser.py", line 19, in _find_webelement
    webelement = root.find_element_by_id(selector_value)
  File "/Users/lucianofeo/Desktop/golem/env/lib/python3.6/site-packages/selenium-3.6.0-py3.6.egg/selenium/webdriver/remote/webdriver.py", line 341, in find_element_by_id
    return self.find_element(by=By.ID, value=id_)
  File "/Users/lucianofeo/Desktop/golem/env/lib/python3.6/site-packages/selenium-3.6.0-py3.6.egg/selenium/webdriver/remote/webdriver.py", line 843, in find_element
    'value': value})['value']
  File "/Users/lucianofeo/Desktop/golem/env/lib/python3.6/site-packages/selenium-3.6.0-py3.6.egg/selenium/webdriver/remote/webdriver.py", line 308, in execute
    self.error_handler.check_response(response)
  File "/Users/lucianofeo/Desktop/golem/env/lib/python3.6/site-packages/selenium-3.6.0-py3.6.egg/selenium/webdriver/remote/errorhandler.py", line 194, in check_response
    raise exception_class(message, screen, stacktrace)
selenium.common.exceptions.NoSuchElementException: Message: no such element: Unable to locate element: {"method":"id","selector":"testCasesTree"}
  (Session info: headless chrome=61.0.3163.100)
  (Driver info: chromedriver=2.32.498537 (cb2f855cbc7b82e20387eaf9a43f6b99b6105061),platform=Mac OS X 10.12.5 x86_64)


During handling of the above exception, another exception occurred:

Traceback (most recent call last):
  File "/Users/lucianofeo/Desktop/golem/src/golem/browser.py", line 19, in _find_webelement
    webelement = root.find_element_by_id(selector_value)
  File "/Users/lucianofeo/Desktop/golem/env/lib/python3.6/site-packages/selenium-3.6.0-py3.6.egg/selenium/webdriver/remote/webdriver.py", line 341, in find_element_by_id
    return self.find_element(by=By.ID, value=id_)
  File "/Users/lucianofeo/Desktop/golem/env/lib/python3.6/site-packages/selenium-3.6.0-py3.6.egg/selenium/webdriver/remote/webdriver.py", line 843, in find_element
    'value': value})['value']
  File "/Users/lucianofeo/Desktop/golem/env/lib/python3.6/site-packages/selenium-3.6.0-py3.6.egg/selenium/webdriver/remote/webdriver.py", line 308, in execute
    self.error_handler.check_response(response)
  File "/Users/lucianofeo/Desktop/golem/env/lib/python3.6/site-packages/selenium-3.6.0-py3.6.egg/selenium/webdriver/remote/errorhandler.py", line 194, in check_response
    raise exception_class(message, screen, stacktrace)
selenium.common.exceptions.NoSuchElementException: Message: no such element: Unable to locate element: {"method":"id","selector":"testCasesTree"}
  (Session info: headless chrome=61.0.3163.100)
  (Driver info: chromedriver=2.32.498537 (cb2f855cbc7b82e20387eaf9a43f6b99b6105061),platform=Mac OS X 10.12.5 x86_64)


During handling of the above exception, another exception occurred:

Traceback (most recent call last):
  File "/Users/lucianofeo/Desktop/golem/src/golem/browser.py", line 19, in _find_webelement
    webelement = root.find_element_by_id(selector_value)
  File "/Users/lucianofeo/Desktop/golem/env/lib/python3.6/site-packages/selenium-3.6.0-py3.6.egg/selenium/webdriver/remote/webdriver.py", line 341, in find_element_by_id
    return self.find_element(by=By.ID, value=id_)
  File "/Users/lucianofeo/Desktop/golem/env/lib/python3.6/site-packages/selenium-3.6.0-py3.6.egg/selenium/webdriver/remote/webdriver.py", line 843, in find_element
    'value': value})['value']
  File "/Users/lucianofeo/Desktop/golem/env/lib/python3.6/site-packages/selenium-3.6.0-py3.6.egg/selenium/webdriver/remote/webdriver.py", line 308, in execute
    self.error_handler.check_response(response)
  File "/Users/lucianofeo/Desktop/golem/env/lib/python3.6/site-packages/selenium-3.6.0-py3.6.egg/selenium/webdriver/remote/errorhandler.py", line 194, in check_response
    raise exception_class(message, screen, stacktrace)
selenium.common.exceptions.NoSuchElementException: Message: no such element: Unable to locate element: {"method":"id","selector":"testCasesTree"}
  (Session info: headless chrome=61.0.3163.100)
  (Driver info: chromedriver=2.32.498537 (cb2f855cbc7b82e20387eaf9a43f6b99b6105061),platform=Mac OS X 10.12.5 x86_64)


During handling of the above exception, another exception occurred:

Traceback (most recent call last):
  File "/Users/lucianofeo/Desktop/golem/src/golem/browser.py", line 19, in _find_webelement
    webelement = root.find_element_by_id(selector_value)
  File "/Users/lucianofeo/Desktop/golem/env/lib/python3.6/site-packages/selenium-3.6.0-py3.6.egg/selenium/webdriver/remote/webdriver.py", line 341, in find_element_by_id
    return self.find_element(by=By.ID, value=id_)
  File "/Users/lucianofeo/Desktop/golem/env/lib/python3.6/site-packages/selenium-3.6.0-py3.6.egg/selenium/webdriver/remote/webdriver.py", line 843, in find_element
    'value': value})['value']
  File "/Users/lucianofeo/Desktop/golem/env/lib/python3.6/site-packages/selenium-3.6.0-py3.6.egg/selenium/webdriver/remote/webdriver.py", line 308, in execute
    self.error_handler.check_response(response)
  File "/Users/lucianofeo/Desktop/golem/env/lib/python3.6/site-packages/selenium-3.6.0-py3.6.egg/selenium/webdriver/remote/errorhandler.py", line 194, in check_response
    raise exception_class(message, screen, stacktrace)
selenium.common.exceptions.NoSuchElementException: Message: no such element: Unable to locate element: {"method":"id","selector":"testCasesTree"}
  (Session info: headless chrome=61.0.3163.100)
  (Driver info: chromedriver=2.32.498537 (cb2f855cbc7b82e20387eaf9a43f6b99b6105061),platform=Mac OS X 10.12.5 x86_64)


During handling of the above exception, another exception occurred:

Traceback (most recent call last):
  File "/Users/lucianofeo/Desktop/golem/src/golem/browser.py", line 19, in _find_webelement
    webelement = root.find_element_by_id(selector_value)
  File "/Users/lucianofeo/Desktop/golem/env/lib/python3.6/site-packages/selenium-3.6.0-py3.6.egg/selenium/webdriver/remote/webdriver.py", line 341, in find_element_by_id
    return self.find_element(by=By.ID, value=id_)
  File "/Users/lucianofeo/Desktop/golem/env/lib/python3.6/site-packages/selenium-3.6.0-py3.6.egg/selenium/webdriver/remote/webdriver.py", line 843, in find_element
    'value': value})['value']
  File "/Users/lucianofeo/Desktop/golem/env/lib/python3.6/site-packages/selenium-3.6.0-py3.6.egg/selenium/webdriver/remote/webdriver.py", line 308, in execute
    self.error_handler.check_response(response)
  File "/Users/lucianofeo/Desktop/golem/env/lib/python3.6/site-packages/selenium-3.6.0-py3.6.egg/selenium/webdriver/remote/errorhandler.py", line 194, in check_response
    raise exception_class(message, screen, stacktrace)
selenium.common.exceptions.NoSuchElementException: Message: no such element: Unable to locate element: {"method":"id","selector":"testCasesTree"}
  (Session info: headless chrome=61.0.3163.100)
  (Driver info: chromedriver=2.32.498537 (cb2f855cbc7b82e20387eaf9a43f6b99b6105061),platform=Mac OS X 10.12.5 x86_64)


During handling of the above exception, another exception occurred:

Traceback (most recent call last):
  File "/Users/lucianofeo/Desktop/golem/src/golem/browser.py", line 19, in _find_webelement
    webelement = root.find_element_by_id(selector_value)
  File "/Users/lucianofeo/Desktop/golem/env/lib/python3.6/site-packages/selenium-3.6.0-py3.6.egg/selenium/webdriver/remote/webdriver.py", line 341, in find_element_by_id
    return self.find_element(by=By.ID, value=id_)
  File "/Users/lucianofeo/Desktop/golem/env/lib/python3.6/site-packages/selenium-3.6.0-py3.6.egg/selenium/webdriver/remote/webdriver.py", line 843, in find_element
    'value': value})['value']
  File "/Users/lucianofeo/Desktop/golem/env/lib/python3.6/site-packages/selenium-3.6.0-py3.6.egg/selenium/webdriver/remote/webdriver.py", line 308, in execute
    self.error_handler.check_response(response)
  File "/Users/lucianofeo/Desktop/golem/env/lib/python3.6/site-packages/selenium-3.6.0-py3.6.egg/selenium/webdriver/remote/errorhandler.py", line 194, in check_response
    raise exception_class(message, screen, stacktrace)
selenium.common.exceptions.NoSuchElementException: Message: no such element: Unable to locate element: {"method":"id","selector":"testCasesTree"}
  (Session info: headless chrome=61.0.3163.100)
  (Driver info: chromedriver=2.32.498537 (cb2f855cbc7b82e20387eaf9a43f6b99b6105061),platform=Mac OS X 10.12.5 x86_64)


During handling of the above exception, another exception occurred:

Traceback (most recent call last):
  File "/Users/lucianofeo/Desktop/golem/src/golem/browser.py", line 19, in _find_webelement
    webelement = root.find_element_by_id(selector_value)
  File "/Users/lucianofeo/Desktop/golem/env/lib/python3.6/site-packages/selenium-3.6.0-py3.6.egg/selenium/webdriver/remote/webdriver.py", line 341, in find_element_by_id
    return self.find_element(by=By.ID, value=id_)
  File "/Users/lucianofeo/Desktop/golem/env/lib/python3.6/site-packages/selenium-3.6.0-py3.6.egg/selenium/webdriver/remote/webdriver.py", line 843, in find_element
    'value': value})['value']
  File "/Users/lucianofeo/Desktop/golem/env/lib/python3.6/site-packages/selenium-3.6.0-py3.6.egg/selenium/webdriver/remote/webdriver.py", line 308, in execute
    self.error_handler.check_response(response)
  File "/Users/lucianofeo/Desktop/golem/env/lib/python3.6/site-packages/selenium-3.6.0-py3.6.egg/selenium/webdriver/remote/errorhandler.py", line 194, in check_response
    raise exception_class(message, screen, stacktrace)
selenium.common.exceptions.NoSuchElementException: Message: no such element: Unable to locate element: {"method":"id","selector":"testCasesTree"}
  (Session info: headless chrome=61.0.3163.100)
  (Driver info: chromedriver=2.32.498537 (cb2f855cbc7b82e20387eaf9a43f6b99b6105061),platform=Mac OS X 10.12.5 x86_64)


During handling of the above exception, another exception occurred:

Traceback (most recent call last):
  File "/Users/lucianofeo/Desktop/golem/src/golem/browser.py", line 19, in _find_webelement
    webelement = root.find_element_by_id(selector_value)
  File "/Users/lucianofeo/Desktop/golem/env/lib/python3.6/site-packages/selenium-3.6.0-py3.6.egg/selenium/webdriver/remote/webdriver.py", line 341, in find_element_by_id
    return self.find_element(by=By.ID, value=id_)
  File "/Users/lucianofeo/Desktop/golem/env/lib/python3.6/site-packages/selenium-3.6.0-py3.6.egg/selenium/webdriver/remote/webdriver.py", line 843, in find_element
    'value': value})['value']
  File "/Users/lucianofeo/Desktop/golem/env/lib/python3.6/site-packages/selenium-3.6.0-py3.6.egg/selenium/webdriver/remote/webdriver.py", line 308, in execute
    self.error_handler.check_response(response)
  File "/Users/lucianofeo/Desktop/golem/env/lib/python3.6/site-packages/selenium-3.6.0-py3.6.egg/selenium/webdriver/remote/errorhandler.py", line 194, in check_response
    raise exception_class(message, screen, stacktrace)
selenium.common.exceptions.NoSuchElementException: Message: no such element: Unable to locate element: {"method":"id","selector":"testCasesTree"}
  (Session info: headless chrome=61.0.3163.100)
  (Driver info: chromedriver=2.32.498537 (cb2f855cbc7b82e20387eaf9a43f6b99b6105061),platform=Mac OS X 10.12.5 x86_64)


During handling of the above exception, another exception occurred:

Traceback (most recent call last):
  File "/Users/lucianofeo/Desktop/golem/src/golem/browser.py", line 19, in _find_webelement
    webelement = root.find_element_by_id(selector_value)
  File "/Users/lucianofeo/Desktop/golem/env/lib/python3.6/site-packages/selenium-3.6.0-py3.6.egg/selenium/webdriver/remote/webdriver.py", line 341, in find_element_by_id
    return self.find_element(by=By.ID, value=id_)
  File "/Users/lucianofeo/Desktop/golem/env/lib/python3.6/site-packages/selenium-3.6.0-py3.6.egg/selenium/webdriver/remote/webdriver.py", line 843, in find_element
    'value': value})['value']
  File "/Users/lucianofeo/Desktop/golem/env/lib/python3.6/site-packages/selenium-3.6.0-py3.6.egg/selenium/webdriver/remote/webdriver.py", line 308, in execute
    self.error_handler.check_response(response)
  File "/Users/lucianofeo/Desktop/golem/env/lib/python3.6/site-packages/selenium-3.6.0-py3.6.egg/selenium/webdriver/remote/errorhandler.py", line 194, in check_response
    raise exception_class(message, screen, stacktrace)
selenium.common.exceptions.NoSuchElementException: Message: no such element: Unable to locate element: {"method":"id","selector":"testCasesTree"}
  (Session info: headless chrome=61.0.3163.100)
  (Driver info: chromedriver=2.32.498537 (cb2f855cbc7b82e20387eaf9a43f6b99b6105061),platform=Mac OS X 10.12.5 x86_64)


During handling of the above exception, another exception occurred:

Traceback (most recent call last):
  File "/Users/lucianofeo/Desktop/golem/src/golem/browser.py", line 19, in _find_webelement
    webelement = root.find_element_by_id(selector_value)
  File "/Users/lucianofeo/Desktop/golem/env/lib/python3.6/site-packages/selenium-3.6.0-py3.6.egg/selenium/webdriver/remote/webdriver.py", line 341, in find_element_by_id
    return self.find_element(by=By.ID, value=id_)
  File "/Users/lucianofeo/Desktop/golem/env/lib/python3.6/site-packages/selenium-3.6.0-py3.6.egg/selenium/webdriver/remote/webdriver.py", line 843, in find_element
    'value': value})['value']
  File "/Users/lucianofeo/Desktop/golem/env/lib/python3.6/site-packages/selenium-3.6.0-py3.6.egg/selenium/webdriver/remote/webdriver.py", line 308, in execute
    self.error_handler.check_response(response)
  File "/Users/lucianofeo/Desktop/golem/env/lib/python3.6/site-packages/selenium-3.6.0-py3.6.egg/selenium/webdriver/remote/errorhandler.py", line 194, in check_response
    raise exception_class(message, screen, stacktrace)
selenium.common.exceptions.NoSuchElementException: Message: no such element: Unable to locate element: {"method":"id","selector":"testCasesTree"}
  (Session info: headless chrome=61.0.3163.100)
  (Driver info: chromedriver=2.32.498537 (cb2f855cbc7b82e20387eaf9a43f6b99b6105061),platform=Mac OS X 10.12.5 x86_64)


During handling of the above exception, another exception occurred:

Traceback (most recent call last):
  File "/Users/lucianofeo/Desktop/golem/src/golem/browser.py", line 19, in _find_webelement
    webelement = root.find_element_by_id(selector_value)
  File "/Users/lucianofeo/Desktop/golem/env/lib/python3.6/site-packages/selenium-3.6.0-py3.6.egg/selenium/webdriver/remote/webdriver.py", line 341, in find_element_by_id
    return self.find_element(by=By.ID, value=id_)
  File "/Users/lucianofeo/Desktop/golem/env/lib/python3.6/site-packages/selenium-3.6.0-py3.6.egg/selenium/webdriver/remote/webdriver.py", line 843, in find_element
    'value': value})['value']
  File "/Users/lucianofeo/Desktop/golem/env/lib/python3.6/site-packages/selenium-3.6.0-py3.6.egg/selenium/webdriver/remote/webdriver.py", line 308, in execute
    self.error_handler.check_response(response)
  File "/Users/lucianofeo/Desktop/golem/env/lib/python3.6/site-packages/selenium-3.6.0-py3.6.egg/selenium/webdriver/remote/errorhandler.py", line 194, in check_response
    raise exception_class(message, screen, stacktrace)
selenium.common.exceptions.NoSuchElementException: Message: no such element: Unable to locate element: {"method":"id","selector":"testCasesTree"}
  (Session info: headless chrome=61.0.3163.100)
  (Driver info: chromedriver=2.32.498537 (cb2f855cbc7b82e20387eaf9a43f6b99b6105061),platform=Mac OS X 10.12.5 x86_64)


During handling of the above exception, another exception occurred:

Traceback (most recent call last):
  File "/Users/lucianofeo/Desktop/golem/src/golem/browser.py", line 19, in _find_webelement
    webelement = root.find_element_by_id(selector_value)
  File "/Users/lucianofeo/Desktop/golem/env/lib/python3.6/site-packages/selenium-3.6.0-py3.6.egg/selenium/webdriver/remote/webdriver.py", line 341, in find_element_by_id
    return self.find_element(by=By.ID, value=id_)
  File "/Users/lucianofeo/Desktop/golem/env/lib/python3.6/site-packages/selenium-3.6.0-py3.6.egg/selenium/webdriver/remote/webdriver.py", line 843, in find_element
    'value': value})['value']
  File "/Users/lucianofeo/Desktop/golem/env/lib/python3.6/site-packages/selenium-3.6.0-py3.6.egg/selenium/webdriver/remote/webdriver.py", line 308, in execute
    self.error_handler.check_response(response)
  File "/Users/lucianofeo/Desktop/golem/env/lib/python3.6/site-packages/selenium-3.6.0-py3.6.egg/selenium/webdriver/remote/errorhandler.py", line 194, in check_response
    raise exception_class(message, screen, stacktrace)
selenium.common.exceptions.NoSuchElementException: Message: no such element: Unable to locate element: {"method":"id","selector":"testCasesTree"}
  (Session info: headless chrome=61.0.3163.100)
  (Driver info: chromedriver=2.32.498537 (cb2f855cbc7b82e20387eaf9a43f6b99b6105061),platform=Mac OS X 10.12.5 x86_64)


During handling of the above exception, another exception occurred:

Traceback (most recent call last):
  File "/Users/lucianofeo/Desktop/golem/src/golem/browser.py", line 19, in _find_webelement
    webelement = root.find_element_by_id(selector_value)
  File "/Users/lucianofeo/Desktop/golem/env/lib/python3.6/site-packages/selenium-3.6.0-py3.6.egg/selenium/webdriver/remote/webdriver.py", line 341, in find_element_by_id
    return self.find_element(by=By.ID, value=id_)
  File "/Users/lucianofeo/Desktop/golem/env/lib/python3.6/site-packages/selenium-3.6.0-py3.6.egg/selenium/webdriver/remote/webdriver.py", line 843, in find_element
    'value': value})['value']
  File "/Users/lucianofeo/Desktop/golem/env/lib/python3.6/site-packages/selenium-3.6.0-py3.6.egg/selenium/webdriver/remote/webdriver.py", line 308, in execute
    self.error_handler.check_response(response)
  File "/Users/lucianofeo/Desktop/golem/env/lib/python3.6/site-packages/selenium-3.6.0-py3.6.egg/selenium/webdriver/remote/errorhandler.py", line 194, in check_response
    raise exception_class(message, screen, stacktrace)
selenium.common.exceptions.NoSuchElementException: Message: no such element: Unable to locate element: {"method":"id","selector":"testCasesTree"}
  (Session info: headless chrome=61.0.3163.100)
  (Driver info: chromedriver=2.32.498537 (cb2f855cbc7b82e20387eaf9a43f6b99b6105061),platform=Mac OS X 10.12.5 x86_64)


During handling of the above exception, another exception occurred:

Traceback (most recent call last):
  File "/Users/lucianofeo/Desktop/golem/src/golem/test_runner/test_runner.py", line 114, in run_test
    test_module.test(execution.data)
  File "/Users/lucianofeo/Desktop/golem/example/projects/golem/tests/test_page/add_action_to_test.py", line 10, in test
    project.create_access_test('testing_actions')
  File "/Users/lucianofeo/Desktop/golem/example/projects/golem/pages/project.py", line 160, in create_access_test
    add_test(full_path)
  File "/Users/lucianofeo/Desktop/golem/example/projects/golem/pages/project.py", line 46, in add_test
    tests_tree_ul = element(id='testCasesTree')
  File "/Users/lucianofeo/Desktop/golem/src/golem/browser.py", line 205, in element
    webelement = get_browser().find(**kwargs)
  File "/Users/lucianofeo/Desktop/golem/src/golem/browser.py", line 114, in _find
    element_name, timeout)
  File "/Users/lucianofeo/Desktop/golem/src/golem/browser.py", line 45, in _find_webelement
    element_name, remaining_time)
  File "/Users/lucianofeo/Desktop/golem/src/golem/browser.py", line 45, in _find_webelement
    element_name, remaining_time)
  File "/Users/lucianofeo/Desktop/golem/src/golem/browser.py", line 45, in _find_webelement
    element_name, remaining_time)
  [Previous line repeated 25 more times]
  File "/Users/lucianofeo/Desktop/golem/src/golem/browser.py", line 48, in _find_webelement
    .format(element_name, selector_type, selector_value))
golem.core.exceptions.ElementNotFound: Element testCasesTree not found using selector id:'testCasesTree'
2017-10-21 13:19:41,468 root INFO Test does not have a teardown function
2017-10-21 13:19:41,468 selenium.webdriver.remote.remote_connection DEBUG DELETE http://127.0.0.1:53875/session/02a98d211d44262460f49d58acbacc6d {"sessionId": "02a98d211d44262460f49d58acbacc6d"}
2017-10-21 13:19:41,520 selenium.webdriver.remote.remote_connection DEBUG Finished Request
