2017-09-27 10:57:54,833 golem INFO Test execution started: checkout.checkout_initially_empty
2017-09-27 10:57:54,833 golem INFO Driver: chrome-headless
2017-09-27 10:58:07,565 golem INFO Navigate to: 'http://store.demoqa.com/'
2017-09-27 10:58:10,294 golem INFO Click go_to_checkout
2017-09-27 10:58:10,323 golem INFO Verify element 'items_container' contains text 'Oops, there is nothing in your cart.'
2017-09-27 10:58:10,342 golem INFO Take screenshot There are no items in the checkout page
2017-09-27 10:58:10,744 golem INFO Test passed
2017-09-27 10:58:10,746 golem INFO Test execution started: product.add_product_to_cart_go_to_checkout
2017-09-27 10:58:10,747 golem INFO Driver: chrome-headless
2017-09-27 10:58:16,819 golem INFO Navigate to: 'http://store.demoqa.com/'
2017-09-27 10:58:16,850 golem INFO Mouse hover element ''
2017-09-27 10:58:21,924 golem INFO Click None
2017-09-27 10:58:27,572 golem INFO Take screenshot error
2017-09-27 10:58:27,911 golem ERROR An error ocurred:
Traceback (most recent call last):
  File "/Users/lucianofeo/Desktop/golem/src/golem/test_runner/test_runner.py", line 93, in run_test
    test_module.test(golem.core.test_data)
  File "/Users/lucianofeo/Desktop/golem/example/projects/store_demoqa/tests/product/add_product_to_cart_go_to_checkout.py", line 13, in test
    click(category.go_to_checkout)
  File "/Users/lucianofeo/Desktop/golem/src/golem/actions.py", line 127, in click
    webelement.click()
  File "/Users/lucianofeo/Desktop/golem/env/lib/python3.6/site-packages/selenium/webdriver/remote/webelement.py", line 77, in click
    self._execute(Command.CLICK_ELEMENT)
  File "/Users/lucianofeo/Desktop/golem/env/lib/python3.6/site-packages/selenium/webdriver/remote/webelement.py", line 493, in _execute
    return self._parent.execute(command, params)
  File "/Users/lucianofeo/Desktop/golem/env/lib/python3.6/site-packages/selenium/webdriver/remote/webdriver.py", line 257, in execute
    self.error_handler.check_response(response)
  File "/Users/lucianofeo/Desktop/golem/env/lib/python3.6/site-packages/selenium/webdriver/remote/errorhandler.py", line 194, in check_response
    raise exception_class(message, screen, stacktrace)
selenium.common.exceptions.ElementNotVisibleException: Message: element not visible
  (Session info: headless chrome=61.0.3163.100)
  (Driver info: chromedriver=2.32.498537 (cb2f855cbc7b82e20387eaf9a43f6b99b6105061),platform=Mac OS X 10.12.5 x86_64)

