13:18:35.212 INFO Test execution started: project.add_test_with_duplicated_name
13:18:35.212 INFO Browser: chrome-headless
13:18:35.213 INFO Environment: test
13:18:35.214 INFO Using data: 
    url: http://localhost:8000

13:18:48.928 INFO Navigate to: 'http://localhost:8000'
13:18:49.297 INFO Write 'admin' in element username
13:18:49.710 INFO Write 'admin' in element password
13:18:49.869 INFO Click login_button
13:18:51.963 INFO Random value generated: gjjbi
13:18:51.965 INFO Store value gjjbi in key test_name
13:18:52.865 INFO Write 'gjjbi' in element None
13:18:52.866 INFO Press key: ENTER
13:18:53.177 INFO Write 'gjjbi' in element None
13:18:53.178 INFO Press key: ENTER
13:18:53.206 INFO Waiting for element ('id', 'errorModal', 'Error modal') to be visible
13:18:53.853 INFO Take screenshot error
13:18:55.489 ERROR An error ocurred:
Traceback (most recent call last):
  File "/Users/lucianofeo/Desktop/golem/src/golem/test_runner/test_runner.py", line 114, in run_test
    test_module.test(execution.data)
  File "/Users/lucianofeo/Desktop/golem/example/projects/golem/tests/project/add_test_with_duplicated_name.py", line 17, in test
    project.verify_error_message('A test with that name already exists')
  File "/Users/lucianofeo/Desktop/golem/example/projects/golem/pages/project.py", line 138, in verify_error_message
    if error.text == error_message:
  File "/Users/lucianofeo/Desktop/golem/env/lib/python3.6/site-packages/selenium-3.6.0-py3.6.egg/selenium/webdriver/remote/webelement.py", line 76, in text
    return self._execute(Command.GET_ELEMENT_TEXT)['value']
  File "/Users/lucianofeo/Desktop/golem/env/lib/python3.6/site-packages/selenium-3.6.0-py3.6.egg/selenium/webdriver/remote/webelement.py", line 501, in _execute
    return self._parent.execute(command, params)
  File "/Users/lucianofeo/Desktop/golem/env/lib/python3.6/site-packages/selenium-3.6.0-py3.6.egg/selenium/webdriver/remote/webdriver.py", line 308, in execute
    self.error_handler.check_response(response)
  File "/Users/lucianofeo/Desktop/golem/env/lib/python3.6/site-packages/selenium-3.6.0-py3.6.egg/selenium/webdriver/remote/errorhandler.py", line 194, in check_response
    raise exception_class(message, screen, stacktrace)
selenium.common.exceptions.StaleElementReferenceException: Message: stale element reference: element is not attached to the page document
  (Session info: headless chrome=61.0.3163.100)
  (Driver info: chromedriver=2.32.498537 (cb2f855cbc7b82e20387eaf9a43f6b99b6105061),platform=Mac OS X 10.12.5 x86_64)

13:18:55.507 INFO Close driver
