{
    "test_case": "project.add_test_with_duplicated_name",
    "result": "fail",
    "steps": [
        "Navigate to: 'http://localhost:8000'",
        "Write 'admin' in element username",
        "Write 'admin' in element password",
        "Click login_button",
        "Access project test",
        "Write 'btndm' in element None",
        "Press key: ENTER",
        "error__57ac939e"
    ],
    "description": "Verify that the user cannot create a new test if a test with the same name already exists",
    "error": "Traceback (most recent call last):\n  File \"/Users/lucianofeo/Desktop/golem/src/golem/test_runner/test_runner.py\", line 114, in run_test\n    test_module.test(execution.data)\n  File \"/Users/lucianofeo/Desktop/golem/example/projects/golem/tests/project/add_test_with_duplicated_name.py\", line 16, in test\n    project.add_test(data.test_name)\n  File \"/Users/lucianofeo/Desktop/golem/example/projects/golem/pages/project.py\", line 53, in add_test\n    form_container.find('a.new-element-link').click()\n  File \"/Users/lucianofeo/Desktop/golem/env/lib/python3.6/site-packages/selenium-3.6.0-py3.6.egg/selenium/webdriver/remote/webelement.py\", line 80, in click\n    self._execute(Command.CLICK_ELEMENT)\n  File \"/Users/lucianofeo/Desktop/golem/env/lib/python3.6/site-packages/selenium-3.6.0-py3.6.egg/selenium/webdriver/remote/webelement.py\", line 501, in _execute\n    return self._parent.execute(command, params)\n  File \"/Users/lucianofeo/Desktop/golem/env/lib/python3.6/site-packages/selenium-3.6.0-py3.6.egg/selenium/webdriver/remote/webdriver.py\", line 308, in execute\n    self.error_handler.check_response(response)\n  File \"/Users/lucianofeo/Desktop/golem/env/lib/python3.6/site-packages/selenium-3.6.0-py3.6.egg/selenium/webdriver/remote/errorhandler.py\", line 194, in check_response\n    raise exception_class(message, screen, stacktrace)\nselenium.common.exceptions.WebDriverException: Message: unknown error: Element <a class=\"new-element-link\" href=\"javascript:void(0)\" onclick=\"displayNewElementForm(this)\">...</a> is not clickable at point (278, 679). Other element would receive the click: <div id=\"content\">...</div>\n  (Session info: chrome=61.0.3163.100)\n  (Driver info: chromedriver=2.32.498537 (cb2f855cbc7b82e20387eaf9a43f6b99b6105061),platform=Mac OS X 10.12.5 x86_64)\n\n",
    "short_error": "\n",
    "test_elapsed_time": 4.91,
    "test_timestamp": "2017.10.21.13.23.23.211",
    "browser": "chrome",
    "test_data": {
        "env": "{'url': 'http://localhost:8000', 'name': 'test'}",
        "test_name": "'btndm'"
    },
    "environment": "test"
}