{
    "test_case": "test_builder.add_action_to_test",
    "result": "fail",
    "steps": [
        "Navigate to: 'http://localhost:8000'",
        "Write 'admin' in element username",
        "Write 'admin' in element password",
        "Click login_button",
        "Access project test",
        "Click None",
        "Click #testSteps button.add-step",
        "Write 'navigate' in element None",
        "Press key: DOWN",
        "Press key: ENTER",
        "Click save",
        "Refresh page"
    ],
    "description": "Verify that the user can add an action to a test and save it successfully",
    "error": "Traceback (most recent call last):\n  File \"/Users/lucianofeo/Desktop/golem/src/golem/test_runner/test_runner.py\", line 114, in run_test\n    test_module.test(execution.data)\n  File \"/Users/lucianofeo/Desktop/golem/example/projects/golem/tests/test_builder/add_action_to_test.py\", line 19, in test\n    test_builder.verify_last_action(data.action)\n  File \"/Users/lucianofeo/Desktop/golem/example/projects/golem/pages/test_builder.py\", line 21, in verify_last_action\n    action_inputs = elements(\"#testSteps .step-first-input\")\n  File \"/Users/lucianofeo/Desktop/golem/src/golem/browser.py\", line 213, in elements\n    webelement = get_browser().find_all(**kwargs)\n  File \"/Users/lucianofeo/Desktop/golem/src/golem/browser.py\", line 165, in _find_all\n    webelements = self.find_elements_by_css_selector(css)\n  File \"/Users/lucianofeo/Desktop/golem/env/lib/python3.6/site-packages/selenium-3.6.0-py3.6.egg/selenium/webdriver/remote/webdriver.py\", line 521, in find_elements_by_css_selector\n    return self.find_elements(by=By.CSS_SELECTOR, value=css_selector)\n  File \"/Users/lucianofeo/Desktop/golem/env/lib/python3.6/site-packages/selenium-3.6.0-py3.6.egg/selenium/webdriver/remote/webdriver.py\", line 871, in find_elements\n    'value': value})['value'] or []\n  File \"/Users/lucianofeo/Desktop/golem/env/lib/python3.6/site-packages/selenium-3.6.0-py3.6.egg/selenium/webdriver/remote/webdriver.py\", line 308, in execute\n    self.error_handler.check_response(response)\n  File \"/Users/lucianofeo/Desktop/golem/env/lib/python3.6/site-packages/selenium-3.6.0-py3.6.egg/selenium/webdriver/remote/errorhandler.py\", line 194, in check_response\n    raise exception_class(message, screen, stacktrace)\nselenium.common.exceptions.UnexpectedAlertPresentException: Alert Text: None\nMessage: unexpected alert open: {Alert text : There are unsaved changes}\n  (Session info: chrome=61.0.3163.100)\n  (Driver info: chromedriver=2.32.498537 (cb2f855cbc7b82e20387eaf9a43f6b99b6105061),platform=Mac OS X 10.12.5 x86_64)\n\n",
    "short_error": "\n",
    "test_elapsed_time": 12.64,
    "test_timestamp": "2017.10.22.11.30.47.280",
    "browser": "chrome",
    "test_data": {
        "action": "'navigate'",
        "env": "{'url': 'http://localhost:8000', 'name': 'test'}"
    },
    "environment": "test"
}