2017-10-09 21:45:39,631 golem INFO Test execution started: project/add_page_inside_directory
2017-10-09 21:45:39,631 golem INFO Browser: chrome
2017-10-09 21:45:39,632 golem INFO Environment: test
2017-10-09 21:45:39,632 golem INFO Using data: 
    url: http://localhost:8000

2017-10-09 21:45:41,649 golem INFO Navigate to: 'http://localhost:8000'
2017-10-09 21:45:41,667 golem DEBUG Element found
2017-10-09 21:45:41,757 golem INFO Write 'admin' in element username
2017-10-09 21:45:41,772 golem DEBUG Element found
2017-10-09 21:45:41,833 golem INFO Write 'admin' in element password
2017-10-09 21:45:41,850 golem DEBUG Element found
2017-10-09 21:45:41,869 golem INFO Click login_button
2017-10-09 21:45:42,302 golem INFO Random value generated: one/azesp
2017-10-09 21:45:42,302 golem INFO Store value one/azesp in key page_name
2017-10-09 21:45:42,336 golem DEBUG Element found
2017-10-09 21:45:42,874 golem DEBUG Element not found yet, remaining time: 0.48707127571105957
2017-10-09 21:45:43,393 golem DEBUG Element found
2017-10-09 21:45:43,416 golem DEBUG Element found
2017-10-09 21:45:43,448 golem DEBUG Element found
2017-10-09 21:45:43,543 golem DEBUG Element found
2017-10-09 21:45:43,607 golem INFO Write 'one/' in element None
2017-10-09 21:45:43,607 golem INFO Press key: ENTER
2017-10-09 21:45:43,630 golem DEBUG Element found
2017-10-09 21:45:43,656 golem DEBUG Element found
2017-10-09 21:45:43,717 golem DEBUG Element found
2017-10-09 21:45:43,732 golem DEBUG Element found
2017-10-09 21:45:43,774 golem DEBUG Element found
2017-10-09 21:45:43,818 golem INFO Write 'azesp' in element None
2017-10-09 21:45:43,818 golem INFO Press key: ENTER
2017-10-09 21:45:43,837 golem DEBUG Element found
2017-10-09 21:45:43,854 golem DEBUG Element found
2017-10-09 21:45:44,405 golem DEBUG Element not found yet, remaining time: 0.48606061935424805
2017-10-09 21:45:44,916 golem INFO Take screenshot error
2017-10-09 21:45:45,464 golem ERROR An error ocurred:
Traceback (most recent call last):
  File "/Users/lucianofeo/Desktop/golem/src/golem/browser.py", line 20, in _find_webelement
    webelement = root.find_element_by_css_selector(selector_value)
  File "/Users/lucianofeo/Desktop/golem/env/lib/python3.6/site-packages/selenium-3.6.0-py3.6.egg/selenium/webdriver/remote/webelement.py", line 310, in find_element_by_css_selector
    return self.find_element(by=By.CSS_SELECTOR, value=css_selector)
  File "/Users/lucianofeo/Desktop/golem/env/lib/python3.6/site-packages/selenium-3.6.0-py3.6.egg/selenium/webdriver/remote/webelement.py", line 518, in find_element
    {"using": by, "value": value})['value']
  File "/Users/lucianofeo/Desktop/golem/env/lib/python3.6/site-packages/selenium-3.6.0-py3.6.egg/selenium/webdriver/remote/webelement.py", line 501, in _execute
    return self._parent.execute(command, params)
  File "/Users/lucianofeo/Desktop/golem/env/lib/python3.6/site-packages/selenium-3.6.0-py3.6.egg/selenium/webdriver/remote/webdriver.py", line 308, in execute
    self.error_handler.check_response(response)
  File "/Users/lucianofeo/Desktop/golem/env/lib/python3.6/site-packages/selenium-3.6.0-py3.6.egg/selenium/webdriver/remote/errorhandler.py", line 194, in check_response
    raise exception_class(message, screen, stacktrace)
selenium.common.exceptions.NoSuchElementException: Message: no such element: Unable to locate element: {"method":"css selector","selector":"li.tree-element[fullpath='one.azesp']"}
  (Session info: chrome=61.0.3163.100)
  (Driver info: chromedriver=2.32.498537 (cb2f855cbc7b82e20387eaf9a43f6b99b6105061),platform=Mac OS X 10.12.5 x86_64)


During handling of the above exception, another exception occurred:

Traceback (most recent call last):
  File "/Users/lucianofeo/Desktop/golem/src/golem/browser.py", line 20, in _find_webelement
    webelement = root.find_element_by_css_selector(selector_value)
  File "/Users/lucianofeo/Desktop/golem/env/lib/python3.6/site-packages/selenium-3.6.0-py3.6.egg/selenium/webdriver/remote/webelement.py", line 310, in find_element_by_css_selector
    return self.find_element(by=By.CSS_SELECTOR, value=css_selector)
  File "/Users/lucianofeo/Desktop/golem/env/lib/python3.6/site-packages/selenium-3.6.0-py3.6.egg/selenium/webdriver/remote/webelement.py", line 518, in find_element
    {"using": by, "value": value})['value']
  File "/Users/lucianofeo/Desktop/golem/env/lib/python3.6/site-packages/selenium-3.6.0-py3.6.egg/selenium/webdriver/remote/webelement.py", line 501, in _execute
    return self._parent.execute(command, params)
  File "/Users/lucianofeo/Desktop/golem/env/lib/python3.6/site-packages/selenium-3.6.0-py3.6.egg/selenium/webdriver/remote/webdriver.py", line 308, in execute
    self.error_handler.check_response(response)
  File "/Users/lucianofeo/Desktop/golem/env/lib/python3.6/site-packages/selenium-3.6.0-py3.6.egg/selenium/webdriver/remote/errorhandler.py", line 194, in check_response
    raise exception_class(message, screen, stacktrace)
selenium.common.exceptions.NoSuchElementException: Message: no such element: Unable to locate element: {"method":"css selector","selector":"li.tree-element[fullpath='one.azesp']"}
  (Session info: chrome=61.0.3163.100)
  (Driver info: chromedriver=2.32.498537 (cb2f855cbc7b82e20387eaf9a43f6b99b6105061),platform=Mac OS X 10.12.5 x86_64)


During handling of the above exception, another exception occurred:

Traceback (most recent call last):
  File "/Users/lucianofeo/Desktop/golem/example/projects/golem/pages/project.py", line 82, in verify_page_exists
    tree_element = pages_tree_ul.find(page_selector, timeout=1)
  File "/Users/lucianofeo/Desktop/golem/src/golem/browser.py", line 113, in _find
    element_name, timeout)
  File "/Users/lucianofeo/Desktop/golem/src/golem/browser.py", line 44, in _find_webelement
    element_name, remaining_time)
  File "/Users/lucianofeo/Desktop/golem/src/golem/browser.py", line 47, in _find_webelement
    .format(element_name, selector_type, selector_value))
golem.core.exceptions.ElementNotFound: Element li.tree-element[fullpath='one.azesp'] not found using selector css:'li.tree-element[fullpath='one.azesp']'

During handling of the above exception, another exception occurred:

Traceback (most recent call last):
  File "/Users/lucianofeo/Desktop/golem/src/golem/test_runner/test_runner.py", line 115, in run_test
    test_module.test(execution.data)
  File "/Users/lucianofeo/Desktop/golem/example/projects/golem/tests/project/add_page_inside_directory.py", line 18, in test
    project.verify_page_exists(data.page_name)
  File "/Users/lucianofeo/Desktop/golem/example/projects/golem/pages/project.py", line 84, in verify_page_exists
    raise Exception('Page {} does not exist'.format(full_path))
Exception: Page one/azesp does not exist
2017-10-09 21:45:45,465 golem INFO Close driver
