16:25:50.681 INFO Test execution started: project/add_test
16:25:50.682 INFO Browser: firefox
16:25:50.682 INFO Environment: test
16:25:50.682 INFO Using data: 
    url: http://localhost:8000

16:25:54.174 INFO Navigate to: 'http://localhost:8000'
16:25:54.241 INFO Write 'admin' in element username
16:25:54.289 INFO Write 'admin' in element password
16:25:54.307 INFO Click login_button
16:25:54.689 INFO Random value generated: mzrqt
16:25:54.690 INFO Store value mzrqt in key test_name
16:25:59.145 INFO Take screenshot error
16:25:59.421 ERROR An error ocurred:
Traceback (most recent call last):
  File "/Users/lucianofeo/Desktop/golem/src/golem/test_runner/test_runner.py", line 114, in run_test
    test_module.test(execution.data)
  File "/Users/lucianofeo/Desktop/golem/example/projects/golem/tests/project/add_test.py", line 15, in test
    project.add_test(data.test_name)
  File "/Users/lucianofeo/Desktop/golem/example/projects/golem/pages/project.py", line 56, in add_test
    actions.send_keys(add_test_input, page_name)
  File "/Users/lucianofeo/Desktop/golem/src/golem/actions.py", line 234, in send_keys
    webelement.send_keys(text)
  File "/Users/lucianofeo/Desktop/golem/env/lib/python3.6/site-packages/selenium-3.6.0-py3.6.egg/selenium/webdriver/remote/webelement.py", line 352, in send_keys
    'value': keys_to_typing(value)})
  File "/Users/lucianofeo/Desktop/golem/env/lib/python3.6/site-packages/selenium-3.6.0-py3.6.egg/selenium/webdriver/remote/webelement.py", line 501, in _execute
    return self._parent.execute(command, params)
  File "/Users/lucianofeo/Desktop/golem/env/lib/python3.6/site-packages/selenium-3.6.0-py3.6.egg/selenium/webdriver/remote/webdriver.py", line 308, in execute
    self.error_handler.check_response(response)
  File "/Users/lucianofeo/Desktop/golem/env/lib/python3.6/site-packages/selenium-3.6.0-py3.6.egg/selenium/webdriver/remote/errorhandler.py", line 194, in check_response
    raise exception_class(message, screen, stacktrace)
selenium.common.exceptions.ElementNotInteractableException: Message: Element is not visible

16:25:59.422 INFO Close driver
