16:22:06.096 INFO Test execution started: project/add_page
16:22:06.097 INFO Browser: chrome
16:22:06.097 INFO Environment: test
16:22:06.097 INFO Using data: 
    url: http://localhost:8000

16:22:08.497 INFO Navigate to: 'http://localhost:8000'
16:22:08.620 INFO Write 'admin' in element username
16:22:08.710 INFO Write 'admin' in element password
16:22:08.755 INFO Click login_button
16:22:09.226 INFO Random value generated: gtwzb
16:22:09.226 INFO Store value gtwzb in key page_name
16:22:09.227 INFO Waiting for 2 seconds
16:22:11.329 INFO Click None
16:22:11.372 INFO Take screenshot error
16:22:12.103 ERROR An error ocurred:
Traceback (most recent call last):
  File "/Users/lucianofeo/Desktop/golem/src/golem/test_runner/test_runner.py", line 114, in run_test
    test_module.test(execution.data)
  File "/Users/lucianofeo/Desktop/golem/example/projects/golem/tests/project/add_page.py", line 18, in test
    project.add_page(data.page_name)
  File "/Users/lucianofeo/Desktop/golem/example/projects/golem/pages/project.py", line 40, in add_page
    actions.click(form_container.find('a.new-element-link'))
  File "/Users/lucianofeo/Desktop/golem/src/golem/actions.py", line 106, in click
    webelement.click()
  File "/Users/lucianofeo/Desktop/golem/env/lib/python3.6/site-packages/selenium-3.6.0-py3.6.egg/selenium/webdriver/remote/webelement.py", line 80, in click
    self._execute(Command.CLICK_ELEMENT)
  File "/Users/lucianofeo/Desktop/golem/env/lib/python3.6/site-packages/selenium-3.6.0-py3.6.egg/selenium/webdriver/remote/webelement.py", line 501, in _execute
    return self._parent.execute(command, params)
  File "/Users/lucianofeo/Desktop/golem/env/lib/python3.6/site-packages/selenium-3.6.0-py3.6.egg/selenium/webdriver/remote/webdriver.py", line 308, in execute
    self.error_handler.check_response(response)
  File "/Users/lucianofeo/Desktop/golem/env/lib/python3.6/site-packages/selenium-3.6.0-py3.6.egg/selenium/webdriver/remote/errorhandler.py", line 194, in check_response
    raise exception_class(message, screen, stacktrace)
selenium.common.exceptions.WebDriverException: Message: unknown error: Element <a class="new-element-link" href="javascript:void(0)" onclick="displayNewElementForm(this)">...</a> is not clickable at point (278, 679). Other element would receive the click: <html lang="en">...</html>
  (Session info: chrome=61.0.3163.100)
  (Driver info: chromedriver=2.32.498537 (cb2f855cbc7b82e20387eaf9a43f6b99b6105061),platform=Mac OS X 10.12.5 x86_64)

16:22:12.104 INFO Close driver
