13:40:01.741 INFO Test execution started: project.create_page_with_middle_spaces
13:40:01.741 INFO Browser: chrome
13:40:01.741 INFO Environment: test
13:40:01.741 INFO Using data: 
    url: http://localhost:8000

13:40:04.523 INFO Navigate to: 'http://localhost:8000'
13:40:04.650 INFO Write 'admin' in element username
13:40:04.741 INFO Write 'admin' in element password
13:40:04.780 INFO Click login_button
13:40:05.215 INFO Random value generated: cffokp
13:40:05.378 INFO Take screenshot error
13:40:05.741 ERROR An error ocurred:
Traceback (most recent call last):
  File "/Users/lucianofeo/Desktop/golem/src/golem/test_runner/test_runner.py", line 114, in run_test
    test_module.test(execution.data)
  File "/Users/lucianofeo/Desktop/golem/example/projects/golem/tests/project/create_page_with_middle_spaces.py", line 14, in test
    project.add_page(random('cccccc'))
  File "/Users/lucianofeo/Desktop/golem/example/projects/golem/pages/project.py", line 39, in add_page
    form_container.find('a.new-element-link').click()
  File "/Users/lucianofeo/Desktop/golem/env/lib/python3.6/site-packages/selenium-3.6.0-py3.6.egg/selenium/webdriver/remote/webelement.py", line 80, in click
    self._execute(Command.CLICK_ELEMENT)
  File "/Users/lucianofeo/Desktop/golem/env/lib/python3.6/site-packages/selenium-3.6.0-py3.6.egg/selenium/webdriver/remote/webelement.py", line 501, in _execute
    return self._parent.execute(command, params)
  File "/Users/lucianofeo/Desktop/golem/env/lib/python3.6/site-packages/selenium-3.6.0-py3.6.egg/selenium/webdriver/remote/webdriver.py", line 308, in execute
    self.error_handler.check_response(response)
  File "/Users/lucianofeo/Desktop/golem/env/lib/python3.6/site-packages/selenium-3.6.0-py3.6.egg/selenium/webdriver/remote/errorhandler.py", line 194, in check_response
    raise exception_class(message, screen, stacktrace)
selenium.common.exceptions.WebDriverException: Message: unknown error: Element <a class="new-element-link" href="javascript:void(0)" onclick="displayNewElementForm(this)">...</a> is not clickable at point (278, 679). Other element would receive the click: <div id="content">...</div>
  (Session info: chrome=61.0.3163.100)
  (Driver info: chromedriver=2.32.498537 (cb2f855cbc7b82e20387eaf9a43f6b99b6105061),platform=Mac OS X 10.12.5 x86_64)

13:40:05.747 INFO Close driver
