13:48:35.258 INFO Test execution started: project.add_page
13:48:35.259 INFO Browser: chrome
13:48:35.259 INFO Environment: test
13:48:35.259 INFO Using data: 
    url: http://localhost:8000

13:48:37.543 INFO Navigate to: 'http://localhost:8000'
13:48:37.667 INFO Write 'admin' in element username
13:48:37.749 INFO Write 'admin' in element password
13:48:37.783 INFO Click login_button
13:48:38.180 INFO Random value generated: rctgv
13:48:38.180 INFO Store value rctgv in key page_name
13:48:38.181 INFO Waiting for 3 seconds
13:48:41.286 INFO Click None
13:48:41.324 INFO Take screenshot error
13:48:41.989 ERROR An error ocurred:
Traceback (most recent call last):
  File "/Users/lucianofeo/Desktop/golem/src/golem/test_runner/test_runner.py", line 114, in run_test
    test_module.test(execution.data)
  File "/Users/lucianofeo/Desktop/golem/example/projects/golem/tests/project/add_page.py", line 16, in test
    project.add_page(data.page_name)
  File "/Users/lucianofeo/Desktop/golem/example/projects/golem/pages/project.py", line 40, in add_page
    actions.click(form_container.find('a.new-element-link'))
  File "/Users/lucianofeo/Desktop/golem/src/golem/actions.py", line 106, in click
    webelement.click()
  File "/Users/lucianofeo/Desktop/golem/env/lib/python3.6/site-packages/selenium-3.6.0-py3.6.egg/selenium/webdriver/remote/webelement.py", line 80, in click
    self._execute(Command.CLICK_ELEMENT)
  File "/Users/lucianofeo/Desktop/golem/env/lib/python3.6/site-packages/selenium-3.6.0-py3.6.egg/selenium/webdriver/remote/webelement.py", line 501, in _execute
    return self._parent.execute(command, params)
  File "/Users/lucianofeo/Desktop/golem/env/lib/python3.6/site-packages/selenium-3.6.0-py3.6.egg/selenium/webdriver/remote/webdriver.py", line 308, in execute
    self.error_handler.check_response(response)
  File "/Users/lucianofeo/Desktop/golem/env/lib/python3.6/site-packages/selenium-3.6.0-py3.6.egg/selenium/webdriver/remote/errorhandler.py", line 194, in check_response
    raise exception_class(message, screen, stacktrace)
selenium.common.exceptions.WebDriverException: Message: unknown error: Element <a class="new-element-link" href="javascript:void(0)" onclick="displayNewElementForm(this)">...</a> is not clickable at point (278, 679). Other element would receive the click: <div id="content">...</div>
  (Session info: chrome=61.0.3163.100)
  (Driver info: chromedriver=2.32.498537 (cb2f855cbc7b82e20387eaf9a43f6b99b6105061),platform=Mac OS X 10.12.5 x86_64)

13:48:41.990 INFO Close driver
