18:35:24.958 INFO Test execution started: test_builder.add_action_to_test
18:35:24.959 INFO Browser: chrome
18:35:24.959 INFO Environment: test
18:35:24.960 INFO Using data: 
    action: capture
    url: http://localhost:8000

18:35:28.708 INFO Navigate to: 'http://localhost:8000'
18:35:28.913 INFO Write 'admin' in element username
18:35:29.057 INFO Write 'admin' in element password
18:35:29.434 INFO Click login_button
18:35:32.981 INFO Click Create Project button
18:35:33.169 INFO Waiting for element ('id', 'newProjectName', 'Project Name input') to be visible
18:35:33.438 INFO Write 'test' in element Project Name input
18:35:33.507 INFO Click Create button
18:35:33.593 INFO Waiting for element ('id', 'createProjectCreate', 'Create button') to be not visible
18:35:54.077 INFO Timeout, element is still visible.
18:35:54.637 INFO Take screenshot error
18:35:56.228 ERROR An error ocurred:
Traceback (most recent call last):
  File "/Users/lucianofeo/Desktop/golem/src/golem/test_runner/test_runner.py", line 109, in run_test
    test_module.setup(execution.data)
  File "/Users/lucianofeo/Desktop/golem/example/projects/golem/tests/test_builder/add_action_to_test.py", line 12, in setup
    index.create_access_project('test')
  File "/Users/lucianofeo/Desktop/golem/example/projects/golem/pages/index.py", line 56, in create_access_project
    access_project(project_name)
  File "/Users/lucianofeo/Desktop/golem/example/projects/golem/pages/index.py", line 40, in access_project
    item.click()
  File "/Users/lucianofeo/Desktop/golem/env/lib/python3.6/site-packages/selenium-3.6.0-py3.6.egg/selenium/webdriver/remote/webelement.py", line 80, in click
    self._execute(Command.CLICK_ELEMENT)
  File "/Users/lucianofeo/Desktop/golem/env/lib/python3.6/site-packages/selenium-3.6.0-py3.6.egg/selenium/webdriver/remote/webelement.py", line 501, in _execute
    return self._parent.execute(command, params)
  File "/Users/lucianofeo/Desktop/golem/env/lib/python3.6/site-packages/selenium-3.6.0-py3.6.egg/selenium/webdriver/remote/webdriver.py", line 308, in execute
    self.error_handler.check_response(response)
  File "/Users/lucianofeo/Desktop/golem/env/lib/python3.6/site-packages/selenium-3.6.0-py3.6.egg/selenium/webdriver/remote/errorhandler.py", line 194, in check_response
    raise exception_class(message, screen, stacktrace)
selenium.common.exceptions.WebDriverException: Message: unknown error: Element <a href="/p/.../" class="list-group-item">test</a> is not clickable at point (634, 533). Other element would receive the click: <div class="modal fade in" id="errorModal" tabindex="-1" role="dialog" aria-hidden="false" style="display: block;">...</div>
  (Session info: chrome=61.0.3163.100)
  (Driver info: chromedriver=2.32.498537 (cb2f855cbc7b82e20387eaf9a43f6b99b6105061),platform=Mac OS X 10.12.5 x86_64)

18:35:56.229 INFO Test does not have a teardown function
