14:08:41.318 INFO Test execution started: project/add_page
14:08:41.318 INFO Browser: firefox
14:08:41.319 INFO Environment: test
14:08:41.319 INFO Using data: 
    url: http://localhost:8000

14:08:44.458 INFO Navigate to: 'http://localhost:8000'
14:08:44.529 INFO Write 'admin' in element username
14:08:44.579 INFO Write 'admin' in element password
14:08:44.598 INFO Click login_button
14:08:44.932 INFO Random value generated: rogez
14:08:44.933 INFO Store value rogez in key page_name
14:08:45.059 INFO Click None
14:08:49.336 INFO Take screenshot error
14:08:49.546 ERROR An error ocurred:
Traceback (most recent call last):
  File "/Users/lucianofeo/Desktop/golem/src/golem/test_runner/test_runner.py", line 114, in run_test
    test_module.test(execution.data)
  File "/Users/lucianofeo/Desktop/golem/example/projects/golem/tests/project/add_page.py", line 18, in test
    project.add_page(data.page_name)
  File "/Users/lucianofeo/Desktop/golem/example/projects/golem/pages/project.py", line 42, in add_page
    actions.send_keys(add_page_input, page_name)
  File "/Users/lucianofeo/Desktop/golem/src/golem/actions.py", line 234, in send_keys
    webelement.send_keys(text)
  File "/Users/lucianofeo/Desktop/golem/env/lib/python3.6/site-packages/selenium-3.6.0-py3.6.egg/selenium/webdriver/remote/webelement.py", line 352, in send_keys
    'value': keys_to_typing(value)})
  File "/Users/lucianofeo/Desktop/golem/env/lib/python3.6/site-packages/selenium-3.6.0-py3.6.egg/selenium/webdriver/remote/webelement.py", line 501, in _execute
    return self._parent.execute(command, params)
  File "/Users/lucianofeo/Desktop/golem/env/lib/python3.6/site-packages/selenium-3.6.0-py3.6.egg/selenium/webdriver/remote/webdriver.py", line 308, in execute
    self.error_handler.check_response(response)
  File "/Users/lucianofeo/Desktop/golem/env/lib/python3.6/site-packages/selenium-3.6.0-py3.6.egg/selenium/webdriver/remote/errorhandler.py", line 194, in check_response
    raise exception_class(message, screen, stacktrace)
selenium.common.exceptions.ElementNotInteractableException: Message: Element is not visible

14:08:49.547 INFO Close driver
